ERROR - 2021-07-02 13:17:09 --> Error connecting to the database: Nenhuma conexão pôde ser feita porque a máquina de destino as recusou ativamente.

CRITICAL - 2021-07-02 13:17:09 --> Unable to connect to the database.
Main connection [MySQLi]: Nenhuma conexão pôde ser feita porque a máquina de destino as recusou ativamente.

#0 D:\Projeto\www\CentroIntegradoPesquisa\system\Database\BaseConnection.php(625): CodeIgniter\Database\BaseConnection->initialize()
#1 D:\Projeto\www\CentroIntegradoPesquisa\system\Database\BaseBuilder.php(1881): CodeIgniter\Database\BaseConnection->query('SELECT *\nFROM `...', Array, false)
#2 D:\Projeto\www\CentroIntegradoPesquisa\system\Model.php(197): CodeIgniter\Database\BaseBuilder->get()
#3 D:\Projeto\www\CentroIntegradoPesquisa\system\BaseModel.php(603): CodeIgniter\Model->doFindAll(0, 0)
#4 D:\Projeto\www\CentroIntegradoPesquisa\app\Models\Socials.php(188): CodeIgniter\BaseModel->findAll()
#5 D:\Projeto\www\CentroIntegradoPesquisa\app\Models\Socials.php(118): App\Models\Socials->login_local(Array)
#6 D:\Projeto\www\CentroIntegradoPesquisa\app\Controllers\Main.php(44): App\Models\Socials->index('login_local', '', Array, '<!-- DEBUG-VIEW...')
#7 D:\Projeto\www\CentroIntegradoPesquisa\system\CodeIgniter.php(928): App\Controllers\Main->social('login_local')
#8 D:\Projeto\www\CentroIntegradoPesquisa\system\CodeIgniter.php(436): CodeIgniter\CodeIgniter->runController(Object(App\Controllers\Main))
#9 D:\Projeto\www\CentroIntegradoPesquisa\system\CodeIgniter.php(336): CodeIgniter\CodeIgniter->handleRequest(NULL, Object(Config\Cache), false)
#10 D:\Projeto\www\CentroIntegradoPesquisa\public\index.php(37): CodeIgniter\CodeIgniter->run()
#11 D:\Projeto\www\CentroIntegradoPesquisa\system\Commands\Server\rewrite.php(45): require_once('D:\\Projeto\\www\\...')
#12 {main}
CRITICAL - 2021-07-02 13:20:54 --> Undefined property: App\Controllers\Main::$Ddi
#0 D:\Projeto\www\CentroIntegradoPesquisa\app\Controllers\Main.php(53): CodeIgniter\Debug\Exceptions->errorHandler(8, 'Undefined prope...', 'D:\\Projeto\\www\\...', 53, Array)
#1 D:\Projeto\www\CentroIntegradoPesquisa\system\CodeIgniter.php(928): App\Controllers\Main->ddi()
#2 D:\Projeto\www\CentroIntegradoPesquisa\system\CodeIgniter.php(436): CodeIgniter\CodeIgniter->runController(Object(App\Controllers\Main))
#3 D:\Projeto\www\CentroIntegradoPesquisa\system\CodeIgniter.php(336): CodeIgniter\CodeIgniter->handleRequest(NULL, Object(Config\Cache), false)
#4 D:\Projeto\www\CentroIntegradoPesquisa\public\index.php(37): CodeIgniter\CodeIgniter->run()
#5 D:\Projeto\www\CentroIntegradoPesquisa\system\Commands\Server\rewrite.php(45): require_once('D:\\Projeto\\www\\...')
#6 {main}
CRITICAL - 2021-07-02 13:27:47 --> syntax error, unexpected '$this' (T_VARIABLE), expecting case (T_CASE) or default (T_DEFAULT) or '}'
#0 D:\Projeto\www\CentroIntegradoPesquisa\system\Autoloader\Autoloader.php(273): CodeIgniter\Autoloader\Autoloader->includeFile('D:\\Projeto\\www\\...')
#1 D:\Projeto\www\CentroIntegradoPesquisa\system\Autoloader\Autoloader.php(247): CodeIgniter\Autoloader\Autoloader->loadInNamespace('App\\Models\\Ddi')
#2 [internal function]: CodeIgniter\Autoloader\Autoloader->loadClass('App\\Models\\Ddi')
#3 D:\Projeto\www\CentroIntegradoPesquisa\app\Controllers\Main.php(15): spl_autoload_call('App\\Models\\Ddi')
#4 D:\Projeto\www\CentroIntegradoPesquisa\system\CodeIgniter.php(900): App\Controllers\Main->__construct()
#5 D:\Projeto\www\CentroIntegradoPesquisa\system\CodeIgniter.php(426): CodeIgniter\CodeIgniter->createController()
#6 D:\Projeto\www\CentroIntegradoPesquisa\system\CodeIgniter.php(336): CodeIgniter\CodeIgniter->handleRequest(NULL, Object(Config\Cache), false)
#7 D:\Projeto\www\CentroIntegradoPesquisa\public\index.php(37): CodeIgniter\CodeIgniter->run()
#8 D:\Projeto\www\CentroIntegradoPesquisa\system\Commands\Server\rewrite.php(45): require_once('D:\\Projeto\\www\\...')
#9 {main}
CRITICAL - 2021-07-02 13:28:22 --> Call to undefined function App\Models\dircheck()
#0 D:\Projeto\www\CentroIntegradoPesquisa\app\Models\Ddi.php(49): App\Models\Ddi->ddi_xml()
#1 D:\Projeto\www\CentroIntegradoPesquisa\app\Controllers\Main.php(54): App\Models\Ddi->index(Array, '', '', '', '', '')
#2 D:\Projeto\www\CentroIntegradoPesquisa\system\CodeIgniter.php(928): App\Controllers\Main->ddi()
#3 D:\Projeto\www\CentroIntegradoPesquisa\system\CodeIgniter.php(436): CodeIgniter\CodeIgniter->runController(Object(App\Controllers\Main))
#4 D:\Projeto\www\CentroIntegradoPesquisa\system\CodeIgniter.php(336): CodeIgniter\CodeIgniter->handleRequest(NULL, Object(Config\Cache), false)
#5 D:\Projeto\www\CentroIntegradoPesquisa\public\index.php(37): CodeIgniter\CodeIgniter->run()
#6 D:\Projeto\www\CentroIntegradoPesquisa\system\Commands\Server\rewrite.php(45): require_once('D:\\Projeto\\www\\...')
#7 {main}
CRITICAL - 2021-07-02 13:32:05 --> syntax error, unexpected '='
#0 D:\Projeto\www\CentroIntegradoPesquisa\system\Autoloader\Autoloader.php(273): CodeIgniter\Autoloader\Autoloader->includeFile('D:\\Projeto\\www\\...')
#1 D:\Projeto\www\CentroIntegradoPesquisa\system\Autoloader\Autoloader.php(247): CodeIgniter\Autoloader\Autoloader->loadInNamespace('App\\Models\\Ddi')
#2 [internal function]: CodeIgniter\Autoloader\Autoloader->loadClass('App\\Models\\Ddi')
#3 D:\Projeto\www\CentroIntegradoPesquisa\app\Controllers\Main.php(15): spl_autoload_call('App\\Models\\Ddi')
#4 D:\Projeto\www\CentroIntegradoPesquisa\system\CodeIgniter.php(900): App\Controllers\Main->__construct()
#5 D:\Projeto\www\CentroIntegradoPesquisa\system\CodeIgniter.php(426): CodeIgniter\CodeIgniter->createController()
#6 D:\Projeto\www\CentroIntegradoPesquisa\system\CodeIgniter.php(336): CodeIgniter\CodeIgniter->handleRequest(NULL, Object(Config\Cache), false)
#7 D:\Projeto\www\CentroIntegradoPesquisa\public\index.php(37): CodeIgniter\CodeIgniter->run()
#8 D:\Projeto\www\CentroIntegradoPesquisa\system\Commands\Server\rewrite.php(45): require_once('D:\\Projeto\\www\\...')
#9 {main}
CRITICAL - 2021-07-02 13:34:40 --> Undefined variable: m
#0 D:\Projeto\www\CentroIntegradoPesquisa\app\Models\Ddi.php(61): CodeIgniter\Debug\Exceptions->errorHandler(8, 'Undefined varia...', 'D:\\Projeto\\www\\...', 61, Array)
#1 D:\Projeto\www\CentroIntegradoPesquisa\app\Models\Ddi.php(49): App\Models\Ddi->ddi_xml()
#2 D:\Projeto\www\CentroIntegradoPesquisa\app\Controllers\Main.php(54): App\Models\Ddi->index(Array, '', '', '', '', '')
#3 D:\Projeto\www\CentroIntegradoPesquisa\system\CodeIgniter.php(928): App\Controllers\Main->ddi()
#4 D:\Projeto\www\CentroIntegradoPesquisa\system\CodeIgniter.php(436): CodeIgniter\CodeIgniter->runController(Object(App\Controllers\Main))
#5 D:\Projeto\www\CentroIntegradoPesquisa\system\CodeIgniter.php(336): CodeIgniter\CodeIgniter->handleRequest(NULL, Object(Config\Cache), false)
#6 D:\Projeto\www\CentroIntegradoPesquisa\public\index.php(37): CodeIgniter\CodeIgniter->run()
#7 D:\Projeto\www\CentroIntegradoPesquisa\system\Commands\Server\rewrite.php(45): require_once('D:\\Projeto\\www\\...')
#8 {main}
CRITICAL - 2021-07-02 13:46:36 --> Undefined variable: distStmt
#0 D:\Projeto\www\CentroIntegradoPesquisa\app\Models\Ddi.php(106): CodeIgniter\Debug\Exceptions->errorHandler(8, 'Undefined varia...', 'D:\\Projeto\\www\\...', 106, Array)
#1 D:\Projeto\www\CentroIntegradoPesquisa\app\Models\Ddi.php(82): App\Models\Ddi->ddi_citation(Object(SimpleXMLElement))
#2 D:\Projeto\www\CentroIntegradoPesquisa\app\Models\Ddi.php(49): App\Models\Ddi->ddi_xml()
#3 D:\Projeto\www\CentroIntegradoPesquisa\app\Controllers\Main.php(54): App\Models\Ddi->index(Array, '', '', '', '', '')
#4 D:\Projeto\www\CentroIntegradoPesquisa\system\CodeIgniter.php(928): App\Controllers\Main->ddi()
#5 D:\Projeto\www\CentroIntegradoPesquisa\system\CodeIgniter.php(436): CodeIgniter\CodeIgniter->runController(Object(App\Controllers\Main))
#6 D:\Projeto\www\CentroIntegradoPesquisa\system\CodeIgniter.php(336): CodeIgniter\CodeIgniter->handleRequest(NULL, Object(Config\Cache), false)
#7 D:\Projeto\www\CentroIntegradoPesquisa\public\index.php(37): CodeIgniter\CodeIgniter->run()
#8 D:\Projeto\www\CentroIntegradoPesquisa\system\Commands\Server\rewrite.php(45): require_once('D:\\Projeto\\www\\...')
#9 {main}
CRITICAL - 2021-07-02 14:22:43 --> syntax error, unexpected '$sx' (T_VARIABLE)
#0 D:\Projeto\www\CentroIntegradoPesquisa\system\Autoloader\Autoloader.php(273): CodeIgniter\Autoloader\Autoloader->includeFile('D:\\Projeto\\www\\...')
#1 D:\Projeto\www\CentroIntegradoPesquisa\system\Autoloader\Autoloader.php(247): CodeIgniter\Autoloader\Autoloader->loadInNamespace('App\\Models\\Ddi')
#2 [internal function]: CodeIgniter\Autoloader\Autoloader->loadClass('App\\Models\\Ddi')
#3 D:\Projeto\www\CentroIntegradoPesquisa\app\Controllers\Main.php(15): spl_autoload_call('App\\Models\\Ddi')
#4 D:\Projeto\www\CentroIntegradoPesquisa\system\CodeIgniter.php(900): App\Controllers\Main->__construct()
#5 D:\Projeto\www\CentroIntegradoPesquisa\system\CodeIgniter.php(426): CodeIgniter\CodeIgniter->createController()
#6 D:\Projeto\www\CentroIntegradoPesquisa\system\CodeIgniter.php(336): CodeIgniter\CodeIgniter->handleRequest(NULL, Object(Config\Cache), false)
#7 D:\Projeto\www\CentroIntegradoPesquisa\public\index.php(37): CodeIgniter\CodeIgniter->run()
#8 D:\Projeto\www\CentroIntegradoPesquisa\system\Commands\Server\rewrite.php(45): require_once('D:\\Projeto\\www\\...')
#9 {main}
CRITICAL - 2021-07-02 14:28:58 --> syntax error, unexpected '@', expecting ')'
#0 D:\Projeto\www\CentroIntegradoPesquisa\system\Autoloader\Autoloader.php(273): CodeIgniter\Autoloader\Autoloader->includeFile('D:\\Projeto\\www\\...')
#1 D:\Projeto\www\CentroIntegradoPesquisa\system\Autoloader\Autoloader.php(247): CodeIgniter\Autoloader\Autoloader->loadInNamespace('App\\Models\\Ddi')
#2 [internal function]: CodeIgniter\Autoloader\Autoloader->loadClass('App\\Models\\Ddi')
#3 D:\Projeto\www\CentroIntegradoPesquisa\app\Controllers\Main.php(15): spl_autoload_call('App\\Models\\Ddi')
#4 D:\Projeto\www\CentroIntegradoPesquisa\system\CodeIgniter.php(900): App\Controllers\Main->__construct()
#5 D:\Projeto\www\CentroIntegradoPesquisa\system\CodeIgniter.php(426): CodeIgniter\CodeIgniter->createController()
#6 D:\Projeto\www\CentroIntegradoPesquisa\system\CodeIgniter.php(336): CodeIgniter\CodeIgniter->handleRequest(NULL, Object(Config\Cache), false)
#7 D:\Projeto\www\CentroIntegradoPesquisa\public\index.php(37): CodeIgniter\CodeIgniter->run()
#8 D:\Projeto\www\CentroIntegradoPesquisa\system\Commands\Server\rewrite.php(45): require_once('D:\\Projeto\\www\\...')
#9 {main}
CRITICAL - 2021-07-02 14:30:48 --> Undefined variable: atts_object
#0 D:\Projeto\www\CentroIntegradoPesquisa\app\Models\Ddi.php(130): CodeIgniter\Debug\Exceptions->errorHandler(8, 'Undefined varia...', 'D:\\Projeto\\www\\...', 130, Array)
#1 D:\Projeto\www\CentroIntegradoPesquisa\app\Models\Ddi.php(83): App\Models\Ddi->ddi_citation(Object(SimpleXMLElement))
#2 D:\Projeto\www\CentroIntegradoPesquisa\app\Models\Ddi.php(49): App\Models\Ddi->ddi_xml()
#3 D:\Projeto\www\CentroIntegradoPesquisa\app\Controllers\Main.php(54): App\Models\Ddi->index(Array, '', '', '', '', '')
#4 D:\Projeto\www\CentroIntegradoPesquisa\system\CodeIgniter.php(928): App\Controllers\Main->ddi()
#5 D:\Projeto\www\CentroIntegradoPesquisa\system\CodeIgniter.php(436): CodeIgniter\CodeIgniter->runController(Object(App\Controllers\Main))
#6 D:\Projeto\www\CentroIntegradoPesquisa\system\CodeIgniter.php(336): CodeIgniter\CodeIgniter->handleRequest(NULL, Object(Config\Cache), false)
#7 D:\Projeto\www\CentroIntegradoPesquisa\public\index.php(37): CodeIgniter\CodeIgniter->run()
#8 D:\Projeto\www\CentroIntegradoPesquisa\system\Commands\Server\rewrite.php(45): require_once('D:\\Projeto\\www\\...')
#9 {main}
CRITICAL - 2021-07-02 14:31:31 --> Undefined class constant 'attributes'
#0 D:\Projeto\www\CentroIntegradoPesquisa\app\Models\Ddi.php(83): App\Models\Ddi->ddi_citation(Object(SimpleXMLElement))
#1 D:\Projeto\www\CentroIntegradoPesquisa\app\Models\Ddi.php(49): App\Models\Ddi->ddi_xml()
#2 D:\Projeto\www\CentroIntegradoPesquisa\app\Controllers\Main.php(54): App\Models\Ddi->index(Array, '', '', '', '', '')
#3 D:\Projeto\www\CentroIntegradoPesquisa\system\CodeIgniter.php(928): App\Controllers\Main->ddi()
#4 D:\Projeto\www\CentroIntegradoPesquisa\system\CodeIgniter.php(436): CodeIgniter\CodeIgniter->runController(Object(App\Controllers\Main))
#5 D:\Projeto\www\CentroIntegradoPesquisa\system\CodeIgniter.php(336): CodeIgniter\CodeIgniter->handleRequest(NULL, Object(Config\Cache), false)
#6 D:\Projeto\www\CentroIntegradoPesquisa\public\index.php(37): CodeIgniter\CodeIgniter->run()
#7 D:\Projeto\www\CentroIntegradoPesquisa\system\Commands\Server\rewrite.php(45): require_once('D:\\Projeto\\www\\...')
#8 {main}
CRITICAL - 2021-07-02 14:31:47 --> Undefined class constant 'attributes'
#0 D:\Projeto\www\CentroIntegradoPesquisa\app\Models\Ddi.php(83): App\Models\Ddi->ddi_citation(Object(SimpleXMLElement))
#1 D:\Projeto\www\CentroIntegradoPesquisa\app\Models\Ddi.php(49): App\Models\Ddi->ddi_xml()
#2 D:\Projeto\www\CentroIntegradoPesquisa\app\Controllers\Main.php(54): App\Models\Ddi->index(Array, '', '', '', '', '')
#3 D:\Projeto\www\CentroIntegradoPesquisa\system\CodeIgniter.php(928): App\Controllers\Main->ddi()
#4 D:\Projeto\www\CentroIntegradoPesquisa\system\CodeIgniter.php(436): CodeIgniter\CodeIgniter->runController(Object(App\Controllers\Main))
#5 D:\Projeto\www\CentroIntegradoPesquisa\system\CodeIgniter.php(336): CodeIgniter\CodeIgniter->handleRequest(NULL, Object(Config\Cache), false)
#6 D:\Projeto\www\CentroIntegradoPesquisa\public\index.php(37): CodeIgniter\CodeIgniter->run()
#7 D:\Projeto\www\CentroIntegradoPesquisa\system\Commands\Server\rewrite.php(45): require_once('D:\\Projeto\\www\\...')
#8 {main}
CRITICAL - 2021-07-02 14:33:21 --> syntax error, unexpected 'echo' (T_ECHO)
#0 D:\Projeto\www\CentroIntegradoPesquisa\system\Autoloader\Autoloader.php(273): CodeIgniter\Autoloader\Autoloader->includeFile('D:\\Projeto\\www\\...')
#1 D:\Projeto\www\CentroIntegradoPesquisa\system\Autoloader\Autoloader.php(247): CodeIgniter\Autoloader\Autoloader->loadInNamespace('App\\Models\\Ddi')
#2 [internal function]: CodeIgniter\Autoloader\Autoloader->loadClass('App\\Models\\Ddi')
#3 D:\Projeto\www\CentroIntegradoPesquisa\app\Controllers\Main.php(15): spl_autoload_call('App\\Models\\Ddi')
#4 D:\Projeto\www\CentroIntegradoPesquisa\system\CodeIgniter.php(900): App\Controllers\Main->__construct()
#5 D:\Projeto\www\CentroIntegradoPesquisa\system\CodeIgniter.php(426): CodeIgniter\CodeIgniter->createController()
#6 D:\Projeto\www\CentroIntegradoPesquisa\system\CodeIgniter.php(336): CodeIgniter\CodeIgniter->handleRequest(NULL, Object(Config\Cache), false)
#7 D:\Projeto\www\CentroIntegradoPesquisa\public\index.php(37): CodeIgniter\CodeIgniter->run()
#8 D:\Projeto\www\CentroIntegradoPesquisa\system\Commands\Server\rewrite.php(45): require_once('D:\\Projeto\\www\\...')
#9 {main}
CRITICAL - 2021-07-02 14:33:41 --> syntax error, unexpected 'print_r' (T_STRING)
#0 D:\Projeto\www\CentroIntegradoPesquisa\system\Autoloader\Autoloader.php(273): CodeIgniter\Autoloader\Autoloader->includeFile('D:\\Projeto\\www\\...')
#1 D:\Projeto\www\CentroIntegradoPesquisa\system\Autoloader\Autoloader.php(247): CodeIgniter\Autoloader\Autoloader->loadInNamespace('App\\Models\\Ddi')
#2 [internal function]: CodeIgniter\Autoloader\Autoloader->loadClass('App\\Models\\Ddi')
#3 D:\Projeto\www\CentroIntegradoPesquisa\app\Controllers\Main.php(15): spl_autoload_call('App\\Models\\Ddi')
#4 D:\Projeto\www\CentroIntegradoPesquisa\system\CodeIgniter.php(900): App\Controllers\Main->__construct()
#5 D:\Projeto\www\CentroIntegradoPesquisa\system\CodeIgniter.php(426): CodeIgniter\CodeIgniter->createController()
#6 D:\Projeto\www\CentroIntegradoPesquisa\system\CodeIgniter.php(336): CodeIgniter\CodeIgniter->handleRequest(NULL, Object(Config\Cache), false)
#7 D:\Projeto\www\CentroIntegradoPesquisa\public\index.php(37): CodeIgniter\CodeIgniter->run()
#8 D:\Projeto\www\CentroIntegradoPesquisa\system\Commands\Server\rewrite.php(45): require_once('D:\\Projeto\\www\\...')
#9 {main}
CRITICAL - 2021-07-02 14:34:18 --> Trying to get property 'source' of non-object
#0 D:\Projeto\www\CentroIntegradoPesquisa\app\Models\Ddi.php(128): CodeIgniter\Debug\Exceptions->errorHandler(8, 'Trying to get p...', 'D:\\Projeto\\www\\...', 128, Array)
#1 D:\Projeto\www\CentroIntegradoPesquisa\app\Models\Ddi.php(83): App\Models\Ddi->ddi_citation(Object(SimpleXMLElement))
#2 D:\Projeto\www\CentroIntegradoPesquisa\app\Models\Ddi.php(49): App\Models\Ddi->ddi_xml()
#3 D:\Projeto\www\CentroIntegradoPesquisa\app\Controllers\Main.php(54): App\Models\Ddi->index(Array, '', '', '', '', '')
#4 D:\Projeto\www\CentroIntegradoPesquisa\system\CodeIgniter.php(928): App\Controllers\Main->ddi()
#5 D:\Projeto\www\CentroIntegradoPesquisa\system\CodeIgniter.php(436): CodeIgniter\CodeIgniter->runController(Object(App\Controllers\Main))
#6 D:\Projeto\www\CentroIntegradoPesquisa\system\CodeIgniter.php(336): CodeIgniter\CodeIgniter->handleRequest(NULL, Object(Config\Cache), false)
#7 D:\Projeto\www\CentroIntegradoPesquisa\public\index.php(37): CodeIgniter\CodeIgniter->run()
#8 D:\Projeto\www\CentroIntegradoPesquisa\system\Commands\Server\rewrite.php(45): require_once('D:\\Projeto\\www\\...')
#9 {main}
CRITICAL - 2021-07-02 15:05:29 --> Undefined variable: sx
#0 D:\Projeto\www\CentroIntegradoPesquisa\app\Models\Ddi.php(87): CodeIgniter\Debug\Exceptions->errorHandler(8, 'Undefined varia...', 'D:\\Projeto\\www\\...', 87, Array)
#1 D:\Projeto\www\CentroIntegradoPesquisa\app\Models\Ddi.php(49): App\Models\Ddi->ddi_xml()
#2 D:\Projeto\www\CentroIntegradoPesquisa\app\Controllers\Main.php(54): App\Models\Ddi->index(Array, '', '', '', '', '')
#3 D:\Projeto\www\CentroIntegradoPesquisa\system\CodeIgniter.php(928): App\Controllers\Main->ddi()
#4 D:\Projeto\www\CentroIntegradoPesquisa\system\CodeIgniter.php(436): CodeIgniter\CodeIgniter->runController(Object(App\Controllers\Main))
#5 D:\Projeto\www\CentroIntegradoPesquisa\system\CodeIgniter.php(336): CodeIgniter\CodeIgniter->handleRequest(NULL, Object(Config\Cache), false)
#6 D:\Projeto\www\CentroIntegradoPesquisa\public\index.php(37): CodeIgniter\CodeIgniter->run()
#7 D:\Projeto\www\CentroIntegradoPesquisa\system\Commands\Server\rewrite.php(45): require_once('D:\\Projeto\\www\\...')
#8 {main}
CRITICAL - 2021-07-02 15:13:26 --> Trying to get property 'titlStmt' of non-object
#0 D:\Projeto\www\CentroIntegradoPesquisa\app\Models\Ddi.php(110): CodeIgniter\Debug\Exceptions->errorHandler(8, 'Trying to get p...', 'D:\\Projeto\\www\\...', 110, Array)
#1 D:\Projeto\www\CentroIntegradoPesquisa\app\Models\Ddi.php(94): App\Models\Ddi->ddi_study_citation(Array)
#2 D:\Projeto\www\CentroIntegradoPesquisa\app\Models\Ddi.php(87): App\Models\Ddi->ddi_study(Object(SimpleXMLElement))
#3 D:\Projeto\www\CentroIntegradoPesquisa\app\Models\Ddi.php(49): App\Models\Ddi->ddi_xml()
#4 D:\Projeto\www\CentroIntegradoPesquisa\app\Controllers\Main.php(54): App\Models\Ddi->index(Array, '', '', '', '', '')
#5 D:\Projeto\www\CentroIntegradoPesquisa\system\CodeIgniter.php(928): App\Controllers\Main->ddi()
#6 D:\Projeto\www\CentroIntegradoPesquisa\system\CodeIgniter.php(436): CodeIgniter\CodeIgniter->runController(Object(App\Controllers\Main))
#7 D:\Projeto\www\CentroIntegradoPesquisa\system\CodeIgniter.php(336): CodeIgniter\CodeIgniter->handleRequest(NULL, Object(Config\Cache), false)
#8 D:\Projeto\www\CentroIntegradoPesquisa\public\index.php(37): CodeIgniter\CodeIgniter->run()
#9 D:\Projeto\www\CentroIntegradoPesquisa\system\Commands\Server\rewrite.php(45): require_once('D:\\Projeto\\www\\...')
#10 {main}
CRITICAL - 2021-07-02 15:31:21 --> Invalid argument supplied for foreach()
#0 D:\Projeto\www\CentroIntegradoPesquisa\app\Models\Ddi.php(107): CodeIgniter\Debug\Exceptions->errorHandler(2, 'Invalid argumen...', 'D:\\Projeto\\www\\...', 107, Array)
#1 D:\Projeto\www\CentroIntegradoPesquisa\app\Models\Ddi.php(94): App\Models\Ddi->ddi_study_citation(Array)
#2 D:\Projeto\www\CentroIntegradoPesquisa\app\Models\Ddi.php(87): App\Models\Ddi->ddi_study(Object(SimpleXMLElement))
#3 D:\Projeto\www\CentroIntegradoPesquisa\app\Models\Ddi.php(49): App\Models\Ddi->ddi_xml()
#4 D:\Projeto\www\CentroIntegradoPesquisa\app\Controllers\Main.php(54): App\Models\Ddi->index(Array, '', '', '', '', '')
#5 D:\Projeto\www\CentroIntegradoPesquisa\system\CodeIgniter.php(928): App\Controllers\Main->ddi()
#6 D:\Projeto\www\CentroIntegradoPesquisa\system\CodeIgniter.php(436): CodeIgniter\CodeIgniter->runController(Object(App\Controllers\Main))
#7 D:\Projeto\www\CentroIntegradoPesquisa\system\CodeIgniter.php(336): CodeIgniter\CodeIgniter->handleRequest(NULL, Object(Config\Cache), false)
#8 D:\Projeto\www\CentroIntegradoPesquisa\public\index.php(37): CodeIgniter\CodeIgniter->run()
#9 D:\Projeto\www\CentroIntegradoPesquisa\system\Commands\Server\rewrite.php(45): require_once('D:\\Projeto\\www\\...')
#10 {main}
CRITICAL - 2021-07-02 15:32:03 --> Trying to get property 'titlStmt' of non-object
#0 D:\Projeto\www\CentroIntegradoPesquisa\app\Models\Ddi.php(114): CodeIgniter\Debug\Exceptions->errorHandler(8, 'Trying to get p...', 'D:\\Projeto\\www\\...', 114, Array)
#1 D:\Projeto\www\CentroIntegradoPesquisa\app\Models\Ddi.php(94): App\Models\Ddi->ddi_study_citation(Array)
#2 D:\Projeto\www\CentroIntegradoPesquisa\app\Models\Ddi.php(87): App\Models\Ddi->ddi_study(Object(SimpleXMLElement))
#3 D:\Projeto\www\CentroIntegradoPesquisa\app\Models\Ddi.php(49): App\Models\Ddi->ddi_xml()
#4 D:\Projeto\www\CentroIntegradoPesquisa\app\Controllers\Main.php(54): App\Models\Ddi->index(Array, '', '', '', '', '')
#5 D:\Projeto\www\CentroIntegradoPesquisa\system\CodeIgniter.php(928): App\Controllers\Main->ddi()
#6 D:\Projeto\www\CentroIntegradoPesquisa\system\CodeIgniter.php(436): CodeIgniter\CodeIgniter->runController(Object(App\Controllers\Main))
#7 D:\Projeto\www\CentroIntegradoPesquisa\system\CodeIgniter.php(336): CodeIgniter\CodeIgniter->handleRequest(NULL, Object(Config\Cache), false)
#8 D:\Projeto\www\CentroIntegradoPesquisa\public\index.php(37): CodeIgniter\CodeIgniter->run()
#9 D:\Projeto\www\CentroIntegradoPesquisa\system\Commands\Server\rewrite.php(45): require_once('D:\\Projeto\\www\\...')
#10 {main}
CRITICAL - 2021-07-02 15:32:28 --> Trying to get property '0' of non-object
#0 D:\Projeto\www\CentroIntegradoPesquisa\app\Models\Ddi.php(114): CodeIgniter\Debug\Exceptions->errorHandler(8, 'Trying to get p...', 'D:\\Projeto\\www\\...', 114, Array)
#1 D:\Projeto\www\CentroIntegradoPesquisa\app\Models\Ddi.php(94): App\Models\Ddi->ddi_study_citation(Array)
#2 D:\Projeto\www\CentroIntegradoPesquisa\app\Models\Ddi.php(87): App\Models\Ddi->ddi_study(Object(SimpleXMLElement))
#3 D:\Projeto\www\CentroIntegradoPesquisa\app\Models\Ddi.php(49): App\Models\Ddi->ddi_xml()
#4 D:\Projeto\www\CentroIntegradoPesquisa\app\Controllers\Main.php(54): App\Models\Ddi->index(Array, '', '', '', '', '')
#5 D:\Projeto\www\CentroIntegradoPesquisa\system\CodeIgniter.php(928): App\Controllers\Main->ddi()
#6 D:\Projeto\www\CentroIntegradoPesquisa\system\CodeIgniter.php(436): CodeIgniter\CodeIgniter->runController(Object(App\Controllers\Main))
#7 D:\Projeto\www\CentroIntegradoPesquisa\system\CodeIgniter.php(336): CodeIgniter\CodeIgniter->handleRequest(NULL, Object(Config\Cache), false)
#8 D:\Projeto\www\CentroIntegradoPesquisa\public\index.php(37): CodeIgniter\CodeIgniter->run()
#9 D:\Projeto\www\CentroIntegradoPesquisa\system\Commands\Server\rewrite.php(45): require_once('D:\\Projeto\\www\\...')
#10 {main}
CRITICAL - 2021-07-02 15:33:25 --> Trying to get property 'titlStmt' of non-object
#0 D:\Projeto\www\CentroIntegradoPesquisa\app\Models\Ddi.php(107): CodeIgniter\Debug\Exceptions->errorHandler(8, 'Trying to get p...', 'D:\\Projeto\\www\\...', 107, Array)
#1 D:\Projeto\www\CentroIntegradoPesquisa\app\Models\Ddi.php(94): App\Models\Ddi->ddi_study_citation(Array)
#2 D:\Projeto\www\CentroIntegradoPesquisa\app\Models\Ddi.php(87): App\Models\Ddi->ddi_study(Object(SimpleXMLElement))
#3 D:\Projeto\www\CentroIntegradoPesquisa\app\Models\Ddi.php(49): App\Models\Ddi->ddi_xml()
#4 D:\Projeto\www\CentroIntegradoPesquisa\app\Controllers\Main.php(54): App\Models\Ddi->index(Array, '', '', '', '', '')
#5 D:\Projeto\www\CentroIntegradoPesquisa\system\CodeIgniter.php(928): App\Controllers\Main->ddi()
#6 D:\Projeto\www\CentroIntegradoPesquisa\system\CodeIgniter.php(436): CodeIgniter\CodeIgniter->runController(Object(App\Controllers\Main))
#7 D:\Projeto\www\CentroIntegradoPesquisa\system\CodeIgniter.php(336): CodeIgniter\CodeIgniter->handleRequest(NULL, Object(Config\Cache), false)
#8 D:\Projeto\www\CentroIntegradoPesquisa\public\index.php(37): CodeIgniter\CodeIgniter->run()
#9 D:\Projeto\www\CentroIntegradoPesquisa\system\Commands\Server\rewrite.php(45): require_once('D:\\Projeto\\www\\...')
#10 {main}
CRITICAL - 2021-07-02 15:33:49 --> Trying to get property 'titlStmt' of non-object
#0 D:\Projeto\www\CentroIntegradoPesquisa\app\Models\Ddi.php(108): CodeIgniter\Debug\Exceptions->errorHandler(8, 'Trying to get p...', 'D:\\Projeto\\www\\...', 108, Array)
#1 D:\Projeto\www\CentroIntegradoPesquisa\app\Models\Ddi.php(94): App\Models\Ddi->ddi_study_citation(Array)
#2 D:\Projeto\www\CentroIntegradoPesquisa\app\Models\Ddi.php(87): App\Models\Ddi->ddi_study(Object(SimpleXMLElement))
#3 D:\Projeto\www\CentroIntegradoPesquisa\app\Models\Ddi.php(49): App\Models\Ddi->ddi_xml()
#4 D:\Projeto\www\CentroIntegradoPesquisa\app\Controllers\Main.php(54): App\Models\Ddi->index(Array, '', '', '', '', '')
#5 D:\Projeto\www\CentroIntegradoPesquisa\system\CodeIgniter.php(928): App\Controllers\Main->ddi()
#6 D:\Projeto\www\CentroIntegradoPesquisa\system\CodeIgniter.php(436): CodeIgniter\CodeIgniter->runController(Object(App\Controllers\Main))
#7 D:\Projeto\www\CentroIntegradoPesquisa\system\CodeIgniter.php(336): CodeIgniter\CodeIgniter->handleRequest(NULL, Object(Config\Cache), false)
#8 D:\Projeto\www\CentroIntegradoPesquisa\public\index.php(37): CodeIgniter\CodeIgniter->run()
#9 D:\Projeto\www\CentroIntegradoPesquisa\system\Commands\Server\rewrite.php(45): require_once('D:\\Projeto\\www\\...')
#10 {main}
CRITICAL - 2021-07-02 15:34:19 --> print_r() expects at least 1 parameter, 0 given
#0 [internal function]: CodeIgniter\Debug\Exceptions->errorHandler(2, 'print_r() expec...', 'D:\\Projeto\\www\\...', 108, Array)
#1 D:\Projeto\www\CentroIntegradoPesquisa\app\Models\Ddi.php(108): print_r()
#2 D:\Projeto\www\CentroIntegradoPesquisa\app\Models\Ddi.php(94): App\Models\Ddi->ddi_study_citation(Array)
#3 D:\Projeto\www\CentroIntegradoPesquisa\app\Models\Ddi.php(87): App\Models\Ddi->ddi_study(Object(SimpleXMLElement))
#4 D:\Projeto\www\CentroIntegradoPesquisa\app\Models\Ddi.php(49): App\Models\Ddi->ddi_xml()
#5 D:\Projeto\www\CentroIntegradoPesquisa\app\Controllers\Main.php(54): App\Models\Ddi->index(Array, '', '', '', '', '')
#6 D:\Projeto\www\CentroIntegradoPesquisa\system\CodeIgniter.php(928): App\Controllers\Main->ddi()
#7 D:\Projeto\www\CentroIntegradoPesquisa\system\CodeIgniter.php(436): CodeIgniter\CodeIgniter->runController(Object(App\Controllers\Main))
#8 D:\Projeto\www\CentroIntegradoPesquisa\system\CodeIgniter.php(336): CodeIgniter\CodeIgniter->handleRequest(NULL, Object(Config\Cache), false)
#9 D:\Projeto\www\CentroIntegradoPesquisa\public\index.php(37): CodeIgniter\CodeIgniter->run()
#10 D:\Projeto\www\CentroIntegradoPesquisa\system\Commands\Server\rewrite.php(45): require_once('D:\\Projeto\\www\\...')
#11 {main}
CRITICAL - 2021-07-02 15:34:44 --> print_r() expects at least 1 parameter, 0 given
#0 [internal function]: CodeIgniter\Debug\Exceptions->errorHandler(2, 'print_r() expec...', 'D:\\Projeto\\www\\...', 108, Array)
#1 D:\Projeto\www\CentroIntegradoPesquisa\app\Models\Ddi.php(108): print_r()
#2 D:\Projeto\www\CentroIntegradoPesquisa\app\Models\Ddi.php(94): App\Models\Ddi->ddi_study_citation(Array)
#3 D:\Projeto\www\CentroIntegradoPesquisa\app\Models\Ddi.php(87): App\Models\Ddi->ddi_study(Object(SimpleXMLElement))
#4 D:\Projeto\www\CentroIntegradoPesquisa\app\Models\Ddi.php(49): App\Models\Ddi->ddi_xml()
#5 D:\Projeto\www\CentroIntegradoPesquisa\app\Controllers\Main.php(54): App\Models\Ddi->index(Array, '', '', '', '', '')
#6 D:\Projeto\www\CentroIntegradoPesquisa\system\CodeIgniter.php(928): App\Controllers\Main->ddi()
#7 D:\Projeto\www\CentroIntegradoPesquisa\system\CodeIgniter.php(436): CodeIgniter\CodeIgniter->runController(Object(App\Controllers\Main))
#8 D:\Projeto\www\CentroIntegradoPesquisa\system\CodeIgniter.php(336): CodeIgniter\CodeIgniter->handleRequest(NULL, Object(Config\Cache), false)
#9 D:\Projeto\www\CentroIntegradoPesquisa\public\index.php(37): CodeIgniter\CodeIgniter->run()
#10 D:\Projeto\www\CentroIntegradoPesquisa\system\Commands\Server\rewrite.php(45): require_once('D:\\Projeto\\www\\...')
#11 {main}
CRITICAL - 2021-07-02 15:34:45 --> print_r() expects at least 1 parameter, 0 given
#0 [internal function]: CodeIgniter\Debug\Exceptions->errorHandler(2, 'print_r() expec...', 'D:\\Projeto\\www\\...', 108, Array)
#1 D:\Projeto\www\CentroIntegradoPesquisa\app\Models\Ddi.php(108): print_r()
#2 D:\Projeto\www\CentroIntegradoPesquisa\app\Models\Ddi.php(94): App\Models\Ddi->ddi_study_citation(Array)
#3 D:\Projeto\www\CentroIntegradoPesquisa\app\Models\Ddi.php(87): App\Models\Ddi->ddi_study(Object(SimpleXMLElement))
#4 D:\Projeto\www\CentroIntegradoPesquisa\app\Models\Ddi.php(49): App\Models\Ddi->ddi_xml()
#5 D:\Projeto\www\CentroIntegradoPesquisa\app\Controllers\Main.php(54): App\Models\Ddi->index(Array, '', '', '', '', '')
#6 D:\Projeto\www\CentroIntegradoPesquisa\system\CodeIgniter.php(928): App\Controllers\Main->ddi()
#7 D:\Projeto\www\CentroIntegradoPesquisa\system\CodeIgniter.php(436): CodeIgniter\CodeIgniter->runController(Object(App\Controllers\Main))
#8 D:\Projeto\www\CentroIntegradoPesquisa\system\CodeIgniter.php(336): CodeIgniter\CodeIgniter->handleRequest(NULL, Object(Config\Cache), false)
#9 D:\Projeto\www\CentroIntegradoPesquisa\public\index.php(37): CodeIgniter\CodeIgniter->run()
#10 D:\Projeto\www\CentroIntegradoPesquisa\system\Commands\Server\rewrite.php(45): require_once('D:\\Projeto\\www\\...')
#11 {main}
CRITICAL - 2021-07-02 15:36:37 --> Undefined variable: v2
#0 D:\Projeto\www\CentroIntegradoPesquisa\app\Models\Ddi.php(106): CodeIgniter\Debug\Exceptions->errorHandler(8, 'Undefined varia...', 'D:\\Projeto\\www\\...', 106, Array)
#1 D:\Projeto\www\CentroIntegradoPesquisa\app\Models\Ddi.php(94): App\Models\Ddi->ddi_study_citation(Array)
#2 D:\Projeto\www\CentroIntegradoPesquisa\app\Models\Ddi.php(87): App\Models\Ddi->ddi_study(Object(SimpleXMLElement))
#3 D:\Projeto\www\CentroIntegradoPesquisa\app\Models\Ddi.php(49): App\Models\Ddi->ddi_xml()
#4 D:\Projeto\www\CentroIntegradoPesquisa\app\Controllers\Main.php(54): App\Models\Ddi->index(Array, '', '', '', '', '')
#5 D:\Projeto\www\CentroIntegradoPesquisa\system\CodeIgniter.php(928): App\Controllers\Main->ddi()
#6 D:\Projeto\www\CentroIntegradoPesquisa\system\CodeIgniter.php(436): CodeIgniter\CodeIgniter->runController(Object(App\Controllers\Main))
#7 D:\Projeto\www\CentroIntegradoPesquisa\system\CodeIgniter.php(336): CodeIgniter\CodeIgniter->handleRequest(NULL, Object(Config\Cache), false)
#8 D:\Projeto\www\CentroIntegradoPesquisa\public\index.php(37): CodeIgniter\CodeIgniter->run()
#9 D:\Projeto\www\CentroIntegradoPesquisa\system\Commands\Server\rewrite.php(45): require_once('D:\\Projeto\\www\\...')
#10 {main}
CRITICAL - 2021-07-02 15:39:57 --> Array to string conversion
#0 D:\Projeto\www\CentroIntegradoPesquisa\app\Models\Ddi.php(114): CodeIgniter\Debug\Exceptions->errorHandler(8, 'Array to string...', 'D:\\Projeto\\www\\...', 114, Array)
#1 D:\Projeto\www\CentroIntegradoPesquisa\app\Models\Ddi.php(88): App\Models\Ddi->ddi_study_citation(Array, 'Information')
#2 D:\Projeto\www\CentroIntegradoPesquisa\app\Models\Ddi.php(49): App\Models\Ddi->ddi_xml()
#3 D:\Projeto\www\CentroIntegradoPesquisa\app\Controllers\Main.php(54): App\Models\Ddi->index(Array, '', '', '', '', '')
#4 D:\Projeto\www\CentroIntegradoPesquisa\system\CodeIgniter.php(928): App\Controllers\Main->ddi()
#5 D:\Projeto\www\CentroIntegradoPesquisa\system\CodeIgniter.php(436): CodeIgniter\CodeIgniter->runController(Object(App\Controllers\Main))
#6 D:\Projeto\www\CentroIntegradoPesquisa\system\CodeIgniter.php(336): CodeIgniter\CodeIgniter->handleRequest(NULL, Object(Config\Cache), false)
#7 D:\Projeto\www\CentroIntegradoPesquisa\public\index.php(37): CodeIgniter\CodeIgniter->run()
#8 D:\Projeto\www\CentroIntegradoPesquisa\system\Commands\Server\rewrite.php(45): require_once('D:\\Projeto\\www\\...')
#9 {main}
CRITICAL - 2021-07-02 16:04:37 --> syntax error, unexpected ';'
#0 D:\Projeto\www\CentroIntegradoPesquisa\system\Autoloader\Autoloader.php(273): CodeIgniter\Autoloader\Autoloader->includeFile('D:\\Projeto\\www\\...')
#1 D:\Projeto\www\CentroIntegradoPesquisa\system\Autoloader\Autoloader.php(247): CodeIgniter\Autoloader\Autoloader->loadInNamespace('App\\Models\\Ddi')
#2 [internal function]: CodeIgniter\Autoloader\Autoloader->loadClass('App\\Models\\Ddi')
#3 D:\Projeto\www\CentroIntegradoPesquisa\app\Controllers\Main.php(15): spl_autoload_call('App\\Models\\Ddi')
#4 D:\Projeto\www\CentroIntegradoPesquisa\system\CodeIgniter.php(900): App\Controllers\Main->__construct()
#5 D:\Projeto\www\CentroIntegradoPesquisa\system\CodeIgniter.php(426): CodeIgniter\CodeIgniter->createController()
#6 D:\Projeto\www\CentroIntegradoPesquisa\system\CodeIgniter.php(336): CodeIgniter\CodeIgniter->handleRequest(NULL, Object(Config\Cache), false)
#7 D:\Projeto\www\CentroIntegradoPesquisa\public\index.php(37): CodeIgniter\CodeIgniter->run()
#8 D:\Projeto\www\CentroIntegradoPesquisa\system\Commands\Server\rewrite.php(45): require_once('D:\\Projeto\\www\\...')
#9 {main}
CRITICAL - 2021-07-02 16:04:49 --> syntax error, unexpected ';'
#0 D:\Projeto\www\CentroIntegradoPesquisa\system\Autoloader\Autoloader.php(273): CodeIgniter\Autoloader\Autoloader->includeFile('D:\\Projeto\\www\\...')
#1 D:\Projeto\www\CentroIntegradoPesquisa\system\Autoloader\Autoloader.php(247): CodeIgniter\Autoloader\Autoloader->loadInNamespace('App\\Models\\Ddi')
#2 [internal function]: CodeIgniter\Autoloader\Autoloader->loadClass('App\\Models\\Ddi')
#3 D:\Projeto\www\CentroIntegradoPesquisa\app\Controllers\Main.php(15): spl_autoload_call('App\\Models\\Ddi')
#4 D:\Projeto\www\CentroIntegradoPesquisa\system\CodeIgniter.php(900): App\Controllers\Main->__construct()
#5 D:\Projeto\www\CentroIntegradoPesquisa\system\CodeIgniter.php(426): CodeIgniter\CodeIgniter->createController()
#6 D:\Projeto\www\CentroIntegradoPesquisa\system\CodeIgniter.php(336): CodeIgniter\CodeIgniter->handleRequest(NULL, Object(Config\Cache), false)
#7 D:\Projeto\www\CentroIntegradoPesquisa\public\index.php(37): CodeIgniter\CodeIgniter->run()
#8 D:\Projeto\www\CentroIntegradoPesquisa\system\Commands\Server\rewrite.php(45): require_once('D:\\Projeto\\www\\...')
#9 {main}
CRITICAL - 2021-07-02 16:07:45 --> Trying to get property 'ID' of non-object
#0 D:\Projeto\www\CentroIntegradoPesquisa\app\Models\Ddi.php(109): CodeIgniter\Debug\Exceptions->errorHandler(8, 'Trying to get p...', 'D:\\Projeto\\www\\...', 109, Array)
#1 D:\Projeto\www\CentroIntegradoPesquisa\app\Models\Ddi.php(90): App\Models\Ddi->ddi_files(Object(SimpleXMLElement), 'Dados dos Arqui...')
#2 D:\Projeto\www\CentroIntegradoPesquisa\app\Models\Ddi.php(49): App\Models\Ddi->ddi_xml()
#3 D:\Projeto\www\CentroIntegradoPesquisa\app\Controllers\Main.php(54): App\Models\Ddi->index(Array, '', '', '', '', '')
#4 D:\Projeto\www\CentroIntegradoPesquisa\system\CodeIgniter.php(928): App\Controllers\Main->ddi()
#5 D:\Projeto\www\CentroIntegradoPesquisa\system\CodeIgniter.php(436): CodeIgniter\CodeIgniter->runController(Object(App\Controllers\Main))
#6 D:\Projeto\www\CentroIntegradoPesquisa\system\CodeIgniter.php(336): CodeIgniter\CodeIgniter->handleRequest(NULL, Object(Config\Cache), false)
#7 D:\Projeto\www\CentroIntegradoPesquisa\public\index.php(37): CodeIgniter\CodeIgniter->run()
#8 D:\Projeto\www\CentroIntegradoPesquisa\system\Commands\Server\rewrite.php(45): require_once('D:\\Projeto\\www\\...')
#9 {main}
CRITICAL - 2021-07-02 16:07:59 --> Trying to get property 'name' of non-object
#0 D:\Projeto\www\CentroIntegradoPesquisa\app\Models\Ddi.php(112): CodeIgniter\Debug\Exceptions->errorHandler(8, 'Trying to get p...', 'D:\\Projeto\\www\\...', 112, Array)
#1 D:\Projeto\www\CentroIntegradoPesquisa\app\Models\Ddi.php(90): App\Models\Ddi->ddi_files(Object(SimpleXMLElement), 'Dados dos Arqui...')
#2 D:\Projeto\www\CentroIntegradoPesquisa\app\Models\Ddi.php(49): App\Models\Ddi->ddi_xml()
#3 D:\Projeto\www\CentroIntegradoPesquisa\app\Controllers\Main.php(54): App\Models\Ddi->index(Array, '', '', '', '', '')
#4 D:\Projeto\www\CentroIntegradoPesquisa\system\CodeIgniter.php(928): App\Controllers\Main->ddi()
#5 D:\Projeto\www\CentroIntegradoPesquisa\system\CodeIgniter.php(436): CodeIgniter\CodeIgniter->runController(Object(App\Controllers\Main))
#6 D:\Projeto\www\CentroIntegradoPesquisa\system\CodeIgniter.php(336): CodeIgniter\CodeIgniter->handleRequest(NULL, Object(Config\Cache), false)
#7 D:\Projeto\www\CentroIntegradoPesquisa\public\index.php(37): CodeIgniter\CodeIgniter->run()
#8 D:\Projeto\www\CentroIntegradoPesquisa\system\Commands\Server\rewrite.php(45): require_once('D:\\Projeto\\www\\...')
#9 {main}
CRITICAL - 2021-07-02 16:11:09 --> Call to a member function attributes() on null
#0 D:\Projeto\www\CentroIntegradoPesquisa\app\Models\Ddi.php(90): App\Models\Ddi->ddi_files(Object(SimpleXMLElement), 'Dados dos Arqui...')
#1 D:\Projeto\www\CentroIntegradoPesquisa\app\Models\Ddi.php(49): App\Models\Ddi->ddi_xml()
#2 D:\Projeto\www\CentroIntegradoPesquisa\app\Controllers\Main.php(54): App\Models\Ddi->index(Array, '', '', '', '', '')
#3 D:\Projeto\www\CentroIntegradoPesquisa\system\CodeIgniter.php(928): App\Controllers\Main->ddi()
#4 D:\Projeto\www\CentroIntegradoPesquisa\system\CodeIgniter.php(436): CodeIgniter\CodeIgniter->runController(Object(App\Controllers\Main))
#5 D:\Projeto\www\CentroIntegradoPesquisa\system\CodeIgniter.php(336): CodeIgniter\CodeIgniter->handleRequest(NULL, Object(Config\Cache), false)
#6 D:\Projeto\www\CentroIntegradoPesquisa\public\index.php(37): CodeIgniter\CodeIgniter->run()
#7 D:\Projeto\www\CentroIntegradoPesquisa\system\Commands\Server\rewrite.php(45): require_once('D:\\Projeto\\www\\...')
#8 {main}
CRITICAL - 2021-07-02 16:11:43 --> Call to a member function attributes() on null
#0 D:\Projeto\www\CentroIntegradoPesquisa\app\Models\Ddi.php(90): App\Models\Ddi->ddi_files(Object(SimpleXMLElement), 'Dados dos Arqui...')
#1 D:\Projeto\www\CentroIntegradoPesquisa\app\Models\Ddi.php(49): App\Models\Ddi->ddi_xml()
#2 D:\Projeto\www\CentroIntegradoPesquisa\app\Controllers\Main.php(54): App\Models\Ddi->index(Array, '', '', '', '', '')
#3 D:\Projeto\www\CentroIntegradoPesquisa\system\CodeIgniter.php(928): App\Controllers\Main->ddi()
#4 D:\Projeto\www\CentroIntegradoPesquisa\system\CodeIgniter.php(436): CodeIgniter\CodeIgniter->runController(Object(App\Controllers\Main))
#5 D:\Projeto\www\CentroIntegradoPesquisa\system\CodeIgniter.php(336): CodeIgniter\CodeIgniter->handleRequest(NULL, Object(Config\Cache), false)
#6 D:\Projeto\www\CentroIntegradoPesquisa\public\index.php(37): CodeIgniter\CodeIgniter->run()
#7 D:\Projeto\www\CentroIntegradoPesquisa\system\Commands\Server\rewrite.php(45): require_once('D:\\Projeto\\www\\...')
#8 {main}
CRITICAL - 2021-07-02 16:11:55 --> Call to a member function attributes() on null
#0 D:\Projeto\www\CentroIntegradoPesquisa\app\Models\Ddi.php(90): App\Models\Ddi->ddi_files(Object(SimpleXMLElement), 'Dados dos Arqui...')
#1 D:\Projeto\www\CentroIntegradoPesquisa\app\Models\Ddi.php(49): App\Models\Ddi->ddi_xml()
#2 D:\Projeto\www\CentroIntegradoPesquisa\app\Controllers\Main.php(54): App\Models\Ddi->index(Array, '', '', '', '', '')
#3 D:\Projeto\www\CentroIntegradoPesquisa\system\CodeIgniter.php(928): App\Controllers\Main->ddi()
#4 D:\Projeto\www\CentroIntegradoPesquisa\system\CodeIgniter.php(436): CodeIgniter\CodeIgniter->runController(Object(App\Controllers\Main))
#5 D:\Projeto\www\CentroIntegradoPesquisa\system\CodeIgniter.php(336): CodeIgniter\CodeIgniter->handleRequest(NULL, Object(Config\Cache), false)
#6 D:\Projeto\www\CentroIntegradoPesquisa\public\index.php(37): CodeIgniter\CodeIgniter->run()
#7 D:\Projeto\www\CentroIntegradoPesquisa\system\Commands\Server\rewrite.php(45): require_once('D:\\Projeto\\www\\...')
#8 {main}
CRITICAL - 2021-07-02 16:18:15 --> Undefined offset: 8
#0 D:\Projeto\www\CentroIntegradoPesquisa\app\Models\Ddi.php(133): CodeIgniter\Debug\Exceptions->errorHandler(8, 'Undefined offse...', 'D:\\Projeto\\www\\...', 133, Array)
#1 D:\Projeto\www\CentroIntegradoPesquisa\app\Models\Ddi.php(90): App\Models\Ddi->ddi_files(Object(SimpleXMLElement), 'Dados dos Arqui...')
#2 D:\Projeto\www\CentroIntegradoPesquisa\app\Models\Ddi.php(49): App\Models\Ddi->ddi_xml()
#3 D:\Projeto\www\CentroIntegradoPesquisa\app\Controllers\Main.php(54): App\Models\Ddi->index(Array, '', '', '', '', '')
#4 D:\Projeto\www\CentroIntegradoPesquisa\system\CodeIgniter.php(928): App\Controllers\Main->ddi()
#5 D:\Projeto\www\CentroIntegradoPesquisa\system\CodeIgniter.php(436): CodeIgniter\CodeIgniter->runController(Object(App\Controllers\Main))
#6 D:\Projeto\www\CentroIntegradoPesquisa\system\CodeIgniter.php(336): CodeIgniter\CodeIgniter->handleRequest(NULL, Object(Config\Cache), false)
#7 D:\Projeto\www\CentroIntegradoPesquisa\public\index.php(37): CodeIgniter\CodeIgniter->run()
#8 D:\Projeto\www\CentroIntegradoPesquisa\system\Commands\Server\rewrite.php(45): require_once('D:\\Projeto\\www\\...')
#9 {main}
CRITICAL - 2021-07-02 16:18:52 --> Array to string conversion
#0 D:\Projeto\www\CentroIntegradoPesquisa\app\Models\Ddi.php(133): CodeIgniter\Debug\Exceptions->errorHandler(8, 'Array to string...', 'D:\\Projeto\\www\\...', 133, Array)
#1 D:\Projeto\www\CentroIntegradoPesquisa\app\Models\Ddi.php(90): App\Models\Ddi->ddi_files(Object(SimpleXMLElement), 'Dados dos Arqui...')
#2 D:\Projeto\www\CentroIntegradoPesquisa\app\Models\Ddi.php(49): App\Models\Ddi->ddi_xml()
#3 D:\Projeto\www\CentroIntegradoPesquisa\app\Controllers\Main.php(54): App\Models\Ddi->index(Array, '', '', '', '', '')
#4 D:\Projeto\www\CentroIntegradoPesquisa\system\CodeIgniter.php(928): App\Controllers\Main->ddi()
#5 D:\Projeto\www\CentroIntegradoPesquisa\system\CodeIgniter.php(436): CodeIgniter\CodeIgniter->runController(Object(App\Controllers\Main))
#6 D:\Projeto\www\CentroIntegradoPesquisa\system\CodeIgniter.php(336): CodeIgniter\CodeIgniter->handleRequest(NULL, Object(Config\Cache), false)
#7 D:\Projeto\www\CentroIntegradoPesquisa\public\index.php(37): CodeIgniter\CodeIgniter->run()
#8 D:\Projeto\www\CentroIntegradoPesquisa\system\Commands\Server\rewrite.php(45): require_once('D:\\Projeto\\www\\...')
#9 {main}
CRITICAL - 2021-07-02 16:27:14 --> Undefined offset: 6
#0 D:\Projeto\www\CentroIntegradoPesquisa\app\Models\Ddi.php(142): CodeIgniter\Debug\Exceptions->errorHandler(8, 'Undefined offse...', 'D:\\Projeto\\www\\...', 142, Array)
#1 D:\Projeto\www\CentroIntegradoPesquisa\app\Models\Ddi.php(90): App\Models\Ddi->ddi_files(Object(SimpleXMLElement), 'Dados dos Arqui...')
#2 D:\Projeto\www\CentroIntegradoPesquisa\app\Models\Ddi.php(49): App\Models\Ddi->ddi_xml()
#3 D:\Projeto\www\CentroIntegradoPesquisa\app\Controllers\Main.php(54): App\Models\Ddi->index(Array, '', '', '', '', '')
#4 D:\Projeto\www\CentroIntegradoPesquisa\system\CodeIgniter.php(928): App\Controllers\Main->ddi()
#5 D:\Projeto\www\CentroIntegradoPesquisa\system\CodeIgniter.php(436): CodeIgniter\CodeIgniter->runController(Object(App\Controllers\Main))
#6 D:\Projeto\www\CentroIntegradoPesquisa\system\CodeIgniter.php(336): CodeIgniter\CodeIgniter->handleRequest(NULL, Object(Config\Cache), false)
#7 D:\Projeto\www\CentroIntegradoPesquisa\public\index.php(37): CodeIgniter\CodeIgniter->run()
#8 D:\Projeto\www\CentroIntegradoPesquisa\system\Commands\Server\rewrite.php(45): require_once('D:\\Projeto\\www\\...')
#9 {main}
