CRITICAL - 2021-06-26 10:55:37 --> Call to undefined method App\Models\Socials::view
#0 D:\Projeto\www\CentroIntegradoPesquisa\app\Models\Socials.php(106): CodeIgniter\Model->__call('view', Array)
#1 D:\Projeto\www\CentroIntegradoPesquisa\app\Controllers\Main.php(44): App\Models\Socials->index('access_denied', '', Array, '<!-- DEBUG-VIEW...')
#2 D:\Projeto\www\CentroIntegradoPesquisa\system\CodeIgniter.php(928): App\Controllers\Main->social('access_denied')
#3 D:\Projeto\www\CentroIntegradoPesquisa\system\CodeIgniter.php(436): CodeIgniter\CodeIgniter->runController(Object(App\Controllers\Main))
#4 D:\Projeto\www\CentroIntegradoPesquisa\system\CodeIgniter.php(336): CodeIgniter\CodeIgniter->handleRequest(NULL, Object(Config\Cache), false)
#5 D:\Projeto\www\CentroIntegradoPesquisa\public\index.php(37): CodeIgniter\CodeIgniter->run()
#6 D:\Projeto\www\CentroIntegradoPesquisa\system\Commands\Server\rewrite.php(45): require_once('D:\\Projeto\\www\\...')
#7 {main}
CRITICAL - 2021-06-26 10:56:56 --> Invalid file: access_denied.php
#0 D:\Projeto\www\CentroIntegradoPesquisa\system\View\View.php(213): CodeIgniter\Exceptions\FrameworkException::forInvalidFile('access_denied.p...')
#1 D:\Projeto\www\CentroIntegradoPesquisa\system\Common.php(1271): CodeIgniter\View\View->render('access_denied.p...', Array, true)
#2 D:\Projeto\www\CentroIntegradoPesquisa\app\Models\Socials.php(106): view('access_denied.p...')
#3 D:\Projeto\www\CentroIntegradoPesquisa\app\Controllers\Main.php(44): App\Models\Socials->index('access_denied', '', Array, '<!-- DEBUG-VIEW...')
#4 D:\Projeto\www\CentroIntegradoPesquisa\system\CodeIgniter.php(928): App\Controllers\Main->social('access_denied')
#5 D:\Projeto\www\CentroIntegradoPesquisa\system\CodeIgniter.php(436): CodeIgniter\CodeIgniter->runController(Object(App\Controllers\Main))
#6 D:\Projeto\www\CentroIntegradoPesquisa\system\CodeIgniter.php(336): CodeIgniter\CodeIgniter->handleRequest(NULL, Object(Config\Cache), false)
#7 D:\Projeto\www\CentroIntegradoPesquisa\public\index.php(37): CodeIgniter\CodeIgniter->run()
#8 D:\Projeto\www\CentroIntegradoPesquisa\system\Commands\Server\rewrite.php(45): require_once('D:\\Projeto\\www\\...')
#9 {main}
CRITICAL - 2021-06-26 10:57:05 --> Invalid file: access_denied.php
#0 D:\Projeto\www\CentroIntegradoPesquisa\system\View\View.php(213): CodeIgniter\Exceptions\FrameworkException::forInvalidFile('access_denied.p...')
#1 D:\Projeto\www\CentroIntegradoPesquisa\system\Common.php(1271): CodeIgniter\View\View->render('access_denied', Array, true)
#2 D:\Projeto\www\CentroIntegradoPesquisa\app\Models\Socials.php(106): view('access_denied')
#3 D:\Projeto\www\CentroIntegradoPesquisa\app\Controllers\Main.php(44): App\Models\Socials->index('access_denied', '', Array, '<!-- DEBUG-VIEW...')
#4 D:\Projeto\www\CentroIntegradoPesquisa\system\CodeIgniter.php(928): App\Controllers\Main->social('access_denied')
#5 D:\Projeto\www\CentroIntegradoPesquisa\system\CodeIgniter.php(436): CodeIgniter\CodeIgniter->runController(Object(App\Controllers\Main))
#6 D:\Projeto\www\CentroIntegradoPesquisa\system\CodeIgniter.php(336): CodeIgniter\CodeIgniter->handleRequest(NULL, Object(Config\Cache), false)
#7 D:\Projeto\www\CentroIntegradoPesquisa\public\index.php(37): CodeIgniter\CodeIgniter->run()
#8 D:\Projeto\www\CentroIntegradoPesquisa\system\Commands\Server\rewrite.php(45): require_once('D:\\Projeto\\www\\...')
#9 {main}
CRITICAL - 2021-06-26 10:57:06 --> Invalid file: access_denied.php
#0 D:\Projeto\www\CentroIntegradoPesquisa\system\View\View.php(213): CodeIgniter\Exceptions\FrameworkException::forInvalidFile('access_denied.p...')
#1 D:\Projeto\www\CentroIntegradoPesquisa\system\Common.php(1271): CodeIgniter\View\View->render('access_denied', Array, true)
#2 D:\Projeto\www\CentroIntegradoPesquisa\app\Models\Socials.php(106): view('access_denied')
#3 D:\Projeto\www\CentroIntegradoPesquisa\app\Controllers\Main.php(44): App\Models\Socials->index('access_denied', '', Array, '<!-- DEBUG-VIEW...')
#4 D:\Projeto\www\CentroIntegradoPesquisa\system\CodeIgniter.php(928): App\Controllers\Main->social('access_denied')
#5 D:\Projeto\www\CentroIntegradoPesquisa\system\CodeIgniter.php(436): CodeIgniter\CodeIgniter->runController(Object(App\Controllers\Main))
#6 D:\Projeto\www\CentroIntegradoPesquisa\system\CodeIgniter.php(336): CodeIgniter\CodeIgniter->handleRequest(NULL, Object(Config\Cache), false)
#7 D:\Projeto\www\CentroIntegradoPesquisa\public\index.php(37): CodeIgniter\CodeIgniter->run()
#8 D:\Projeto\www\CentroIntegradoPesquisa\system\Commands\Server\rewrite.php(45): require_once('D:\\Projeto\\www\\...')
#9 {main}
CRITICAL - 2021-06-26 10:57:07 --> Invalid file: access_denied.php
#0 D:\Projeto\www\CentroIntegradoPesquisa\system\View\View.php(213): CodeIgniter\Exceptions\FrameworkException::forInvalidFile('access_denied.p...')
#1 D:\Projeto\www\CentroIntegradoPesquisa\system\Common.php(1271): CodeIgniter\View\View->render('access_denied', Array, true)
#2 D:\Projeto\www\CentroIntegradoPesquisa\app\Models\Socials.php(106): view('access_denied')
#3 D:\Projeto\www\CentroIntegradoPesquisa\app\Controllers\Main.php(44): App\Models\Socials->index('access_denied', '', Array, '<!-- DEBUG-VIEW...')
#4 D:\Projeto\www\CentroIntegradoPesquisa\system\CodeIgniter.php(928): App\Controllers\Main->social('access_denied')
#5 D:\Projeto\www\CentroIntegradoPesquisa\system\CodeIgniter.php(436): CodeIgniter\CodeIgniter->runController(Object(App\Controllers\Main))
#6 D:\Projeto\www\CentroIntegradoPesquisa\system\CodeIgniter.php(336): CodeIgniter\CodeIgniter->handleRequest(NULL, Object(Config\Cache), false)
#7 D:\Projeto\www\CentroIntegradoPesquisa\public\index.php(37): CodeIgniter\CodeIgniter->run()
#8 D:\Projeto\www\CentroIntegradoPesquisa\system\Commands\Server\rewrite.php(45): require_once('D:\\Projeto\\www\\...')
#9 {main}
CRITICAL - 2021-06-26 11:04:33 --> Call to undefined function App\Models\bscolse()
#0 D:\Projeto\www\CentroIntegradoPesquisa\app\Controllers\Main.php(44): App\Models\Socials->index('', '', Array, '<!-- DEBUG-VIEW...')
#1 D:\Projeto\www\CentroIntegradoPesquisa\system\CodeIgniter.php(928): App\Controllers\Main->social()
#2 D:\Projeto\www\CentroIntegradoPesquisa\system\CodeIgniter.php(436): CodeIgniter\CodeIgniter->runController(Object(App\Controllers\Main))
#3 D:\Projeto\www\CentroIntegradoPesquisa\system\CodeIgniter.php(336): CodeIgniter\CodeIgniter->handleRequest(NULL, Object(Config\Cache), false)
#4 D:\Projeto\www\CentroIntegradoPesquisa\public\index.php(37): CodeIgniter\CodeIgniter->run()
#5 D:\Projeto\www\CentroIntegradoPesquisa\system\Commands\Server\rewrite.php(45): require_once('D:\\Projeto\\www\\...')
#6 {main}
CRITICAL - 2021-06-26 11:05:12 --> Undefined variable: ok
#0 D:\Projeto\www\CentroIntegradoPesquisa\app\Models\Socials.php(204): CodeIgniter\Debug\Exceptions->errorHandler(8, 'Undefined varia...', 'D:\\Projeto\\www\\...', 204, Array)
#1 D:\Projeto\www\CentroIntegradoPesquisa\app\Models\Socials.php(118): App\Models\Socials->login_local(Array)
#2 D:\Projeto\www\CentroIntegradoPesquisa\app\Controllers\Main.php(44): App\Models\Socials->index('login_local', '', Array, '<!-- DEBUG-VIEW...')
#3 D:\Projeto\www\CentroIntegradoPesquisa\system\CodeIgniter.php(928): App\Controllers\Main->social('login_local')
#4 D:\Projeto\www\CentroIntegradoPesquisa\system\CodeIgniter.php(436): CodeIgniter\CodeIgniter->runController(Object(App\Controllers\Main))
#5 D:\Projeto\www\CentroIntegradoPesquisa\system\CodeIgniter.php(336): CodeIgniter\CodeIgniter->handleRequest(NULL, Object(Config\Cache), false)
#6 D:\Projeto\www\CentroIntegradoPesquisa\public\index.php(37): CodeIgniter\CodeIgniter->run()
#7 D:\Projeto\www\CentroIntegradoPesquisa\system\Commands\Server\rewrite.php(45): require_once('D:\\Projeto\\www\\...')
#8 {main}
CRITICAL - 2021-06-26 11:05:26 --> Undefined variable: ok
#0 D:\Projeto\www\CentroIntegradoPesquisa\app\Models\Socials.php(204): CodeIgniter\Debug\Exceptions->errorHandler(8, 'Undefined varia...', 'D:\\Projeto\\www\\...', 204, Array)
#1 D:\Projeto\www\CentroIntegradoPesquisa\app\Models\Socials.php(118): App\Models\Socials->login_local(Array)
#2 D:\Projeto\www\CentroIntegradoPesquisa\app\Controllers\Main.php(44): App\Models\Socials->index('login_local', '', Array, '<!-- DEBUG-VIEW...')
#3 D:\Projeto\www\CentroIntegradoPesquisa\system\CodeIgniter.php(928): App\Controllers\Main->social('login_local')
#4 D:\Projeto\www\CentroIntegradoPesquisa\system\CodeIgniter.php(436): CodeIgniter\CodeIgniter->runController(Object(App\Controllers\Main))
#5 D:\Projeto\www\CentroIntegradoPesquisa\system\CodeIgniter.php(336): CodeIgniter\CodeIgniter->handleRequest(NULL, Object(Config\Cache), false)
#6 D:\Projeto\www\CentroIntegradoPesquisa\public\index.php(37): CodeIgniter\CodeIgniter->run()
#7 D:\Projeto\www\CentroIntegradoPesquisa\system\Commands\Server\rewrite.php(45): require_once('D:\\Projeto\\www\\...')
#8 {main}
CRITICAL - 2021-06-26 11:05:30 --> Undefined variable: ok
#0 D:\Projeto\www\CentroIntegradoPesquisa\app\Models\Socials.php(204): CodeIgniter\Debug\Exceptions->errorHandler(8, 'Undefined varia...', 'D:\\Projeto\\www\\...', 204, Array)
#1 D:\Projeto\www\CentroIntegradoPesquisa\app\Models\Socials.php(118): App\Models\Socials->login_local(Array)
#2 D:\Projeto\www\CentroIntegradoPesquisa\app\Controllers\Main.php(44): App\Models\Socials->index('login_local', '', Array, '<!-- DEBUG-VIEW...')
#3 D:\Projeto\www\CentroIntegradoPesquisa\system\CodeIgniter.php(928): App\Controllers\Main->social('login_local')
#4 D:\Projeto\www\CentroIntegradoPesquisa\system\CodeIgniter.php(436): CodeIgniter\CodeIgniter->runController(Object(App\Controllers\Main))
#5 D:\Projeto\www\CentroIntegradoPesquisa\system\CodeIgniter.php(336): CodeIgniter\CodeIgniter->handleRequest(NULL, Object(Config\Cache), false)
#6 D:\Projeto\www\CentroIntegradoPesquisa\public\index.php(37): CodeIgniter\CodeIgniter->run()
#7 D:\Projeto\www\CentroIntegradoPesquisa\system\Commands\Server\rewrite.php(45): require_once('D:\\Projeto\\www\\...')
#8 {main}
CRITICAL - 2021-06-26 11:19:38 --> Cannot declare class App\Database\Migrations\Lattes, because the name is already in use
#0 [internal function]: CodeIgniter\Debug\Exceptions->shutdownHandler()
#1 {main}
CRITICAL - 2021-06-26 11:44:06 --> Non-static method App\Models\LattesGroups::view() should not be called statically
#0 D:\Projeto\www\CentroIntegradoPesquisa\app\Models\LattesExtrator.php(74): CodeIgniter\Debug\Exceptions->errorHandler(8192, 'Non-static meth...', 'D:\\Projeto\\www\\...', 74, Array)
#1 D:\Projeto\www\CentroIntegradoPesquisa\app\Controllers\Main.php(52): App\Models\LattesExtrator->index('groups', '', Array)
#2 D:\Projeto\www\CentroIntegradoPesquisa\system\CodeIgniter.php(928): App\Controllers\Main->lattes('groups')
#3 D:\Projeto\www\CentroIntegradoPesquisa\system\CodeIgniter.php(436): CodeIgniter\CodeIgniter->runController(Object(App\Controllers\Main))
#4 D:\Projeto\www\CentroIntegradoPesquisa\system\CodeIgniter.php(336): CodeIgniter\CodeIgniter->handleRequest(NULL, Object(Config\Cache), false)
#5 D:\Projeto\www\CentroIntegradoPesquisa\public\index.php(37): CodeIgniter\CodeIgniter->run()
#6 D:\Projeto\www\CentroIntegradoPesquisa\system\Commands\Server\rewrite.php(45): require_once('D:\\Projeto\\www\\...')
#7 {main}
CRITICAL - 2021-06-26 11:44:34 --> syntax error, unexpected '::' (T_PAAMAYIM_NEKUDOTAYIM)
#0 D:\Projeto\www\CentroIntegradoPesquisa\system\Autoloader\Autoloader.php(273): CodeIgniter\Autoloader\Autoloader->includeFile('D:\\Projeto\\www\\...')
#1 D:\Projeto\www\CentroIntegradoPesquisa\system\Autoloader\Autoloader.php(247): CodeIgniter\Autoloader\Autoloader->loadInNamespace('App\\Models\\Latt...')
#2 [internal function]: CodeIgniter\Autoloader\Autoloader->loadClass('App\\Models\\Latt...')
#3 D:\Projeto\www\CentroIntegradoPesquisa\app\Controllers\Main.php(15): spl_autoload_call('App\\Models\\Latt...')
#4 D:\Projeto\www\CentroIntegradoPesquisa\system\CodeIgniter.php(900): App\Controllers\Main->__construct()
#5 D:\Projeto\www\CentroIntegradoPesquisa\system\CodeIgniter.php(426): CodeIgniter\CodeIgniter->createController()
#6 D:\Projeto\www\CentroIntegradoPesquisa\system\CodeIgniter.php(336): CodeIgniter\CodeIgniter->handleRequest(NULL, Object(Config\Cache), false)
#7 D:\Projeto\www\CentroIntegradoPesquisa\public\index.php(37): CodeIgniter\CodeIgniter->run()
#8 D:\Projeto\www\CentroIntegradoPesquisa\system\Commands\Server\rewrite.php(45): require_once('D:\\Projeto\\www\\...')
#9 {main}
CRITICAL - 2021-06-26 11:44:51 --> Class 'App\Models\App\Models\LattesGroups' not found
#0 D:\Projeto\www\CentroIntegradoPesquisa\app\Controllers\Main.php(52): App\Models\LattesExtrator->index('groups', '', Array)
#1 D:\Projeto\www\CentroIntegradoPesquisa\system\CodeIgniter.php(928): App\Controllers\Main->lattes('groups')
#2 D:\Projeto\www\CentroIntegradoPesquisa\system\CodeIgniter.php(436): CodeIgniter\CodeIgniter->runController(Object(App\Controllers\Main))
#3 D:\Projeto\www\CentroIntegradoPesquisa\system\CodeIgniter.php(336): CodeIgniter\CodeIgniter->handleRequest(NULL, Object(Config\Cache), false)
#4 D:\Projeto\www\CentroIntegradoPesquisa\public\index.php(37): CodeIgniter\CodeIgniter->run()
#5 D:\Projeto\www\CentroIntegradoPesquisa\system\Commands\Server\rewrite.php(45): require_once('D:\\Projeto\\www\\...')
#6 {main}
CRITICAL - 2021-06-26 11:45:01 --> Non-static method App\Models\LattesGroups::view() should not be called statically
#0 D:\Projeto\www\CentroIntegradoPesquisa\app\Models\LattesExtrator.php(75): CodeIgniter\Debug\Exceptions->errorHandler(8192, 'Non-static meth...', 'D:\\Projeto\\www\\...', 75, Array)
#1 D:\Projeto\www\CentroIntegradoPesquisa\app\Controllers\Main.php(52): App\Models\LattesExtrator->index('groups', '', Array)
#2 D:\Projeto\www\CentroIntegradoPesquisa\system\CodeIgniter.php(928): App\Controllers\Main->lattes('groups')
#3 D:\Projeto\www\CentroIntegradoPesquisa\system\CodeIgniter.php(436): CodeIgniter\CodeIgniter->runController(Object(App\Controllers\Main))
#4 D:\Projeto\www\CentroIntegradoPesquisa\system\CodeIgniter.php(336): CodeIgniter\CodeIgniter->handleRequest(NULL, Object(Config\Cache), false)
#5 D:\Projeto\www\CentroIntegradoPesquisa\public\index.php(37): CodeIgniter\CodeIgniter->run()
#6 D:\Projeto\www\CentroIntegradoPesquisa\system\Commands\Server\rewrite.php(45): require_once('D:\\Projeto\\www\\...')
#7 {main}
CRITICAL - 2021-06-26 11:45:08 --> Undefined class constant 'view'
#0 D:\Projeto\www\CentroIntegradoPesquisa\app\Controllers\Main.php(52): App\Models\LattesExtrator->index('groups', '', Array)
#1 D:\Projeto\www\CentroIntegradoPesquisa\system\CodeIgniter.php(928): App\Controllers\Main->lattes('groups')
#2 D:\Projeto\www\CentroIntegradoPesquisa\system\CodeIgniter.php(436): CodeIgniter\CodeIgniter->runController(Object(App\Controllers\Main))
#3 D:\Projeto\www\CentroIntegradoPesquisa\system\CodeIgniter.php(336): CodeIgniter\CodeIgniter->handleRequest(NULL, Object(Config\Cache), false)
#4 D:\Projeto\www\CentroIntegradoPesquisa\public\index.php(37): CodeIgniter\CodeIgniter->run()
#5 D:\Projeto\www\CentroIntegradoPesquisa\system\Commands\Server\rewrite.php(45): require_once('D:\\Projeto\\www\\...')
#6 {main}
CRITICAL - 2021-06-26 11:46:10 --> Class 'App\Models\App\Models\LattesGroups' not found
#0 D:\Projeto\www\CentroIntegradoPesquisa\app\Controllers\Main.php(52): App\Models\LattesExtrator->index('groups', '', Array)
#1 D:\Projeto\www\CentroIntegradoPesquisa\system\CodeIgniter.php(928): App\Controllers\Main->lattes('groups')
#2 D:\Projeto\www\CentroIntegradoPesquisa\system\CodeIgniter.php(436): CodeIgniter\CodeIgniter->runController(Object(App\Controllers\Main))
#3 D:\Projeto\www\CentroIntegradoPesquisa\system\CodeIgniter.php(336): CodeIgniter\CodeIgniter->handleRequest(NULL, Object(Config\Cache), false)
#4 D:\Projeto\www\CentroIntegradoPesquisa\public\index.php(37): CodeIgniter\CodeIgniter->run()
#5 D:\Projeto\www\CentroIntegradoPesquisa\system\Commands\Server\rewrite.php(45): require_once('D:\\Projeto\\www\\...')
#6 {main}
CRITICAL - 2021-06-26 11:46:24 --> Undefined variable: id
#0 D:\Projeto\www\CentroIntegradoPesquisa\app\Models\LattesGroups.php(56): CodeIgniter\Debug\Exceptions->errorHandler(8, 'Undefined varia...', 'D:\\Projeto\\www\\...', 56, Array)
#1 D:\Projeto\www\CentroIntegradoPesquisa\app\Models\LattesExtrator.php(75): App\Models\LattesGroups->viewtable()
#2 D:\Projeto\www\CentroIntegradoPesquisa\app\Controllers\Main.php(52): App\Models\LattesExtrator->index('groups', '', Array)
#3 D:\Projeto\www\CentroIntegradoPesquisa\system\CodeIgniter.php(928): App\Controllers\Main->lattes('groups')
#4 D:\Projeto\www\CentroIntegradoPesquisa\system\CodeIgniter.php(436): CodeIgniter\CodeIgniter->runController(Object(App\Controllers\Main))
#5 D:\Projeto\www\CentroIntegradoPesquisa\system\CodeIgniter.php(336): CodeIgniter\CodeIgniter->handleRequest(NULL, Object(Config\Cache), false)
#6 D:\Projeto\www\CentroIntegradoPesquisa\public\index.php(37): CodeIgniter\CodeIgniter->run()
#7 D:\Projeto\www\CentroIntegradoPesquisa\system\Commands\Server\rewrite.php(45): require_once('D:\\Projeto\\www\\...')
#8 {main}
CRITICAL - 2021-06-26 11:52:53 --> syntax error, unexpected 'text' (T_STRING)
#0 D:\Projeto\www\CentroIntegradoPesquisa\system\Controller.php(92): helper(Array)
#1 D:\Projeto\www\CentroIntegradoPesquisa\app\Controllers\BaseController.php(51): CodeIgniter\Controller->initController(Object(CodeIgniter\HTTP\IncomingRequest), Object(CodeIgniter\HTTP\Response), Object(CodeIgniter\Log\Logger))
#2 D:\Projeto\www\CentroIntegradoPesquisa\system\CodeIgniter.php(901): App\Controllers\BaseController->initController(Object(CodeIgniter\HTTP\IncomingRequest), Object(CodeIgniter\HTTP\Response), Object(CodeIgniter\Log\Logger))
#3 D:\Projeto\www\CentroIntegradoPesquisa\system\CodeIgniter.php(426): CodeIgniter\CodeIgniter->createController()
#4 D:\Projeto\www\CentroIntegradoPesquisa\system\CodeIgniter.php(336): CodeIgniter\CodeIgniter->handleRequest(NULL, Object(Config\Cache), false)
#5 D:\Projeto\www\CentroIntegradoPesquisa\public\index.php(37): CodeIgniter\CodeIgniter->run()
#6 D:\Projeto\www\CentroIntegradoPesquisa\system\Commands\Server\rewrite.php(45): require_once('D:\\Projeto\\www\\...')
#7 {main}
CRITICAL - 2021-06-26 11:53:23 --> Undefined variable: sg
#0 D:\Projeto\www\CentroIntegradoPesquisa\app\Helpers\sisdoc_forms_helper.php(199): CodeIgniter\Debug\Exceptions->errorHandler(8, 'Undefined varia...', 'D:\\Projeto\\www\\...', 199, Array)
#1 D:\Projeto\www\CentroIntegradoPesquisa\app\Helpers\sisdoc_forms_helper.php(94): form_fields('sn', 'lg_public', '')
#2 D:\Projeto\www\CentroIntegradoPesquisa\app\Models\LattesGroups.php(85): form(Object(App\Models\LattesGroups))
#3 D:\Projeto\www\CentroIntegradoPesquisa\app\Models\LattesExtrator.php(75): App\Models\LattesGroups->index('edit', Array)
#4 D:\Projeto\www\CentroIntegradoPesquisa\app\Controllers\Main.php(52): App\Models\LattesExtrator->index('groups', 'edit', Array)
#5 D:\Projeto\www\CentroIntegradoPesquisa\system\CodeIgniter.php(928): App\Controllers\Main->lattes('groups', 'edit')
#6 D:\Projeto\www\CentroIntegradoPesquisa\system\CodeIgniter.php(436): CodeIgniter\CodeIgniter->runController(Object(App\Controllers\Main))
#7 D:\Projeto\www\CentroIntegradoPesquisa\system\CodeIgniter.php(336): CodeIgniter\CodeIgniter->handleRequest(NULL, Object(Config\Cache), false)
#8 D:\Projeto\www\CentroIntegradoPesquisa\public\index.php(37): CodeIgniter\CodeIgniter->run()
#9 D:\Projeto\www\CentroIntegradoPesquisa\system\Commands\Server\rewrite.php(45): require_once('D:\\Projeto\\www\\...')
#10 {main}
ERROR - 2021-06-26 12:05:00 --> Unknown column 'lattes.id' in 'where clause'
CRITICAL - 2021-06-26 12:05:00 --> Unknown column 'lattes.id' in 'where clause'
#0 D:\Projeto\www\CentroIntegradoPesquisa\system\Database\MySQLi\Connection.php(329): mysqli->query('SELECT *\nFROM `...')
#1 D:\Projeto\www\CentroIntegradoPesquisa\system\Database\BaseConnection.php(732): CodeIgniter\Database\MySQLi\Connection->execute('SELECT *\nFROM `...')
#2 D:\Projeto\www\CentroIntegradoPesquisa\system\Database\BaseConnection.php(647): CodeIgniter\Database\BaseConnection->simpleQuery('SELECT *\nFROM `...')
#3 D:\Projeto\www\CentroIntegradoPesquisa\system\Database\BaseBuilder.php(1881): CodeIgniter\Database\BaseConnection->query('SELECT *\nFROM `...', Array, false)
#4 D:\Projeto\www\CentroIntegradoPesquisa\system\Model.php(153): CodeIgniter\Database\BaseBuilder->get()
#5 D:\Projeto\www\CentroIntegradoPesquisa\system\BaseModel.php(538): CodeIgniter\Model->doFind(true, 1)
#6 D:\Projeto\www\CentroIntegradoPesquisa\app\Helpers\sisdoc_forms_helper.php(69): CodeIgniter\BaseModel->find(1)
#7 D:\Projeto\www\CentroIntegradoPesquisa\app\Models\LattesExtrator.php(100): form(Object(App\Models\LattesExtrator))
#8 D:\Projeto\www\CentroIntegradoPesquisa\app\Controllers\Main.php(52): App\Models\LattesExtrator->index(Array, 'groups', 'edit', '1', '', '')
#9 D:\Projeto\www\CentroIntegradoPesquisa\system\CodeIgniter.php(928): App\Controllers\Main->lattes('groups', 'edit', '1')
#10 D:\Projeto\www\CentroIntegradoPesquisa\system\CodeIgniter.php(436): CodeIgniter\CodeIgniter->runController(Object(App\Controllers\Main))
#11 D:\Projeto\www\CentroIntegradoPesquisa\system\CodeIgniter.php(336): CodeIgniter\CodeIgniter->handleRequest(NULL, Object(Config\Cache), false)
#12 D:\Projeto\www\CentroIntegradoPesquisa\public\index.php(37): CodeIgniter\CodeIgniter->run()
#13 D:\Projeto\www\CentroIntegradoPesquisa\system\Commands\Server\rewrite.php(45): require_once('D:\\Projeto\\www\\...')
#14 {main}
ERROR - 2021-06-26 12:05:23 --> Unknown column 'lattes.id' in 'where clause'
CRITICAL - 2021-06-26 12:05:23 --> Unknown column 'lattes.id' in 'where clause'
#0 D:\Projeto\www\CentroIntegradoPesquisa\system\Database\MySQLi\Connection.php(329): mysqli->query('SELECT *\nFROM `...')
#1 D:\Projeto\www\CentroIntegradoPesquisa\system\Database\BaseConnection.php(732): CodeIgniter\Database\MySQLi\Connection->execute('SELECT *\nFROM `...')
#2 D:\Projeto\www\CentroIntegradoPesquisa\system\Database\BaseConnection.php(647): CodeIgniter\Database\BaseConnection->simpleQuery('SELECT *\nFROM `...')
#3 D:\Projeto\www\CentroIntegradoPesquisa\system\Database\BaseBuilder.php(1881): CodeIgniter\Database\BaseConnection->query('SELECT *\nFROM `...', Array, false)
#4 D:\Projeto\www\CentroIntegradoPesquisa\system\Model.php(153): CodeIgniter\Database\BaseBuilder->get()
#5 D:\Projeto\www\CentroIntegradoPesquisa\system\BaseModel.php(538): CodeIgniter\Model->doFind(true, 1)
#6 D:\Projeto\www\CentroIntegradoPesquisa\app\Helpers\sisdoc_forms_helper.php(69): CodeIgniter\BaseModel->find(1)
#7 D:\Projeto\www\CentroIntegradoPesquisa\app\Models\LattesExtrator.php(100): form(Object(App\Models\LattesExtrator))
#8 D:\Projeto\www\CentroIntegradoPesquisa\app\Controllers\Main.php(52): App\Models\LattesExtrator->index(Array, 'groups', 'edit', '1', '', '')
#9 D:\Projeto\www\CentroIntegradoPesquisa\system\CodeIgniter.php(928): App\Controllers\Main->lattes('groups', 'edit', '1')
#10 D:\Projeto\www\CentroIntegradoPesquisa\system\CodeIgniter.php(436): CodeIgniter\CodeIgniter->runController(Object(App\Controllers\Main))
#11 D:\Projeto\www\CentroIntegradoPesquisa\system\CodeIgniter.php(336): CodeIgniter\CodeIgniter->handleRequest(NULL, Object(Config\Cache), false)
#12 D:\Projeto\www\CentroIntegradoPesquisa\public\index.php(37): CodeIgniter\CodeIgniter->run()
#13 D:\Projeto\www\CentroIntegradoPesquisa\system\Commands\Server\rewrite.php(45): require_once('D:\\Projeto\\www\\...')
#14 {main}
CRITICAL - 2021-06-26 12:28:20 --> Undefined variable: dl
#0 D:\Projeto\www\CentroIntegradoPesquisa\app\Models\LattesGroups.php(83): CodeIgniter\Debug\Exceptions->errorHandler(8, 'Undefined varia...', 'D:\\Projeto\\www\\...', 83, Array)
#1 D:\Projeto\www\CentroIntegradoPesquisa\app\Models\LattesExtrator.php(75): App\Models\LattesGroups->index(Array, '1', 'viewid', '', '')
#2 D:\Projeto\www\CentroIntegradoPesquisa\app\Controllers\Main.php(52): App\Models\LattesExtrator->index(Array, 'groups', 'viewid', '1', '', '')
#3 D:\Projeto\www\CentroIntegradoPesquisa\system\CodeIgniter.php(928): App\Controllers\Main->lattes('groups', 'viewid', '1')
#4 D:\Projeto\www\CentroIntegradoPesquisa\system\CodeIgniter.php(436): CodeIgniter\CodeIgniter->runController(Object(App\Controllers\Main))
#5 D:\Projeto\www\CentroIntegradoPesquisa\system\CodeIgniter.php(336): CodeIgniter\CodeIgniter->handleRequest(NULL, Object(Config\Cache), false)
#6 D:\Projeto\www\CentroIntegradoPesquisa\public\index.php(37): CodeIgniter\CodeIgniter->run()
#7 D:\Projeto\www\CentroIntegradoPesquisa\system\Commands\Server\rewrite.php(45): require_once('D:\\Projeto\\www\\...')
#8 {main}
CRITICAL - 2021-06-26 12:31:23 --> Call to undefined method App\Models\LattesGroupsMembers::members
#0 D:\Projeto\www\CentroIntegradoPesquisa\app\Models\LattesGroups.php(73): CodeIgniter\Model->__call('members', Array)
#1 D:\Projeto\www\CentroIntegradoPesquisa\app\Models\LattesGroups.php(86): App\Models\LattesGroups->group('1')
#2 D:\Projeto\www\CentroIntegradoPesquisa\app\Models\LattesExtrator.php(75): App\Models\LattesGroups->index(Array, '1', 'viewid', '', '')
#3 D:\Projeto\www\CentroIntegradoPesquisa\app\Controllers\Main.php(52): App\Models\LattesExtrator->index(Array, 'groups', 'viewid', '1', '', '')
#4 D:\Projeto\www\CentroIntegradoPesquisa\system\CodeIgniter.php(928): App\Controllers\Main->lattes('groups', 'viewid', '1')
#5 D:\Projeto\www\CentroIntegradoPesquisa\system\CodeIgniter.php(436): CodeIgniter\CodeIgniter->runController(Object(App\Controllers\Main))
#6 D:\Projeto\www\CentroIntegradoPesquisa\system\CodeIgniter.php(336): CodeIgniter\CodeIgniter->handleRequest(NULL, Object(Config\Cache), false)
#7 D:\Projeto\www\CentroIntegradoPesquisa\public\index.php(37): CodeIgniter\CodeIgniter->run()
#8 D:\Projeto\www\CentroIntegradoPesquisa\system\Commands\Server\rewrite.php(45): require_once('D:\\Projeto\\www\\...')
#9 {main}
CRITICAL - 2021-06-26 12:39:50 --> Call to undefined method App\Models\LattesGroups::group
#0 D:\Projeto\www\CentroIntegradoPesquisa\app\Models\LattesGroups.php(75): CodeIgniter\Model->__call('group', Array)
#1 D:\Projeto\www\CentroIntegradoPesquisa\app\Models\LattesExtrator.php(75): App\Models\LattesGroups->index(Array, '1', 'members_gr', '', '')
#2 D:\Projeto\www\CentroIntegradoPesquisa\app\Controllers\Main.php(52): App\Models\LattesExtrator->index(Array, 'groups', 'members_gr', '1', '', '')
#3 D:\Projeto\www\CentroIntegradoPesquisa\system\CodeIgniter.php(928): App\Controllers\Main->lattes('groups', 'members_gr', '1')
#4 D:\Projeto\www\CentroIntegradoPesquisa\system\CodeIgniter.php(436): CodeIgniter\CodeIgniter->runController(Object(App\Controllers\Main))
#5 D:\Projeto\www\CentroIntegradoPesquisa\system\CodeIgniter.php(336): CodeIgniter\CodeIgniter->handleRequest(NULL, Object(Config\Cache), false)
#6 D:\Projeto\www\CentroIntegradoPesquisa\public\index.php(37): CodeIgniter\CodeIgniter->run()
#7 D:\Projeto\www\CentroIntegradoPesquisa\system\Commands\Server\rewrite.php(45): require_once('D:\\Projeto\\www\\...')
#8 {main}
CRITICAL - 2021-06-26 12:40:08 --> Call to undefined method App\Models\LattesGroups::group
#0 D:\Projeto\www\CentroIntegradoPesquisa\app\Models\LattesGroups.php(75): CodeIgniter\Model->__call('group', Array)
#1 D:\Projeto\www\CentroIntegradoPesquisa\app\Models\LattesExtrator.php(75): App\Models\LattesGroups->index(Array, '1', 'members_gr', '', '')
#2 D:\Projeto\www\CentroIntegradoPesquisa\app\Controllers\Main.php(52): App\Models\LattesExtrator->index(Array, 'groups', 'members_gr', '1', '', '')
#3 D:\Projeto\www\CentroIntegradoPesquisa\system\CodeIgniter.php(928): App\Controllers\Main->lattes('groups', 'members_gr', '1')
#4 D:\Projeto\www\CentroIntegradoPesquisa\system\CodeIgniter.php(436): CodeIgniter\CodeIgniter->runController(Object(App\Controllers\Main))
#5 D:\Projeto\www\CentroIntegradoPesquisa\system\CodeIgniter.php(336): CodeIgniter\CodeIgniter->handleRequest(NULL, Object(Config\Cache), false)
#6 D:\Projeto\www\CentroIntegradoPesquisa\public\index.php(37): CodeIgniter\CodeIgniter->run()
#7 D:\Projeto\www\CentroIntegradoPesquisa\system\Commands\Server\rewrite.php(45): require_once('D:\\Projeto\\www\\...')
#8 {main}
CRITICAL - 2021-06-26 12:43:52 --> Call to undefined function App\Models\form_cancel()
#0 D:\Projeto\www\CentroIntegradoPesquisa\app\Models\LattesGroups.php(80): App\Models\LattesGroupsMembers->form_import('1')
#1 D:\Projeto\www\CentroIntegradoPesquisa\app\Models\LattesExtrator.php(75): App\Models\LattesGroups->index(Array, '1', 'members_gr', '', '')
#2 D:\Projeto\www\CentroIntegradoPesquisa\app\Controllers\Main.php(52): App\Models\LattesExtrator->index(Array, 'groups', 'members_gr', '1', '', '')
#3 D:\Projeto\www\CentroIntegradoPesquisa\system\CodeIgniter.php(928): App\Controllers\Main->lattes('groups', 'members_gr', '1')
#4 D:\Projeto\www\CentroIntegradoPesquisa\system\CodeIgniter.php(436): CodeIgniter\CodeIgniter->runController(Object(App\Controllers\Main))
#5 D:\Projeto\www\CentroIntegradoPesquisa\system\CodeIgniter.php(336): CodeIgniter\CodeIgniter->handleRequest(NULL, Object(Config\Cache), false)
#6 D:\Projeto\www\CentroIntegradoPesquisa\public\index.php(37): CodeIgniter\CodeIgniter->run()
#7 D:\Projeto\www\CentroIntegradoPesquisa\system\Commands\Server\rewrite.php(45): require_once('D:\\Projeto\\www\\...')
#8 {main}
CRITICAL - 2021-06-26 12:45:02 --> Undefined variable: url
#0 D:\Projeto\www\CentroIntegradoPesquisa\app\Models\LattesGroupsMembers.php(56): CodeIgniter\Debug\Exceptions->errorHandler(8, 'Undefined varia...', 'D:\\Projeto\\www\\...', 56, Array)
#1 D:\Projeto\www\CentroIntegradoPesquisa\app\Models\LattesGroups.php(80): App\Models\LattesGroupsMembers->form_import('1')
#2 D:\Projeto\www\CentroIntegradoPesquisa\app\Models\LattesExtrator.php(75): App\Models\LattesGroups->index(Array, '1', 'members_gr', '', '')
#3 D:\Projeto\www\CentroIntegradoPesquisa\app\Controllers\Main.php(52): App\Models\LattesExtrator->index(Array, 'groups', 'members_gr', '1', '', '')
#4 D:\Projeto\www\CentroIntegradoPesquisa\system\CodeIgniter.php(928): App\Controllers\Main->lattes('groups', 'members_gr', '1')
#5 D:\Projeto\www\CentroIntegradoPesquisa\system\CodeIgniter.php(436): CodeIgniter\CodeIgniter->runController(Object(App\Controllers\Main))
#6 D:\Projeto\www\CentroIntegradoPesquisa\system\CodeIgniter.php(336): CodeIgniter\CodeIgniter->handleRequest(NULL, Object(Config\Cache), false)
#7 D:\Projeto\www\CentroIntegradoPesquisa\public\index.php(37): CodeIgniter\CodeIgniter->run()
#8 D:\Projeto\www\CentroIntegradoPesquisa\system\Commands\Server\rewrite.php(45): require_once('D:\\Projeto\\www\\...')
#9 {main}
CRITICAL - 2021-06-26 12:46:08 --> Undefined index: 
#0 D:\Projeto\www\CentroIntegradoPesquisa\app\Models\LattesGroupsMembers.php(51): CodeIgniter\Debug\Exceptions->errorHandler(8, 'Undefined index...', 'D:\\Projeto\\www\\...', 51, Array)
#1 D:\Projeto\www\CentroIntegradoPesquisa\app\Models\LattesGroups.php(80): App\Models\LattesGroupsMembers->form_import('1')
#2 D:\Projeto\www\CentroIntegradoPesquisa\app\Models\LattesExtrator.php(75): App\Models\LattesGroups->index(Array, '1', 'members_gr', '', '')
#3 D:\Projeto\www\CentroIntegradoPesquisa\app\Controllers\Main.php(52): App\Models\LattesExtrator->index(Array, 'groups', 'members_gr', '1', '', '')
#4 D:\Projeto\www\CentroIntegradoPesquisa\system\CodeIgniter.php(928): App\Controllers\Main->lattes('groups', 'members_gr', '1')
#5 D:\Projeto\www\CentroIntegradoPesquisa\system\CodeIgniter.php(436): CodeIgniter\CodeIgniter->runController(Object(App\Controllers\Main))
#6 D:\Projeto\www\CentroIntegradoPesquisa\system\CodeIgniter.php(336): CodeIgniter\CodeIgniter->handleRequest(NULL, Object(Config\Cache), false)
#7 D:\Projeto\www\CentroIntegradoPesquisa\public\index.php(37): CodeIgniter\CodeIgniter->run()
#8 D:\Projeto\www\CentroIntegradoPesquisa\system\Commands\Server\rewrite.php(45): require_once('D:\\Projeto\\www\\...')
#9 {main}
CRITICAL - 2021-06-26 12:46:32 --> Call to undefined function App\Models\troca()
#0 D:\Projeto\www\CentroIntegradoPesquisa\app\Models\LattesGroups.php(80): App\Models\LattesGroupsMembers->form_import('1')
#1 D:\Projeto\www\CentroIntegradoPesquisa\app\Models\LattesExtrator.php(75): App\Models\LattesGroups->index(Array, '1', 'members_gr', '', '')
#2 D:\Projeto\www\CentroIntegradoPesquisa\app\Controllers\Main.php(52): App\Models\LattesExtrator->index(Array, 'groups', 'members_gr', '1', '', '')
#3 D:\Projeto\www\CentroIntegradoPesquisa\system\CodeIgniter.php(928): App\Controllers\Main->lattes('groups', 'members_gr', '1')
#4 D:\Projeto\www\CentroIntegradoPesquisa\system\CodeIgniter.php(436): CodeIgniter\CodeIgniter->runController(Object(App\Controllers\Main))
#5 D:\Projeto\www\CentroIntegradoPesquisa\system\CodeIgniter.php(336): CodeIgniter\CodeIgniter->handleRequest(NULL, Object(Config\Cache), false)
#6 D:\Projeto\www\CentroIntegradoPesquisa\public\index.php(37): CodeIgniter\CodeIgniter->run()
#7 D:\Projeto\www\CentroIntegradoPesquisa\system\Commands\Server\rewrite.php(45): require_once('D:\\Projeto\\www\\...')
#8 {main}
CRITICAL - 2021-06-26 12:46:43 --> Call to undefined function App\Models\replace()
#0 D:\Projeto\www\CentroIntegradoPesquisa\app\Models\LattesGroups.php(80): App\Models\LattesGroupsMembers->form_import('1')
#1 D:\Projeto\www\CentroIntegradoPesquisa\app\Models\LattesExtrator.php(75): App\Models\LattesGroups->index(Array, '1', 'members_gr', '', '')
#2 D:\Projeto\www\CentroIntegradoPesquisa\app\Controllers\Main.php(52): App\Models\LattesExtrator->index(Array, 'groups', 'members_gr', '1', '', '')
#3 D:\Projeto\www\CentroIntegradoPesquisa\system\CodeIgniter.php(928): App\Controllers\Main->lattes('groups', 'members_gr', '1')
#4 D:\Projeto\www\CentroIntegradoPesquisa\system\CodeIgniter.php(436): CodeIgniter\CodeIgniter->runController(Object(App\Controllers\Main))
#5 D:\Projeto\www\CentroIntegradoPesquisa\system\CodeIgniter.php(336): CodeIgniter\CodeIgniter->handleRequest(NULL, Object(Config\Cache), false)
#6 D:\Projeto\www\CentroIntegradoPesquisa\public\index.php(37): CodeIgniter\CodeIgniter->run()
#7 D:\Projeto\www\CentroIntegradoPesquisa\system\Commands\Server\rewrite.php(45): require_once('D:\\Projeto\\www\\...')
#8 {main}
CRITICAL - 2021-06-26 12:47:10 --> Call to undefined function App\Models\replace()
#0 D:\Projeto\www\CentroIntegradoPesquisa\app\Models\LattesGroups.php(80): App\Models\LattesGroupsMembers->form_import('1')
#1 D:\Projeto\www\CentroIntegradoPesquisa\app\Models\LattesExtrator.php(75): App\Models\LattesGroups->index(Array, '1', 'members_gr', '', '')
#2 D:\Projeto\www\CentroIntegradoPesquisa\app\Controllers\Main.php(52): App\Models\LattesExtrator->index(Array, 'groups', 'members_gr', '1', '', '')
#3 D:\Projeto\www\CentroIntegradoPesquisa\system\CodeIgniter.php(928): App\Controllers\Main->lattes('groups', 'members_gr', '1')
#4 D:\Projeto\www\CentroIntegradoPesquisa\system\CodeIgniter.php(436): CodeIgniter\CodeIgniter->runController(Object(App\Controllers\Main))
#5 D:\Projeto\www\CentroIntegradoPesquisa\system\CodeIgniter.php(336): CodeIgniter\CodeIgniter->handleRequest(NULL, Object(Config\Cache), false)
#6 D:\Projeto\www\CentroIntegradoPesquisa\public\index.php(37): CodeIgniter\CodeIgniter->run()
#7 D:\Projeto\www\CentroIntegradoPesquisa\system\Commands\Server\rewrite.php(45): require_once('D:\\Projeto\\www\\...')
#8 {main}
CRITICAL - 2021-06-26 12:49:08 --> Array to string conversion
#0 [internal function]: CodeIgniter\Debug\Exceptions->errorHandler(8, 'Array to string...', 'D:\\Projeto\\www\\...', 53, Array)
#1 D:\Projeto\www\CentroIntegradoPesquisa\app\Models\LattesGroupsMembers.php(53): str_replace('/main/lattes/gr...', Array, 'viewid')
#2 D:\Projeto\www\CentroIntegradoPesquisa\app\Models\LattesGroups.php(80): App\Models\LattesGroupsMembers->form_import('1')
#3 D:\Projeto\www\CentroIntegradoPesquisa\app\Models\LattesExtrator.php(75): App\Models\LattesGroups->index(Array, '1', 'members_gr', '', '')
#4 D:\Projeto\www\CentroIntegradoPesquisa\app\Controllers\Main.php(52): App\Models\LattesExtrator->index(Array, 'groups', 'members_gr', '1', '', '')
#5 D:\Projeto\www\CentroIntegradoPesquisa\system\CodeIgniter.php(928): App\Controllers\Main->lattes('groups', 'members_gr', '1')
#6 D:\Projeto\www\CentroIntegradoPesquisa\system\CodeIgniter.php(436): CodeIgniter\CodeIgniter->runController(Object(App\Controllers\Main))
#7 D:\Projeto\www\CentroIntegradoPesquisa\system\CodeIgniter.php(336): CodeIgniter\CodeIgniter->handleRequest(NULL, Object(Config\Cache), false)
#8 D:\Projeto\www\CentroIntegradoPesquisa\public\index.php(37): CodeIgniter\CodeIgniter->run()
#9 D:\Projeto\www\CentroIntegradoPesquisa\system\Commands\Server\rewrite.php(45): require_once('D:\\Projeto\\www\\...')
#10 {main}
CRITICAL - 2021-06-26 12:49:23 --> Call to undefined function App\Models\replace()
#0 D:\Projeto\www\CentroIntegradoPesquisa\app\Models\LattesGroups.php(80): App\Models\LattesGroupsMembers->form_import('1')
#1 D:\Projeto\www\CentroIntegradoPesquisa\app\Models\LattesExtrator.php(75): App\Models\LattesGroups->index(Array, '1', 'members_gr', '', '')
#2 D:\Projeto\www\CentroIntegradoPesquisa\app\Controllers\Main.php(52): App\Models\LattesExtrator->index(Array, 'groups', 'members_gr', '1', '', '')
#3 D:\Projeto\www\CentroIntegradoPesquisa\system\CodeIgniter.php(928): App\Controllers\Main->lattes('groups', 'members_gr', '1')
#4 D:\Projeto\www\CentroIntegradoPesquisa\system\CodeIgniter.php(436): CodeIgniter\CodeIgniter->runController(Object(App\Controllers\Main))
#5 D:\Projeto\www\CentroIntegradoPesquisa\system\CodeIgniter.php(336): CodeIgniter\CodeIgniter->handleRequest(NULL, Object(Config\Cache), false)
#6 D:\Projeto\www\CentroIntegradoPesquisa\public\index.php(37): CodeIgniter\CodeIgniter->run()
#7 D:\Projeto\www\CentroIntegradoPesquisa\system\Commands\Server\rewrite.php(45): require_once('D:\\Projeto\\www\\...')
#8 {main}
CRITICAL - 2021-06-26 13:02:16 --> Call to undefined method CodeIgniter\Database\MySQLi\Connection::where()
#0 D:\Projeto\www\CentroIntegradoPesquisa\app\Models\LattesGroupsMembers.php(72): App\Models\LattesGroupsMembers->group_members_include('1', '590034566577942...')
#1 D:\Projeto\www\CentroIntegradoPesquisa\app\Models\LattesGroups.php(80): App\Models\LattesGroupsMembers->form_import('1', Array)
#2 D:\Projeto\www\CentroIntegradoPesquisa\app\Models\LattesExtrator.php(75): App\Models\LattesGroups->index(Array, '1', 'members_gr', '', '')
#3 D:\Projeto\www\CentroIntegradoPesquisa\app\Controllers\Main.php(52): App\Models\LattesExtrator->index(Array, 'groups', 'members_gr', '1', '', '')
#4 D:\Projeto\www\CentroIntegradoPesquisa\system\CodeIgniter.php(928): App\Controllers\Main->lattes('groups', 'members_gr', '1')
#5 D:\Projeto\www\CentroIntegradoPesquisa\system\CodeIgniter.php(436): CodeIgniter\CodeIgniter->runController(Object(App\Controllers\Main))
#6 D:\Projeto\www\CentroIntegradoPesquisa\system\CodeIgniter.php(336): CodeIgniter\CodeIgniter->handleRequest(NULL, Object(Config\Cache), false)
#7 D:\Projeto\www\CentroIntegradoPesquisa\public\index.php(37): CodeIgniter\CodeIgniter->run()
#8 D:\Projeto\www\CentroIntegradoPesquisa\system\Commands\Server\rewrite.php(45): require_once('D:\\Projeto\\www\\...')
#9 {main}
ERROR - 2021-06-26 13:03:50 --> Table 'cip.lattesgroupsmembers' doesn't exist
CRITICAL - 2021-06-26 13:03:50 --> Table 'cip.lattesgroupsmembers' doesn't exist
#0 D:\Projeto\www\CentroIntegradoPesquisa\system\Database\MySQLi\Connection.php(329): mysqli->query('SELECT *\nFROM `...')
#1 D:\Projeto\www\CentroIntegradoPesquisa\system\Database\BaseConnection.php(732): CodeIgniter\Database\MySQLi\Connection->execute('SELECT *\nFROM `...')
#2 D:\Projeto\www\CentroIntegradoPesquisa\system\Database\BaseConnection.php(647): CodeIgniter\Database\BaseConnection->simpleQuery('SELECT *\nFROM `...')
#3 D:\Projeto\www\CentroIntegradoPesquisa\system\Database\BaseBuilder.php(1881): CodeIgniter\Database\BaseConnection->query('SELECT *\nFROM `...', Array, false)
#4 D:\Projeto\www\CentroIntegradoPesquisa\system\Model.php(197): CodeIgniter\Database\BaseBuilder->get()
#5 D:\Projeto\www\CentroIntegradoPesquisa\system\BaseModel.php(603): CodeIgniter\Model->doFindAll(0, 0)
#6 D:\Projeto\www\CentroIntegradoPesquisa\app\Models\LattesGroupsMembers.php(95): CodeIgniter\BaseModel->findAll()
#7 D:\Projeto\www\CentroIntegradoPesquisa\app\Models\LattesGroupsMembers.php(72): App\Models\LattesGroupsMembers->group_members_include('1', '590034566577942...')
#8 D:\Projeto\www\CentroIntegradoPesquisa\app\Models\LattesGroups.php(80): App\Models\LattesGroupsMembers->form_import('1', Array)
#9 D:\Projeto\www\CentroIntegradoPesquisa\app\Models\LattesExtrator.php(75): App\Models\LattesGroups->index(Array, '1', 'members_gr', '', '')
#10 D:\Projeto\www\CentroIntegradoPesquisa\app\Controllers\Main.php(52): App\Models\LattesExtrator->index(Array, 'groups', 'members_gr', '1', '', '')
#11 D:\Projeto\www\CentroIntegradoPesquisa\system\CodeIgniter.php(928): App\Controllers\Main->lattes('groups', 'members_gr', '1')
#12 D:\Projeto\www\CentroIntegradoPesquisa\system\CodeIgniter.php(436): CodeIgniter\CodeIgniter->runController(Object(App\Controllers\Main))
#13 D:\Projeto\www\CentroIntegradoPesquisa\system\CodeIgniter.php(336): CodeIgniter\CodeIgniter->handleRequest(NULL, Object(Config\Cache), false)
#14 D:\Projeto\www\CentroIntegradoPesquisa\public\index.php(37): CodeIgniter\CodeIgniter->run()
#15 D:\Projeto\www\CentroIntegradoPesquisa\system\Commands\Server\rewrite.php(45): require_once('D:\\Projeto\\www\\...')
#16 {main}
CRITICAL - 2021-06-26 13:05:49 --> syntax error, unexpected '}', expecting ';'
#0 D:\Projeto\www\CentroIntegradoPesquisa\system\Autoloader\Autoloader.php(273): CodeIgniter\Autoloader\Autoloader->includeFile('D:\\Projeto\\www\\...')
#1 D:\Projeto\www\CentroIntegradoPesquisa\system\Autoloader\Autoloader.php(247): CodeIgniter\Autoloader\Autoloader->loadInNamespace('App\\Models\\Latt...')
#2 [internal function]: CodeIgniter\Autoloader\Autoloader->loadClass('App\\Models\\Latt...')
#3 D:\Projeto\www\CentroIntegradoPesquisa\app\Models\LattesGroups.php(67): spl_autoload_call('App\\Models\\Latt...')
#4 D:\Projeto\www\CentroIntegradoPesquisa\app\Models\LattesExtrator.php(75): App\Models\LattesGroups->index(Array, '1', 'members_gr', '', '')
#5 D:\Projeto\www\CentroIntegradoPesquisa\app\Controllers\Main.php(52): App\Models\LattesExtrator->index(Array, 'groups', 'members_gr', '1', '', '')
#6 D:\Projeto\www\CentroIntegradoPesquisa\system\CodeIgniter.php(928): App\Controllers\Main->lattes('groups', 'members_gr', '1')
#7 D:\Projeto\www\CentroIntegradoPesquisa\system\CodeIgniter.php(436): CodeIgniter\CodeIgniter->runController(Object(App\Controllers\Main))
#8 D:\Projeto\www\CentroIntegradoPesquisa\system\CodeIgniter.php(336): CodeIgniter\CodeIgniter->handleRequest(NULL, Object(Config\Cache), false)
#9 D:\Projeto\www\CentroIntegradoPesquisa\public\index.php(37): CodeIgniter\CodeIgniter->run()
#10 D:\Projeto\www\CentroIntegradoPesquisa\system\Commands\Server\rewrite.php(45): require_once('D:\\Projeto\\www\\...')
#11 {main}
CRITICAL - 2021-06-26 13:17:45 --> Call to undefined method CodeIgniter\Database\MySQLi\Result::findAll()
#0 D:\Projeto\www\CentroIntegradoPesquisa\app\Models\LattesGroups.php(88): App\Models\LattesGroupsMembers->members('1')
#1 D:\Projeto\www\CentroIntegradoPesquisa\app\Models\LattesExtrator.php(75): App\Models\LattesGroups->index(Array, '1', 'viewid', '', '')
#2 D:\Projeto\www\CentroIntegradoPesquisa\app\Controllers\Main.php(52): App\Models\LattesExtrator->index(Array, 'groups', 'viewid', '1', '', '')
#3 D:\Projeto\www\CentroIntegradoPesquisa\system\CodeIgniter.php(928): App\Controllers\Main->lattes('groups', 'viewid', '1')
#4 D:\Projeto\www\CentroIntegradoPesquisa\system\CodeIgniter.php(436): CodeIgniter\CodeIgniter->runController(Object(App\Controllers\Main))
#5 D:\Projeto\www\CentroIntegradoPesquisa\system\CodeIgniter.php(336): CodeIgniter\CodeIgniter->handleRequest(NULL, Object(Config\Cache), false)
#6 D:\Projeto\www\CentroIntegradoPesquisa\public\index.php(37): CodeIgniter\CodeIgniter->run()
#7 D:\Projeto\www\CentroIntegradoPesquisa\system\Commands\Server\rewrite.php(45): require_once('D:\\Projeto\\www\\...')
#8 {main}
CRITICAL - 2021-06-26 13:18:36 --> Call to undefined method CodeIgniter\Database\MySQLi\Connection::findall()
#0 D:\Projeto\www\CentroIntegradoPesquisa\app\Models\LattesGroups.php(88): App\Models\LattesGroupsMembers->members('1')
#1 D:\Projeto\www\CentroIntegradoPesquisa\app\Models\LattesExtrator.php(75): App\Models\LattesGroups->index(Array, '1', 'viewid', '', '')
#2 D:\Projeto\www\CentroIntegradoPesquisa\app\Controllers\Main.php(52): App\Models\LattesExtrator->index(Array, 'groups', 'viewid', '1', '', '')
#3 D:\Projeto\www\CentroIntegradoPesquisa\system\CodeIgniter.php(928): App\Controllers\Main->lattes('groups', 'viewid', '1')
#4 D:\Projeto\www\CentroIntegradoPesquisa\system\CodeIgniter.php(436): CodeIgniter\CodeIgniter->runController(Object(App\Controllers\Main))
#5 D:\Projeto\www\CentroIntegradoPesquisa\system\CodeIgniter.php(336): CodeIgniter\CodeIgniter->handleRequest(NULL, Object(Config\Cache), false)
#6 D:\Projeto\www\CentroIntegradoPesquisa\public\index.php(37): CodeIgniter\CodeIgniter->run()
#7 D:\Projeto\www\CentroIntegradoPesquisa\system\Commands\Server\rewrite.php(45): require_once('D:\\Projeto\\www\\...')
#8 {main}
CRITICAL - 2021-06-26 13:21:18 --> syntax error, unexpected ':', expecting ';'
#0 D:\Projeto\www\CentroIntegradoPesquisa\system\Autoloader\Autoloader.php(273): CodeIgniter\Autoloader\Autoloader->includeFile('D:\\Projeto\\www\\...')
#1 D:\Projeto\www\CentroIntegradoPesquisa\system\Autoloader\Autoloader.php(247): CodeIgniter\Autoloader\Autoloader->loadInNamespace('App\\Models\\Latt...')
#2 [internal function]: CodeIgniter\Autoloader\Autoloader->loadClass('App\\Models\\Latt...')
#3 D:\Projeto\www\CentroIntegradoPesquisa\app\Models\LattesGroups.php(67): spl_autoload_call('App\\Models\\Latt...')
#4 D:\Projeto\www\CentroIntegradoPesquisa\app\Models\LattesExtrator.php(75): App\Models\LattesGroups->index(Array, '1', 'viewid', '', '')
#5 D:\Projeto\www\CentroIntegradoPesquisa\app\Controllers\Main.php(52): App\Models\LattesExtrator->index(Array, 'groups', 'viewid', '1', '', '')
#6 D:\Projeto\www\CentroIntegradoPesquisa\system\CodeIgniter.php(928): App\Controllers\Main->lattes('groups', 'viewid', '1')
#7 D:\Projeto\www\CentroIntegradoPesquisa\system\CodeIgniter.php(436): CodeIgniter\CodeIgniter->runController(Object(App\Controllers\Main))
#8 D:\Projeto\www\CentroIntegradoPesquisa\system\CodeIgniter.php(336): CodeIgniter\CodeIgniter->handleRequest(NULL, Object(Config\Cache), false)
#9 D:\Projeto\www\CentroIntegradoPesquisa\public\index.php(37): CodeIgniter\CodeIgniter->run()
#10 D:\Projeto\www\CentroIntegradoPesquisa\system\Commands\Server\rewrite.php(45): require_once('D:\\Projeto\\www\\...')
#11 {main}
