CRITICAL - 2021-07-05 09:03:10 --> Undefined offset: 1499
#0 D:\Projetos\www\CentroIntegradoPesquisa\app\Models\Patents.php(84): CodeIgniter\Debug\Exceptions->errorHandler(8, 'Undefined offse...', 'D:\\Projetos\\www...', 84, Array)
#1 D:\Projetos\www\CentroIntegradoPesquisa\app\Models\Patents.php(60): App\Models\Patents->cron_week('')
#2 D:\Projetos\www\CentroIntegradoPesquisa\app\Controllers\Main.php(55): App\Models\Patents->index(Array, 'cron', '', '', '', '')
#3 D:\Projetos\www\CentroIntegradoPesquisa\system\CodeIgniter.php(928): App\Controllers\Main->patent('cron')
#4 D:\Projetos\www\CentroIntegradoPesquisa\system\CodeIgniter.php(436): CodeIgniter\CodeIgniter->runController(Object(App\Controllers\Main))
#5 D:\Projetos\www\CentroIntegradoPesquisa\system\CodeIgniter.php(336): CodeIgniter\CodeIgniter->handleRequest(NULL, Object(Config\Cache), false)
#6 D:\Projetos\www\CentroIntegradoPesquisa\public\index.php(37): CodeIgniter\CodeIgniter->run()
#7 D:\Projetos\www\CentroIntegradoPesquisa\system\Commands\Server\rewrite.php(45): require_once('D:\\Projetos\\www...')
#8 {main}
CRITICAL - 2021-07-05 09:17:16 --> Too few arguments to function nbr_author(), 1 passed in D:\Projetos\www\CentroIntegradoPesquisa\app\Models\Patents.php on line 113 and exactly 2 expected
#0 D:\Projetos\www\CentroIntegradoPesquisa\app\Models\Patents.php(113): nbr_author('(71) A. Raymond...')
#1 D:\Projetos\www\CentroIntegradoPesquisa\app\Models\Patents.php(86): App\Models\Patents->process('71', 'No 2634 de 29/0...')
#2 D:\Projetos\www\CentroIntegradoPesquisa\app\Models\Patents.php(60): App\Models\Patents->cron_week('/data/www/paten...')
#3 D:\Projetos\www\CentroIntegradoPesquisa\app\Controllers\Main.php(55): App\Models\Patents->index(Array, 'cron', '', '', '', '')
#4 D:\Projetos\www\CentroIntegradoPesquisa\system\CodeIgniter.php(928): App\Controllers\Main->patent('cron')
#5 D:\Projetos\www\CentroIntegradoPesquisa\system\CodeIgniter.php(436): CodeIgniter\CodeIgniter->runController(Object(App\Controllers\Main))
#6 D:\Projetos\www\CentroIntegradoPesquisa\system\CodeIgniter.php(336): CodeIgniter\CodeIgniter->handleRequest(NULL, Object(Config\Cache), false)
#7 D:\Projetos\www\CentroIntegradoPesquisa\public\index.php(37): CodeIgniter\CodeIgniter->run()
#8 D:\Projetos\www\CentroIntegradoPesquisa\system\Commands\Server\rewrite.php(45): require_once('D:\\Projetos\\www...')
#9 {main}
CRITICAL - 2021-07-05 09:17:36 --> Call to undefined function App\Models\autority()
#0 D:\Projetos\www\CentroIntegradoPesquisa\app\Models\Patents.php(86): App\Models\Patents->process('71', 'No 2634 de 29/0...')
#1 D:\Projetos\www\CentroIntegradoPesquisa\app\Models\Patents.php(60): App\Models\Patents->cron_week('/data/www/paten...')
#2 D:\Projetos\www\CentroIntegradoPesquisa\app\Controllers\Main.php(55): App\Models\Patents->index(Array, 'cron', '', '', '', '')
#3 D:\Projetos\www\CentroIntegradoPesquisa\system\CodeIgniter.php(928): App\Controllers\Main->patent('cron')
#4 D:\Projetos\www\CentroIntegradoPesquisa\system\CodeIgniter.php(436): CodeIgniter\CodeIgniter->runController(Object(App\Controllers\Main))
#5 D:\Projetos\www\CentroIntegradoPesquisa\system\CodeIgniter.php(336): CodeIgniter\CodeIgniter->handleRequest(NULL, Object(Config\Cache), false)
#6 D:\Projetos\www\CentroIntegradoPesquisa\public\index.php(37): CodeIgniter\CodeIgniter->run()
#7 D:\Projetos\www\CentroIntegradoPesquisa\system\Commands\Server\rewrite.php(45): require_once('D:\\Projetos\\www...')
#8 {main}
CRITICAL - 2021-07-05 09:17:53 --> Call to undefined function troca()
#0 D:\Projetos\www\CentroIntegradoPesquisa\app\Models\Patents.php(92): nbr_author('(71) A. Raymond...', 7)
#1 D:\Projetos\www\CentroIntegradoPesquisa\app\Models\Patents.php(113): App\Models\Patents->autority('(71) A. Raymond...')
#2 D:\Projetos\www\CentroIntegradoPesquisa\app\Models\Patents.php(86): App\Models\Patents->process('71', 'No 2634 de 29/0...')
#3 D:\Projetos\www\CentroIntegradoPesquisa\app\Models\Patents.php(60): App\Models\Patents->cron_week('/data/www/paten...')
#4 D:\Projetos\www\CentroIntegradoPesquisa\app\Controllers\Main.php(55): App\Models\Patents->index(Array, 'cron', '', '', '', '')
#5 D:\Projetos\www\CentroIntegradoPesquisa\system\CodeIgniter.php(928): App\Controllers\Main->patent('cron')
#6 D:\Projetos\www\CentroIntegradoPesquisa\system\CodeIgniter.php(436): CodeIgniter\CodeIgniter->runController(Object(App\Controllers\Main))
#7 D:\Projetos\www\CentroIntegradoPesquisa\system\CodeIgniter.php(336): CodeIgniter\CodeIgniter->handleRequest(NULL, Object(Config\Cache), false)
#8 D:\Projetos\www\CentroIntegradoPesquisa\public\index.php(37): CodeIgniter\CodeIgniter->run()
#9 D:\Projetos\www\CentroIntegradoPesquisa\system\Commands\Server\rewrite.php(45): require_once('D:\\Projetos\\www...')
#10 {main}
CRITICAL - 2021-07-05 09:18:55 --> Call to undefined function UpperCaseSQL()
#0 D:\Projetos\www\CentroIntegradoPesquisa\app\Models\Patents.php(92): nbr_author('- (FR)', 7)
#1 D:\Projetos\www\CentroIntegradoPesquisa\app\Models\Patents.php(113): App\Models\Patents->autority('(71) A. Raymond...')
#2 D:\Projetos\www\CentroIntegradoPesquisa\app\Models\Patents.php(86): App\Models\Patents->process('71', 'No 2634 de 29/0...')
#3 D:\Projetos\www\CentroIntegradoPesquisa\app\Models\Patents.php(60): App\Models\Patents->cron_week('/data/www/paten...')
#4 D:\Projetos\www\CentroIntegradoPesquisa\app\Controllers\Main.php(55): App\Models\Patents->index(Array, 'cron', '', '', '', '')
#5 D:\Projetos\www\CentroIntegradoPesquisa\system\CodeIgniter.php(928): App\Controllers\Main->patent('cron')
#6 D:\Projetos\www\CentroIntegradoPesquisa\system\CodeIgniter.php(436): CodeIgniter\CodeIgniter->runController(Object(App\Controllers\Main))
#7 D:\Projetos\www\CentroIntegradoPesquisa\system\CodeIgniter.php(336): CodeIgniter\CodeIgniter->handleRequest(NULL, Object(Config\Cache), false)
#8 D:\Projetos\www\CentroIntegradoPesquisa\public\index.php(37): CodeIgniter\CodeIgniter->run()
#9 D:\Projetos\www\CentroIntegradoPesquisa\system\Commands\Server\rewrite.php(45): require_once('D:\\Projetos\\www...')
#10 {main}
CRITICAL - 2021-07-05 09:19:32 --> Call to undefined function UpperCase()
#0 D:\Projetos\www\CentroIntegradoPesquisa\app\Models\Patents.php(92): nbr_author('(71) a. raymond...', 7)
#1 D:\Projetos\www\CentroIntegradoPesquisa\app\Models\Patents.php(113): App\Models\Patents->autority('(71) A. Raymond...')
#2 D:\Projetos\www\CentroIntegradoPesquisa\app\Models\Patents.php(86): App\Models\Patents->process('71', 'No 2634 de 29/0...')
#3 D:\Projetos\www\CentroIntegradoPesquisa\app\Models\Patents.php(60): App\Models\Patents->cron_week('/data/www/paten...')
#4 D:\Projetos\www\CentroIntegradoPesquisa\app\Controllers\Main.php(55): App\Models\Patents->index(Array, 'cron', '', '', '', '')
#5 D:\Projetos\www\CentroIntegradoPesquisa\system\CodeIgniter.php(928): App\Controllers\Main->patent('cron')
#6 D:\Projetos\www\CentroIntegradoPesquisa\system\CodeIgniter.php(436): CodeIgniter\CodeIgniter->runController(Object(App\Controllers\Main))
#7 D:\Projetos\www\CentroIntegradoPesquisa\system\CodeIgniter.php(336): CodeIgniter\CodeIgniter->handleRequest(NULL, Object(Config\Cache), false)
#8 D:\Projetos\www\CentroIntegradoPesquisa\public\index.php(37): CodeIgniter\CodeIgniter->run()
#9 D:\Projetos\www\CentroIntegradoPesquisa\system\Commands\Server\rewrite.php(45): require_once('D:\\Projetos\\www...')
#10 {main}
CRITICAL - 2021-07-05 09:41:26 --> count(): Parameter must be an array or an object that implements Countable
#0 [internal function]: CodeIgniter\Debug\Exceptions->errorHandler(2, 'count(): Parame...', 'D:\\Projetos\\www...', 146, Array)
#1 D:\Projetos\www\CentroIntegradoPesquisa\app\Models\Patents.php(146): count('BR 11 2012 0071...')
#2 D:\Projetos\www\CentroIntegradoPesquisa\app\Models\Patents.php(86): App\Models\Patents->process('71', 'No 2634 de 29/0...')
#3 D:\Projetos\www\CentroIntegradoPesquisa\app\Models\Patents.php(60): App\Models\Patents->cron_week('/data/www/paten...')
#4 D:\Projetos\www\CentroIntegradoPesquisa\app\Controllers\Main.php(55): App\Models\Patents->index(Array, 'cron', '', '', '', '')
#5 D:\Projetos\www\CentroIntegradoPesquisa\system\CodeIgniter.php(928): App\Controllers\Main->patent('cron')
#6 D:\Projetos\www\CentroIntegradoPesquisa\system\CodeIgniter.php(436): CodeIgniter\CodeIgniter->runController(Object(App\Controllers\Main))
#7 D:\Projetos\www\CentroIntegradoPesquisa\system\CodeIgniter.php(336): CodeIgniter\CodeIgniter->handleRequest(NULL, Object(Config\Cache), false)
#8 D:\Projetos\www\CentroIntegradoPesquisa\public\index.php(37): CodeIgniter\CodeIgniter->run()
#9 D:\Projetos\www\CentroIntegradoPesquisa\system\Commands\Server\rewrite.php(45): require_once('D:\\Projetos\\www...')
#10 {main}
CRITICAL - 2021-07-05 09:42:00 --> Call to undefined method App\Models\Patents::check
#0 D:\Projetos\www\CentroIntegradoPesquisa\app\Models\Patents.php(145): CodeIgniter\Model->__call('check', Array)
#1 D:\Projetos\www\CentroIntegradoPesquisa\app\Models\Patents.php(86): App\Models\Patents->process('71', 'No 2634 de 29/0...')
#2 D:\Projetos\www\CentroIntegradoPesquisa\app\Models\Patents.php(60): App\Models\Patents->cron_week('/data/www/paten...')
#3 D:\Projetos\www\CentroIntegradoPesquisa\app\Controllers\Main.php(55): App\Models\Patents->index(Array, 'cron', '', '', '', '')
#4 D:\Projetos\www\CentroIntegradoPesquisa\system\CodeIgniter.php(928): App\Controllers\Main->patent('cron')
#5 D:\Projetos\www\CentroIntegradoPesquisa\system\CodeIgniter.php(436): CodeIgniter\CodeIgniter->runController(Object(App\Controllers\Main))
#6 D:\Projetos\www\CentroIntegradoPesquisa\system\CodeIgniter.php(336): CodeIgniter\CodeIgniter->handleRequest(NULL, Object(Config\Cache), false)
#7 D:\Projetos\www\CentroIntegradoPesquisa\public\index.php(37): CodeIgniter\CodeIgniter->run()
#8 D:\Projetos\www\CentroIntegradoPesquisa\system\Commands\Server\rewrite.php(45): require_once('D:\\Projetos\\www...')
#9 {main}
CRITICAL - 2021-07-05 09:43:56 --> Class 'App\Models\PatentsAuthoriry' not found
#0 D:\Projetos\www\CentroIntegradoPesquisa\app\Controllers\Main.php(17): App\Models\Patents->__construct()
#1 D:\Projetos\www\CentroIntegradoPesquisa\system\CodeIgniter.php(900): App\Controllers\Main->__construct()
#2 D:\Projetos\www\CentroIntegradoPesquisa\system\CodeIgniter.php(426): CodeIgniter\CodeIgniter->createController()
#3 D:\Projetos\www\CentroIntegradoPesquisa\system\CodeIgniter.php(336): CodeIgniter\CodeIgniter->handleRequest(NULL, Object(Config\Cache), false)
#4 D:\Projetos\www\CentroIntegradoPesquisa\public\index.php(37): CodeIgniter\CodeIgniter->run()
#5 D:\Projetos\www\CentroIntegradoPesquisa\system\Commands\Server\rewrite.php(45): require_once('D:\\Projetos\\www...')
#6 {main}
CRITICAL - 2021-07-05 09:44:09 --> Class 'App\Models\PatentsAuthoriry' not found
#0 D:\Projetos\www\CentroIntegradoPesquisa\app\Controllers\Main.php(17): App\Models\Patents->__construct()
#1 D:\Projetos\www\CentroIntegradoPesquisa\system\CodeIgniter.php(900): App\Controllers\Main->__construct()
#2 D:\Projetos\www\CentroIntegradoPesquisa\system\CodeIgniter.php(426): CodeIgniter\CodeIgniter->createController()
#3 D:\Projetos\www\CentroIntegradoPesquisa\system\CodeIgniter.php(336): CodeIgniter\CodeIgniter->handleRequest(NULL, Object(Config\Cache), false)
#4 D:\Projetos\www\CentroIntegradoPesquisa\public\index.php(37): CodeIgniter\CodeIgniter->run()
#5 D:\Projetos\www\CentroIntegradoPesquisa\system\Commands\Server\rewrite.php(45): require_once('D:\\Projetos\\www...')
#6 {main}
CRITICAL - 2021-07-05 09:44:10 --> Class 'App\Models\PatentsAuthoriry' not found
#0 D:\Projetos\www\CentroIntegradoPesquisa\app\Controllers\Main.php(17): App\Models\Patents->__construct()
#1 D:\Projetos\www\CentroIntegradoPesquisa\system\CodeIgniter.php(900): App\Controllers\Main->__construct()
#2 D:\Projetos\www\CentroIntegradoPesquisa\system\CodeIgniter.php(426): CodeIgniter\CodeIgniter->createController()
#3 D:\Projetos\www\CentroIntegradoPesquisa\system\CodeIgniter.php(336): CodeIgniter\CodeIgniter->handleRequest(NULL, Object(Config\Cache), false)
#4 D:\Projetos\www\CentroIntegradoPesquisa\public\index.php(37): CodeIgniter\CodeIgniter->run()
#5 D:\Projetos\www\CentroIntegradoPesquisa\system\Commands\Server\rewrite.php(45): require_once('D:\\Projetos\\www...')
#6 {main}
CRITICAL - 2021-07-05 09:44:11 --> Class 'App\Models\PatentsAuthoriry' not found
#0 D:\Projetos\www\CentroIntegradoPesquisa\app\Controllers\Main.php(17): App\Models\Patents->__construct()
#1 D:\Projetos\www\CentroIntegradoPesquisa\system\CodeIgniter.php(900): App\Controllers\Main->__construct()
#2 D:\Projetos\www\CentroIntegradoPesquisa\system\CodeIgniter.php(426): CodeIgniter\CodeIgniter->createController()
#3 D:\Projetos\www\CentroIntegradoPesquisa\system\CodeIgniter.php(336): CodeIgniter\CodeIgniter->handleRequest(NULL, Object(Config\Cache), false)
#4 D:\Projetos\www\CentroIntegradoPesquisa\public\index.php(37): CodeIgniter\CodeIgniter->run()
#5 D:\Projetos\www\CentroIntegradoPesquisa\system\Commands\Server\rewrite.php(45): require_once('D:\\Projetos\\www...')
#6 {main}
CRITICAL - 2021-07-05 09:44:35 --> Undefined variable: PatentAuthority
#0 D:\Projetos\www\CentroIntegradoPesquisa\app\Models\Patents.php(150): CodeIgniter\Debug\Exceptions->errorHandler(8, 'Undefined varia...', 'D:\\Projetos\\www...', 150, Array)
#1 D:\Projetos\www\CentroIntegradoPesquisa\app\Models\Patents.php(91): App\Models\Patents->process('71', 'No 2634 de 29/0...')
#2 D:\Projetos\www\CentroIntegradoPesquisa\app\Models\Patents.php(65): App\Models\Patents->cron_week('/data/www/paten...')
#3 D:\Projetos\www\CentroIntegradoPesquisa\app\Controllers\Main.php(55): App\Models\Patents->index(Array, 'cron', '', '', '', '')
#4 D:\Projetos\www\CentroIntegradoPesquisa\system\CodeIgniter.php(928): App\Controllers\Main->patent('cron')
#5 D:\Projetos\www\CentroIntegradoPesquisa\system\CodeIgniter.php(436): CodeIgniter\CodeIgniter->runController(Object(App\Controllers\Main))
#6 D:\Projetos\www\CentroIntegradoPesquisa\system\CodeIgniter.php(336): CodeIgniter\CodeIgniter->handleRequest(NULL, Object(Config\Cache), false)
#7 D:\Projetos\www\CentroIntegradoPesquisa\public\index.php(37): CodeIgniter\CodeIgniter->run()
#8 D:\Projetos\www\CentroIntegradoPesquisa\system\Commands\Server\rewrite.php(45): require_once('D:\\Projetos\\www...')
#9 {main}
ERROR - 2021-07-05 09:45:05 --> Table 'cip.patentauthorities' doesn't exist
CRITICAL - 2021-07-05 09:45:05 --> Table 'cip.patentauthorities' doesn't exist
#0 D:\Projetos\www\CentroIntegradoPesquisa\system\Database\MySQLi\Connection.php(329): mysqli->query('SELECT *\nFROM `...')
#1 D:\Projetos\www\CentroIntegradoPesquisa\system\Database\BaseConnection.php(732): CodeIgniter\Database\MySQLi\Connection->execute('SELECT *\nFROM `...')
#2 D:\Projetos\www\CentroIntegradoPesquisa\system\Database\BaseConnection.php(647): CodeIgniter\Database\BaseConnection->simpleQuery('SELECT *\nFROM `...')
#3 D:\Projetos\www\CentroIntegradoPesquisa\system\Database\BaseBuilder.php(1881): CodeIgniter\Database\BaseConnection->query('SELECT *\nFROM `...', Array, false)
#4 D:\Projetos\www\CentroIntegradoPesquisa\system\Model.php(197): CodeIgniter\Database\BaseBuilder->get()
#5 D:\Projetos\www\CentroIntegradoPesquisa\system\BaseModel.php(603): CodeIgniter\Model->doFindAll(0, 0)
#6 D:\Projetos\www\CentroIntegradoPesquisa\app\Models\PatentAuthority.php(54): CodeIgniter\BaseModel->findAll()
#7 D:\Projetos\www\CentroIntegradoPesquisa\app\Models\Patents.php(150): App\Models\PatentAuthority->check('(71) A. Raymond...', '(FR)')
#8 D:\Projetos\www\CentroIntegradoPesquisa\app\Models\Patents.php(91): App\Models\Patents->process('71', 'No 2634 de 29/0...')
#9 D:\Projetos\www\CentroIntegradoPesquisa\app\Models\Patents.php(65): App\Models\Patents->cron_week('/data/www/paten...')
#10 D:\Projetos\www\CentroIntegradoPesquisa\app\Controllers\Main.php(55): App\Models\Patents->index(Array, 'cron', '', '', '', '')
#11 D:\Projetos\www\CentroIntegradoPesquisa\system\CodeIgniter.php(928): App\Controllers\Main->patent('cron')
#12 D:\Projetos\www\CentroIntegradoPesquisa\system\CodeIgniter.php(436): CodeIgniter\CodeIgniter->runController(Object(App\Controllers\Main))
#13 D:\Projetos\www\CentroIntegradoPesquisa\system\CodeIgniter.php(336): CodeIgniter\CodeIgniter->handleRequest(NULL, Object(Config\Cache), false)
#14 D:\Projetos\www\CentroIntegradoPesquisa\public\index.php(37): CodeIgniter\CodeIgniter->run()
#15 D:\Projetos\www\CentroIntegradoPesquisa\system\Commands\Server\rewrite.php(45): require_once('D:\\Projetos\\www...')
#16 {main}
CRITICAL - 2021-07-05 09:53:31 --> count(): Parameter must be an array or an object that implements Countable
#0 [internal function]: CodeIgniter\Debug\Exceptions->errorHandler(2, 'count(): Parame...', 'D:\\Projetos\\www...', 56, Array)
#1 D:\Projetos\www\CentroIntegradoPesquisa\app\Models\PatentAuthority.php(56): count(NULL)
#2 D:\Projetos\www\CentroIntegradoPesquisa\app\Models\Patents.php(150): App\Models\PatentAuthority->check('(71) Wm. Wrigle...', '(US)')
#3 D:\Projetos\www\CentroIntegradoPesquisa\app\Models\Patents.php(91): App\Models\Patents->process('71', 'No 2634 de 29/0...')
#4 D:\Projetos\www\CentroIntegradoPesquisa\app\Models\Patents.php(65): App\Models\Patents->cron_week('/data/www/paten...')
#5 D:\Projetos\www\CentroIntegradoPesquisa\app\Controllers\Main.php(55): App\Models\Patents->index(Array, 'cron', '', '', '', '')
#6 D:\Projetos\www\CentroIntegradoPesquisa\system\CodeIgniter.php(928): App\Controllers\Main->patent('cron')
#7 D:\Projetos\www\CentroIntegradoPesquisa\system\CodeIgniter.php(436): CodeIgniter\CodeIgniter->runController(Object(App\Controllers\Main))
#8 D:\Projetos\www\CentroIntegradoPesquisa\system\CodeIgniter.php(336): CodeIgniter\CodeIgniter->handleRequest(NULL, Object(Config\Cache), false)
#9 D:\Projetos\www\CentroIntegradoPesquisa\public\index.php(37): CodeIgniter\CodeIgniter->run()
#10 D:\Projetos\www\CentroIntegradoPesquisa\system\Commands\Server\rewrite.php(45): require_once('D:\\Projetos\\www...')
#11 {main}
CRITICAL - 2021-07-05 09:53:59 --> count(): Parameter must be an array or an object that implements Countable
#0 [internal function]: CodeIgniter\Debug\Exceptions->errorHandler(2, 'count(): Parame...', 'D:\\Projetos\\www...', 57, Array)
#1 D:\Projetos\www\CentroIntegradoPesquisa\app\Models\PatentAuthority.php(57): count(NULL)
#2 D:\Projetos\www\CentroIntegradoPesquisa\app\Models\Patents.php(150): App\Models\PatentAuthority->check('(71) Wm. Wrigle...', '(US)')
#3 D:\Projetos\www\CentroIntegradoPesquisa\app\Models\Patents.php(91): App\Models\Patents->process('71', 'No 2634 de 29/0...')
#4 D:\Projetos\www\CentroIntegradoPesquisa\app\Models\Patents.php(65): App\Models\Patents->cron_week('/data/www/paten...')
#5 D:\Projetos\www\CentroIntegradoPesquisa\app\Controllers\Main.php(55): App\Models\Patents->index(Array, 'cron', '', '', '', '')
#6 D:\Projetos\www\CentroIntegradoPesquisa\system\CodeIgniter.php(928): App\Controllers\Main->patent('cron')
#7 D:\Projetos\www\CentroIntegradoPesquisa\system\CodeIgniter.php(436): CodeIgniter\CodeIgniter->runController(Object(App\Controllers\Main))
#8 D:\Projetos\www\CentroIntegradoPesquisa\system\CodeIgniter.php(336): CodeIgniter\CodeIgniter->handleRequest(NULL, Object(Config\Cache), false)
#9 D:\Projetos\www\CentroIntegradoPesquisa\public\index.php(37): CodeIgniter\CodeIgniter->run()
#10 D:\Projetos\www\CentroIntegradoPesquisa\system\Commands\Server\rewrite.php(45): require_once('D:\\Projetos\\www...')
#11 {main}
CRITICAL - 2021-07-05 09:55:11 --> count(): Parameter must be an array or an object that implements Countable
#0 [internal function]: CodeIgniter\Debug\Exceptions->errorHandler(2, 'count(): Parame...', 'D:\\Projetos\\www...', 56, Array)
#1 D:\Projetos\www\CentroIntegradoPesquisa\app\Models\PatentAuthority.php(56): count(NULL)
#2 D:\Projetos\www\CentroIntegradoPesquisa\app\Models\Patents.php(150): App\Models\PatentAuthority->check('(71) Wm. Wrigle...', '(US)')
#3 D:\Projetos\www\CentroIntegradoPesquisa\app\Models\Patents.php(91): App\Models\Patents->process('71', 'No 2634 de 29/0...')
#4 D:\Projetos\www\CentroIntegradoPesquisa\app\Models\Patents.php(65): App\Models\Patents->cron_week('/data/www/paten...')
#5 D:\Projetos\www\CentroIntegradoPesquisa\app\Controllers\Main.php(55): App\Models\Patents->index(Array, 'cron', '', '', '', '')
#6 D:\Projetos\www\CentroIntegradoPesquisa\system\CodeIgniter.php(928): App\Controllers\Main->patent('cron')
#7 D:\Projetos\www\CentroIntegradoPesquisa\system\CodeIgniter.php(436): CodeIgniter\CodeIgniter->runController(Object(App\Controllers\Main))
#8 D:\Projetos\www\CentroIntegradoPesquisa\system\CodeIgniter.php(336): CodeIgniter\CodeIgniter->handleRequest(NULL, Object(Config\Cache), false)
#9 D:\Projetos\www\CentroIntegradoPesquisa\public\index.php(37): CodeIgniter\CodeIgniter->run()
#10 D:\Projetos\www\CentroIntegradoPesquisa\system\Commands\Server\rewrite.php(45): require_once('D:\\Projetos\\www...')
#11 {main}
CRITICAL - 2021-07-05 10:23:34 --> Argument 1 passed to CodeIgniter\Database\BaseResult::getResult() must be of the type string, null given, called in D:\Projetos\www\CentroIntegradoPesquisa\system\Model.php on line 198
#0 D:\Projetos\www\CentroIntegradoPesquisa\system\Model.php(198): CodeIgniter\Database\BaseResult->getResult(NULL)
#1 D:\Projetos\www\CentroIntegradoPesquisa\system\BaseModel.php(603): CodeIgniter\Model->doFindAll(0, 0)
#2 D:\Projetos\www\CentroIntegradoPesquisa\app\Models\Patents.php(79): CodeIgniter\BaseModel->findAll()
#3 D:\Projetos\www\CentroIntegradoPesquisa\app\Models\Patents.php(68): App\Models\Patents->drashboard()
#4 D:\Projetos\www\CentroIntegradoPesquisa\app\Controllers\Main.php(55): App\Models\Patents->index(Array, '', '', '', '', '')
#5 D:\Projetos\www\CentroIntegradoPesquisa\system\CodeIgniter.php(928): App\Controllers\Main->patent()
#6 D:\Projetos\www\CentroIntegradoPesquisa\system\CodeIgniter.php(436): CodeIgniter\CodeIgniter->runController(Object(App\Controllers\Main))
#7 D:\Projetos\www\CentroIntegradoPesquisa\system\CodeIgniter.php(336): CodeIgniter\CodeIgniter->handleRequest(NULL, Object(Config\Cache), false)
#8 D:\Projetos\www\CentroIntegradoPesquisa\public\index.php(37): CodeIgniter\CodeIgniter->run()
#9 D:\Projetos\www\CentroIntegradoPesquisa\system\Commands\Server\rewrite.php(45): require_once('D:\\Projetos\\www...')
#10 {main}
CRITICAL - 2021-07-05 10:36:27 --> syntax error, unexpected '}', expecting ';'
#0 D:\Projetos\www\CentroIntegradoPesquisa\app\Controllers\Main.php(20): helper(Array)
#1 D:\Projetos\www\CentroIntegradoPesquisa\system\CodeIgniter.php(900): App\Controllers\Main->__construct()
#2 D:\Projetos\www\CentroIntegradoPesquisa\system\CodeIgniter.php(426): CodeIgniter\CodeIgniter->createController()
#3 D:\Projetos\www\CentroIntegradoPesquisa\system\CodeIgniter.php(336): CodeIgniter\CodeIgniter->handleRequest(NULL, Object(Config\Cache), false)
#4 D:\Projetos\www\CentroIntegradoPesquisa\public\index.php(37): CodeIgniter\CodeIgniter->run()
#5 D:\Projetos\www\CentroIntegradoPesquisa\system\Commands\Server\rewrite.php(45): require_once('D:\\Projetos\\www...')
#6 {main}
CRITICAL - 2021-07-05 10:36:41 --> syntax error, unexpected '}', expecting ';'
#0 D:\Projetos\www\CentroIntegradoPesquisa\app\Controllers\Main.php(20): helper(Array)
#1 D:\Projetos\www\CentroIntegradoPesquisa\system\CodeIgniter.php(900): App\Controllers\Main->__construct()
#2 D:\Projetos\www\CentroIntegradoPesquisa\system\CodeIgniter.php(426): CodeIgniter\CodeIgniter->createController()
#3 D:\Projetos\www\CentroIntegradoPesquisa\system\CodeIgniter.php(336): CodeIgniter\CodeIgniter->handleRequest(NULL, Object(Config\Cache), false)
#4 D:\Projetos\www\CentroIntegradoPesquisa\public\index.php(37): CodeIgniter\CodeIgniter->run()
#5 D:\Projetos\www\CentroIntegradoPesquisa\system\Commands\Server\rewrite.php(45): require_once('D:\\Projetos\\www...')
#6 {main}
CRITICAL - 2021-07-05 10:40:56 --> Too few arguments to function bscard(), 1 passed in D:\Projetos\www\CentroIntegradoPesquisa\app\Models\Patents.php on line 84 and exactly 2 expected
#0 D:\Projetos\www\CentroIntegradoPesquisa\app\Models\Patents.php(84): bscard('6449 Authoritie...')
#1 D:\Projetos\www\CentroIntegradoPesquisa\app\Models\Patents.php(71): App\Models\Patents->drashboard()
#2 D:\Projetos\www\CentroIntegradoPesquisa\app\Controllers\Main.php(55): App\Models\Patents->index(Array, '', '', '', '', '')
#3 D:\Projetos\www\CentroIntegradoPesquisa\system\CodeIgniter.php(928): App\Controllers\Main->patent()
#4 D:\Projetos\www\CentroIntegradoPesquisa\system\CodeIgniter.php(436): CodeIgniter\CodeIgniter->runController(Object(App\Controllers\Main))
#5 D:\Projetos\www\CentroIntegradoPesquisa\system\CodeIgniter.php(336): CodeIgniter\CodeIgniter->handleRequest(NULL, Object(Config\Cache), false)
#6 D:\Projetos\www\CentroIntegradoPesquisa\public\index.php(37): CodeIgniter\CodeIgniter->run()
#7 D:\Projetos\www\CentroIntegradoPesquisa\system\Commands\Server\rewrite.php(45): require_once('D:\\Projetos\\www...')
#8 {main}
CRITICAL - 2021-07-05 10:47:33 --> Call to a member function links() on null
#0 D:\Projetos\www\CentroIntegradoPesquisa\app\Models\PatentAuthority.php(83): tableview(Object(App\Models\PatentAuthority), Array)
#1 D:\Projetos\www\CentroIntegradoPesquisa\app\Models\Patents.php(68): App\Models\PatentAuthority->tableView()
#2 D:\Projetos\www\CentroIntegradoPesquisa\app\Controllers\Main.php(55): App\Models\Patents->index(Array, 'authorities', '', '', '', '')
#3 D:\Projetos\www\CentroIntegradoPesquisa\system\CodeIgniter.php(928): App\Controllers\Main->patent('authorities')
#4 D:\Projetos\www\CentroIntegradoPesquisa\system\CodeIgniter.php(436): CodeIgniter\CodeIgniter->runController(Object(App\Controllers\Main))
#5 D:\Projetos\www\CentroIntegradoPesquisa\system\CodeIgniter.php(336): CodeIgniter\CodeIgniter->handleRequest(NULL, Object(Config\Cache), false)
#6 D:\Projetos\www\CentroIntegradoPesquisa\public\index.php(37): CodeIgniter\CodeIgniter->run()
#7 D:\Projetos\www\CentroIntegradoPesquisa\system\Commands\Server\rewrite.php(45): require_once('D:\\Projetos\\www...')
#8 {main}
