CRITICAL - 2021-07-06 06:34:58 --> Undefined index: search
#0 D:\Projetos\www\CentroIntegradoPesquisa\app\Helpers\sisdoc_forms_helper.php(244): CodeIgniter\Debug\Exceptions->errorHandler(8, 'Undefined index...', 'D:\\Projetos\\www...', 244, Array)
#1 D:\Projetos\www\CentroIntegradoPesquisa\app\Models\PatentAuthority.php(76): tableview(Object(App\Models\PatentAuthority))
#2 D:\Projetos\www\CentroIntegradoPesquisa\app\Models\Patents.php(68): App\Models\PatentAuthority->tableView()
#3 D:\Projetos\www\CentroIntegradoPesquisa\app\Controllers\Main.php(55): App\Models\Patents->index(Array, 'authorities', '', '', '', '')
#4 D:\Projetos\www\CentroIntegradoPesquisa\system\CodeIgniter.php(928): App\Controllers\Main->patent('authorities')
#5 D:\Projetos\www\CentroIntegradoPesquisa\system\CodeIgniter.php(436): CodeIgniter\CodeIgniter->runController(Object(App\Controllers\Main))
#6 D:\Projetos\www\CentroIntegradoPesquisa\system\CodeIgniter.php(336): CodeIgniter\CodeIgniter->handleRequest(NULL, Object(Config\Cache), false)
#7 D:\Projetos\www\CentroIntegradoPesquisa\public\index.php(37): CodeIgniter\CodeIgniter->run()
#8 D:\Projetos\www\CentroIntegradoPesquisa\system\Commands\Server\rewrite.php(45): require_once('D:\\Projetos\\www...')
#9 {main}
CRITICAL - 2021-07-06 06:35:49 --> Undefined variable: search
#0 D:\Projetos\www\CentroIntegradoPesquisa\app\Helpers\sisdoc_forms_helper.php(263): CodeIgniter\Debug\Exceptions->errorHandler(8, 'Undefined varia...', 'D:\\Projetos\\www...', 263, Array)
#1 D:\Projetos\www\CentroIntegradoPesquisa\app\Models\PatentAuthority.php(76): tableview(Object(App\Models\PatentAuthority))
#2 D:\Projetos\www\CentroIntegradoPesquisa\app\Models\Patents.php(68): App\Models\PatentAuthority->tableView()
#3 D:\Projetos\www\CentroIntegradoPesquisa\app\Controllers\Main.php(55): App\Models\Patents->index(Array, 'authorities', '', '', '', '')
#4 D:\Projetos\www\CentroIntegradoPesquisa\system\CodeIgniter.php(928): App\Controllers\Main->patent('authorities')
#5 D:\Projetos\www\CentroIntegradoPesquisa\system\CodeIgniter.php(436): CodeIgniter\CodeIgniter->runController(Object(App\Controllers\Main))
#6 D:\Projetos\www\CentroIntegradoPesquisa\system\CodeIgniter.php(336): CodeIgniter\CodeIgniter->handleRequest(NULL, Object(Config\Cache), false)
#7 D:\Projetos\www\CentroIntegradoPesquisa\public\index.php(37): CodeIgniter\CodeIgniter->run()
#8 D:\Projetos\www\CentroIntegradoPesquisa\system\Commands\Server\rewrite.php(45): require_once('D:\\Projetos\\www...')
#9 {main}
CRITICAL - 2021-07-06 06:37:46 --> Undefined variable: SX
#0 D:\Projetos\www\CentroIntegradoPesquisa\app\Helpers\sisdoc_forms_helper.php(264): CodeIgniter\Debug\Exceptions->errorHandler(8, 'Undefined varia...', 'D:\\Projetos\\www...', 264, Array)
#1 D:\Projetos\www\CentroIntegradoPesquisa\app\Models\PatentAuthority.php(76): tableview(Object(App\Models\PatentAuthority))
#2 D:\Projetos\www\CentroIntegradoPesquisa\app\Models\Patents.php(68): App\Models\PatentAuthority->tableView()
#3 D:\Projetos\www\CentroIntegradoPesquisa\app\Controllers\Main.php(55): App\Models\Patents->index(Array, 'authorities', '', '', '', '')
#4 D:\Projetos\www\CentroIntegradoPesquisa\system\CodeIgniter.php(928): App\Controllers\Main->patent('authorities')
#5 D:\Projetos\www\CentroIntegradoPesquisa\system\CodeIgniter.php(436): CodeIgniter\CodeIgniter->runController(Object(App\Controllers\Main))
#6 D:\Projetos\www\CentroIntegradoPesquisa\system\CodeIgniter.php(336): CodeIgniter\CodeIgniter->handleRequest(NULL, Object(Config\Cache), false)
#7 D:\Projetos\www\CentroIntegradoPesquisa\public\index.php(37): CodeIgniter\CodeIgniter->run()
#8 D:\Projetos\www\CentroIntegradoPesquisa\system\Commands\Server\rewrite.php(45): require_once('D:\\Projetos\\www...')
#9 {main}
CRITICAL - 2021-07-06 06:47:21 --> Call to a member function orderby() on array
#0 D:\Projetos\www\CentroIntegradoPesquisa\app\Models\PatentAuthority.php(76): tableview(Object(App\Models\PatentAuthority))
#1 D:\Projetos\www\CentroIntegradoPesquisa\app\Models\Patents.php(68): App\Models\PatentAuthority->tableView()
#2 D:\Projetos\www\CentroIntegradoPesquisa\app\Controllers\Main.php(55): App\Models\Patents->index(Array, 'authorities', '', '', '', '')
#3 D:\Projetos\www\CentroIntegradoPesquisa\system\CodeIgniter.php(928): App\Controllers\Main->patent('authorities')
#4 D:\Projetos\www\CentroIntegradoPesquisa\system\CodeIgniter.php(436): CodeIgniter\CodeIgniter->runController(Object(App\Controllers\Main))
#5 D:\Projetos\www\CentroIntegradoPesquisa\system\CodeIgniter.php(336): CodeIgniter\CodeIgniter->handleRequest(NULL, Object(Config\Cache), false)
#6 D:\Projetos\www\CentroIntegradoPesquisa\public\index.php(37): CodeIgniter\CodeIgniter->run()
#7 D:\Projetos\www\CentroIntegradoPesquisa\system\Commands\Server\rewrite.php(45): require_once('D:\\Projetos\\www...')
#8 {main}
CRITICAL - 2021-07-06 06:47:44 --> Call to a member function orderBy() on array
#0 D:\Projetos\www\CentroIntegradoPesquisa\app\Models\PatentAuthority.php(76): tableview(Object(App\Models\PatentAuthority))
#1 D:\Projetos\www\CentroIntegradoPesquisa\app\Models\Patents.php(68): App\Models\PatentAuthority->tableView()
#2 D:\Projetos\www\CentroIntegradoPesquisa\app\Controllers\Main.php(55): App\Models\Patents->index(Array, 'authorities', '', '', '', '')
#3 D:\Projetos\www\CentroIntegradoPesquisa\system\CodeIgniter.php(928): App\Controllers\Main->patent('authorities')
#4 D:\Projetos\www\CentroIntegradoPesquisa\system\CodeIgniter.php(436): CodeIgniter\CodeIgniter->runController(Object(App\Controllers\Main))
#5 D:\Projetos\www\CentroIntegradoPesquisa\system\CodeIgniter.php(336): CodeIgniter\CodeIgniter->handleRequest(NULL, Object(Config\Cache), false)
#6 D:\Projetos\www\CentroIntegradoPesquisa\public\index.php(37): CodeIgniter\CodeIgniter->run()
#7 D:\Projetos\www\CentroIntegradoPesquisa\system\Commands\Server\rewrite.php(45): require_once('D:\\Projetos\\www...')
#8 {main}
CRITICAL - 2021-07-06 06:48:14 --> Undefined index: universidade
#0 D:\Projetos\www\CentroIntegradoPesquisa\app\Helpers\sisdoc_forms_helper.php(266): CodeIgniter\Debug\Exceptions->errorHandler(8, 'Undefined index...', 'D:\\Projetos\\www...', 266, Array)
#1 D:\Projetos\www\CentroIntegradoPesquisa\app\Models\PatentAuthority.php(76): tableview(Object(App\Models\PatentAuthority))
#2 D:\Projetos\www\CentroIntegradoPesquisa\app\Models\Patents.php(68): App\Models\PatentAuthority->tableView()
#3 D:\Projetos\www\CentroIntegradoPesquisa\app\Controllers\Main.php(55): App\Models\Patents->index(Array, 'authorities', '', '', '', '')
#4 D:\Projetos\www\CentroIntegradoPesquisa\system\CodeIgniter.php(928): App\Controllers\Main->patent('authorities')
#5 D:\Projetos\www\CentroIntegradoPesquisa\system\CodeIgniter.php(436): CodeIgniter\CodeIgniter->runController(Object(App\Controllers\Main))
#6 D:\Projetos\www\CentroIntegradoPesquisa\system\CodeIgniter.php(336): CodeIgniter\CodeIgniter->handleRequest(NULL, Object(Config\Cache), false)
#7 D:\Projetos\www\CentroIntegradoPesquisa\public\index.php(37): CodeIgniter\CodeIgniter->run()
#8 D:\Projetos\www\CentroIntegradoPesquisa\system\Commands\Server\rewrite.php(45): require_once('D:\\Projetos\\www...')
#9 {main}
CRITICAL - 2021-07-06 06:48:35 --> Undefined index: universidade
#0 D:\Projetos\www\CentroIntegradoPesquisa\app\Helpers\sisdoc_forms_helper.php(266): CodeIgniter\Debug\Exceptions->errorHandler(8, 'Undefined index...', 'D:\\Projetos\\www...', 266, Array)
#1 D:\Projetos\www\CentroIntegradoPesquisa\app\Models\PatentAuthority.php(76): tableview(Object(App\Models\PatentAuthority))
#2 D:\Projetos\www\CentroIntegradoPesquisa\app\Models\Patents.php(68): App\Models\PatentAuthority->tableView()
#3 D:\Projetos\www\CentroIntegradoPesquisa\app\Controllers\Main.php(55): App\Models\Patents->index(Array, 'authorities', '', '', '', '')
#4 D:\Projetos\www\CentroIntegradoPesquisa\system\CodeIgniter.php(928): App\Controllers\Main->patent('authorities')
#5 D:\Projetos\www\CentroIntegradoPesquisa\system\CodeIgniter.php(436): CodeIgniter\CodeIgniter->runController(Object(App\Controllers\Main))
#6 D:\Projetos\www\CentroIntegradoPesquisa\system\CodeIgniter.php(336): CodeIgniter\CodeIgniter->handleRequest(NULL, Object(Config\Cache), false)
#7 D:\Projetos\www\CentroIntegradoPesquisa\public\index.php(37): CodeIgniter\CodeIgniter->run()
#8 D:\Projetos\www\CentroIntegradoPesquisa\system\Commands\Server\rewrite.php(45): require_once('D:\\Projetos\\www...')
#9 {main}
CRITICAL - 2021-07-06 06:51:47 --> syntax error, unexpected ')', expecting ']'
#0 D:\Projetos\www\CentroIntegradoPesquisa\system\Controller.php(92): helper(Array)
#1 D:\Projetos\www\CentroIntegradoPesquisa\app\Controllers\BaseController.php(51): CodeIgniter\Controller->initController(Object(CodeIgniter\HTTP\IncomingRequest), Object(CodeIgniter\HTTP\Response), Object(CodeIgniter\Log\Logger))
#2 D:\Projetos\www\CentroIntegradoPesquisa\system\CodeIgniter.php(901): App\Controllers\BaseController->initController(Object(CodeIgniter\HTTP\IncomingRequest), Object(CodeIgniter\HTTP\Response), Object(CodeIgniter\Log\Logger))
#3 D:\Projetos\www\CentroIntegradoPesquisa\system\CodeIgniter.php(426): CodeIgniter\CodeIgniter->createController()
#4 D:\Projetos\www\CentroIntegradoPesquisa\system\CodeIgniter.php(336): CodeIgniter\CodeIgniter->handleRequest(NULL, Object(Config\Cache), false)
#5 D:\Projetos\www\CentroIntegradoPesquisa\public\index.php(37): CodeIgniter\CodeIgniter->run()
#6 D:\Projetos\www\CentroIntegradoPesquisa\system\Commands\Server\rewrite.php(45): require_once('D:\\Projetos\\www...')
#7 {main}
CRITICAL - 2021-07-06 07:04:31 --> Argument 1 passed to CodeIgniter\Model::countAllResults() must be of the type bool, array given, called in D:\Projetos\www\CentroIntegradoPesquisa\app\Helpers\sisdoc_forms_helper.php on line 295
#0 D:\Projetos\www\CentroIntegradoPesquisa\app\Helpers\sisdoc_forms_helper.php(295): CodeIgniter\Model->countAllResults(Array)
#1 D:\Projetos\www\CentroIntegradoPesquisa\app\Models\PatentAuthority.php(76): tableview(Object(App\Models\PatentAuthority))
#2 D:\Projetos\www\CentroIntegradoPesquisa\app\Models\Patents.php(68): App\Models\PatentAuthority->tableView()
#3 D:\Projetos\www\CentroIntegradoPesquisa\app\Controllers\Main.php(55): App\Models\Patents->index(Array, 'authorities', '', '', '', '')
#4 D:\Projetos\www\CentroIntegradoPesquisa\system\CodeIgniter.php(928): App\Controllers\Main->patent('authorities')
#5 D:\Projetos\www\CentroIntegradoPesquisa\system\CodeIgniter.php(436): CodeIgniter\CodeIgniter->runController(Object(App\Controllers\Main))
#6 D:\Projetos\www\CentroIntegradoPesquisa\system\CodeIgniter.php(336): CodeIgniter\CodeIgniter->handleRequest(NULL, Object(Config\Cache), false)
#7 D:\Projetos\www\CentroIntegradoPesquisa\public\index.php(37): CodeIgniter\CodeIgniter->run()
#8 D:\Projetos\www\CentroIntegradoPesquisa\system\Commands\Server\rewrite.php(45): require_once('D:\\Projetos\\www...')
#9 {main}
CRITICAL - 2021-07-06 07:09:13 --> Undefined property: CodeIgniter\Pager\Pager::$total
#0 D:\Projetos\www\CentroIntegradoPesquisa\app\Helpers\sisdoc_forms_helper.php(296): CodeIgniter\Debug\Exceptions->errorHandler(8, 'Undefined prope...', 'D:\\Projetos\\www...', 296, Array)
#1 D:\Projetos\www\CentroIntegradoPesquisa\app\Models\PatentAuthority.php(76): tableview(Object(App\Models\PatentAuthority))
#2 D:\Projetos\www\CentroIntegradoPesquisa\app\Models\Patents.php(68): App\Models\PatentAuthority->tableView()
#3 D:\Projetos\www\CentroIntegradoPesquisa\app\Controllers\Main.php(55): App\Models\Patents->index(Array, 'authorities', '', '', '', '')
#4 D:\Projetos\www\CentroIntegradoPesquisa\system\CodeIgniter.php(928): App\Controllers\Main->patent('authorities')
#5 D:\Projetos\www\CentroIntegradoPesquisa\system\CodeIgniter.php(436): CodeIgniter\CodeIgniter->runController(Object(App\Controllers\Main))
#6 D:\Projetos\www\CentroIntegradoPesquisa\system\CodeIgniter.php(336): CodeIgniter\CodeIgniter->handleRequest(NULL, Object(Config\Cache), false)
#7 D:\Projetos\www\CentroIntegradoPesquisa\public\index.php(37): CodeIgniter\CodeIgniter->run()
#8 D:\Projetos\www\CentroIntegradoPesquisa\system\Commands\Server\rewrite.php(45): require_once('D:\\Projetos\\www...')
#9 {main}
CRITICAL - 2021-07-06 07:11:45 --> Call to undefined method CodeIgniter\Pager\Pager::getLast()
#0 D:\Projetos\www\CentroIntegradoPesquisa\app\Models\PatentAuthority.php(76): tableview(Object(App\Models\PatentAuthority))
#1 D:\Projetos\www\CentroIntegradoPesquisa\app\Models\Patents.php(68): App\Models\PatentAuthority->tableView()
#2 D:\Projetos\www\CentroIntegradoPesquisa\app\Controllers\Main.php(55): App\Models\Patents->index(Array, 'authorities', '', '', '', '')
#3 D:\Projetos\www\CentroIntegradoPesquisa\system\CodeIgniter.php(928): App\Controllers\Main->patent('authorities')
#4 D:\Projetos\www\CentroIntegradoPesquisa\system\CodeIgniter.php(436): CodeIgniter\CodeIgniter->runController(Object(App\Controllers\Main))
#5 D:\Projetos\www\CentroIntegradoPesquisa\system\CodeIgniter.php(336): CodeIgniter\CodeIgniter->handleRequest(NULL, Object(Config\Cache), false)
#6 D:\Projetos\www\CentroIntegradoPesquisa\public\index.php(37): CodeIgniter\CodeIgniter->run()
#7 D:\Projetos\www\CentroIntegradoPesquisa\system\Commands\Server\rewrite.php(45): require_once('D:\\Projetos\\www...')
#8 {main}
CRITICAL - 2021-07-06 07:12:19 --> Call to undefined method CodeIgniter\Pager\Pager::getCurrentPageNumber()
#0 D:\Projetos\www\CentroIntegradoPesquisa\app\Models\PatentAuthority.php(76): tableview(Object(App\Models\PatentAuthority))
#1 D:\Projetos\www\CentroIntegradoPesquisa\app\Models\Patents.php(68): App\Models\PatentAuthority->tableView()
#2 D:\Projetos\www\CentroIntegradoPesquisa\app\Controllers\Main.php(55): App\Models\Patents->index(Array, 'authorities', '', '', '', '')
#3 D:\Projetos\www\CentroIntegradoPesquisa\system\CodeIgniter.php(928): App\Controllers\Main->patent('authorities')
#4 D:\Projetos\www\CentroIntegradoPesquisa\system\CodeIgniter.php(436): CodeIgniter\CodeIgniter->runController(Object(App\Controllers\Main))
#5 D:\Projetos\www\CentroIntegradoPesquisa\system\CodeIgniter.php(336): CodeIgniter\CodeIgniter->handleRequest(NULL, Object(Config\Cache), false)
#6 D:\Projetos\www\CentroIntegradoPesquisa\public\index.php(37): CodeIgniter\CodeIgniter->run()
#7 D:\Projetos\www\CentroIntegradoPesquisa\system\Commands\Server\rewrite.php(45): require_once('D:\\Projetos\\www...')
#8 {main}
CRITICAL - 2021-07-06 07:13:13 --> Call to undefined method CodeIgniter\Pager\Pager::getCurrentPageNumber()
#0 D:\Projetos\www\CentroIntegradoPesquisa\app\Models\PatentAuthority.php(76): tableview(Object(App\Models\PatentAuthority))
#1 D:\Projetos\www\CentroIntegradoPesquisa\app\Models\Patents.php(68): App\Models\PatentAuthority->tableView()
#2 D:\Projetos\www\CentroIntegradoPesquisa\app\Controllers\Main.php(55): App\Models\Patents->index(Array, 'authorities', '', '', '', '')
#3 D:\Projetos\www\CentroIntegradoPesquisa\system\CodeIgniter.php(928): App\Controllers\Main->patent('authorities')
#4 D:\Projetos\www\CentroIntegradoPesquisa\system\CodeIgniter.php(436): CodeIgniter\CodeIgniter->runController(Object(App\Controllers\Main))
#5 D:\Projetos\www\CentroIntegradoPesquisa\system\CodeIgniter.php(336): CodeIgniter\CodeIgniter->handleRequest(NULL, Object(Config\Cache), false)
#6 D:\Projetos\www\CentroIntegradoPesquisa\public\index.php(37): CodeIgniter\CodeIgniter->run()
#7 D:\Projetos\www\CentroIntegradoPesquisa\system\Commands\Server\rewrite.php(45): require_once('D:\\Projetos\\www...')
#8 {main}
CRITICAL - 2021-07-06 07:14:21 --> Call to undefined method CodeIgniter\Pager\Pager::total()
#0 D:\Projetos\www\CentroIntegradoPesquisa\app\Models\PatentAuthority.php(76): tableview(Object(App\Models\PatentAuthority))
#1 D:\Projetos\www\CentroIntegradoPesquisa\app\Models\Patents.php(68): App\Models\PatentAuthority->tableView()
#2 D:\Projetos\www\CentroIntegradoPesquisa\app\Controllers\Main.php(55): App\Models\Patents->index(Array, 'authorities', '', '', '', '')
#3 D:\Projetos\www\CentroIntegradoPesquisa\system\CodeIgniter.php(928): App\Controllers\Main->patent('authorities')
#4 D:\Projetos\www\CentroIntegradoPesquisa\system\CodeIgniter.php(436): CodeIgniter\CodeIgniter->runController(Object(App\Controllers\Main))
#5 D:\Projetos\www\CentroIntegradoPesquisa\system\CodeIgniter.php(336): CodeIgniter\CodeIgniter->handleRequest(NULL, Object(Config\Cache), false)
#6 D:\Projetos\www\CentroIntegradoPesquisa\public\index.php(37): CodeIgniter\CodeIgniter->run()
#7 D:\Projetos\www\CentroIntegradoPesquisa\system\Commands\Server\rewrite.php(45): require_once('D:\\Projetos\\www...')
#8 {main}
CRITICAL - 2021-07-06 07:15:05 --> Call to undefined method App\Models\PatentAuthority::GetTotal
#0 D:\Projetos\www\CentroIntegradoPesquisa\app\Helpers\sisdoc_forms_helper.php(294): CodeIgniter\Model->__call('GetTotal', Array)
#1 D:\Projetos\www\CentroIntegradoPesquisa\app\Models\PatentAuthority.php(76): tableview(Object(App\Models\PatentAuthority))
#2 D:\Projetos\www\CentroIntegradoPesquisa\app\Models\Patents.php(68): App\Models\PatentAuthority->tableView()
#3 D:\Projetos\www\CentroIntegradoPesquisa\app\Controllers\Main.php(55): App\Models\Patents->index(Array, 'authorities', '', '', '', '')
#4 D:\Projetos\www\CentroIntegradoPesquisa\system\CodeIgniter.php(928): App\Controllers\Main->patent('authorities')
#5 D:\Projetos\www\CentroIntegradoPesquisa\system\CodeIgniter.php(436): CodeIgniter\CodeIgniter->runController(Object(App\Controllers\Main))
#6 D:\Projetos\www\CentroIntegradoPesquisa\system\CodeIgniter.php(336): CodeIgniter\CodeIgniter->handleRequest(NULL, Object(Config\Cache), false)
#7 D:\Projetos\www\CentroIntegradoPesquisa\public\index.php(37): CodeIgniter\CodeIgniter->run()
#8 D:\Projetos\www\CentroIntegradoPesquisa\system\Commands\Server\rewrite.php(45): require_once('D:\\Projetos\\www...')
#9 {main}
CRITICAL - 2021-07-06 07:19:37 --> Call to undefined method CodeIgniter\Pager\Pager::GetPage()
#0 D:\Projetos\www\CentroIntegradoPesquisa\app\Models\PatentAuthority.php(76): tableview(Object(App\Models\PatentAuthority))
#1 D:\Projetos\www\CentroIntegradoPesquisa\app\Models\Patents.php(68): App\Models\PatentAuthority->tableView()
#2 D:\Projetos\www\CentroIntegradoPesquisa\app\Controllers\Main.php(55): App\Models\Patents->index(Array, 'authorities', '', '', '', '')
#3 D:\Projetos\www\CentroIntegradoPesquisa\system\CodeIgniter.php(928): App\Controllers\Main->patent('authorities')
#4 D:\Projetos\www\CentroIntegradoPesquisa\system\CodeIgniter.php(436): CodeIgniter\CodeIgniter->runController(Object(App\Controllers\Main))
#5 D:\Projetos\www\CentroIntegradoPesquisa\system\CodeIgniter.php(336): CodeIgniter\CodeIgniter->handleRequest(NULL, Object(Config\Cache), false)
#6 D:\Projetos\www\CentroIntegradoPesquisa\public\index.php(37): CodeIgniter\CodeIgniter->run()
#7 D:\Projetos\www\CentroIntegradoPesquisa\system\Commands\Server\rewrite.php(45): require_once('D:\\Projetos\\www...')
#8 {main}
CRITICAL - 2021-07-06 08:34:14 --> Cannot use object of type App\Models\PatentesFileProcessing as array
#0 D:\Projetos\www\CentroIntegradoPesquisa\app\Models\Patents.php(101): App\Models\PatentesFileProcessing->processed('')
#1 D:\Projetos\www\CentroIntegradoPesquisa\app\Models\Patents.php(66): App\Models\Patents->cron_week('')
#2 D:\Projetos\www\CentroIntegradoPesquisa\app\Controllers\Main.php(55): App\Models\Patents->index(Array, 'cron', '', '', '', '')
#3 D:\Projetos\www\CentroIntegradoPesquisa\system\CodeIgniter.php(928): App\Controllers\Main->patent('cron')
#4 D:\Projetos\www\CentroIntegradoPesquisa\system\CodeIgniter.php(436): CodeIgniter\CodeIgniter->runController(Object(App\Controllers\Main))
#5 D:\Projetos\www\CentroIntegradoPesquisa\system\CodeIgniter.php(336): CodeIgniter\CodeIgniter->handleRequest(NULL, Object(Config\Cache), false)
#6 D:\Projetos\www\CentroIntegradoPesquisa\public\index.php(37): CodeIgniter\CodeIgniter->run()
#7 D:\Projetos\www\CentroIntegradoPesquisa\system\Commands\Server\rewrite.php(45): require_once('D:\\Projetos\\www...')
#8 {main}
ERROR - 2021-07-06 08:34:33 --> Table 'cip.patentesfileprocessings' doesn't exist
CRITICAL - 2021-07-06 08:34:33 --> Table 'cip.patentesfileprocessings' doesn't exist
#0 D:\Projetos\www\CentroIntegradoPesquisa\system\Database\MySQLi\Connection.php(329): mysqli->query('INSERT INTO `pa...')
#1 D:\Projetos\www\CentroIntegradoPesquisa\system\Database\BaseConnection.php(732): CodeIgniter\Database\MySQLi\Connection->execute('INSERT INTO `pa...')
#2 D:\Projetos\www\CentroIntegradoPesquisa\system\Database\BaseConnection.php(647): CodeIgniter\Database\BaseConnection->simpleQuery('INSERT INTO `pa...')
#3 D:\Projetos\www\CentroIntegradoPesquisa\system\Database\BaseBuilder.php(2277): CodeIgniter\Database\BaseConnection->query('INSERT INTO `pa...', Array, false)
#4 D:\Projetos\www\CentroIntegradoPesquisa\system\Model.php(259): CodeIgniter\Database\BaseBuilder->insert()
#5 D:\Projetos\www\CentroIntegradoPesquisa\system\BaseModel.php(774): CodeIgniter\Model->doInsert(Array)
#6 D:\Projetos\www\CentroIntegradoPesquisa\system\Model.php(686): CodeIgniter\BaseModel->insert(Array, false)
#7 D:\Projetos\www\CentroIntegradoPesquisa\system\BaseModel.php(687): CodeIgniter\Model->insert(Array, false)
#8 D:\Projetos\www\CentroIntegradoPesquisa\app\Models\PatentesFileProcessing.php(56): CodeIgniter\BaseModel->save(Array)
#9 D:\Projetos\www\CentroIntegradoPesquisa\app\Models\Patents.php(101): App\Models\PatentesFileProcessing->processed('')
#10 D:\Projetos\www\CentroIntegradoPesquisa\app\Models\Patents.php(66): App\Models\Patents->cron_week('')
#11 D:\Projetos\www\CentroIntegradoPesquisa\app\Controllers\Main.php(55): App\Models\Patents->index(Array, 'cron', '', '', '', '')
#12 D:\Projetos\www\CentroIntegradoPesquisa\system\CodeIgniter.php(928): App\Controllers\Main->patent('cron')
#13 D:\Projetos\www\CentroIntegradoPesquisa\system\CodeIgniter.php(436): CodeIgniter\CodeIgniter->runController(Object(App\Controllers\Main))
#14 D:\Projetos\www\CentroIntegradoPesquisa\system\CodeIgniter.php(336): CodeIgniter\CodeIgniter->handleRequest(NULL, Object(Config\Cache), false)
#15 D:\Projetos\www\CentroIntegradoPesquisa\public\index.php(37): CodeIgniter\CodeIgniter->run()
#16 D:\Projetos\www\CentroIntegradoPesquisa\system\Commands\Server\rewrite.php(45): require_once('D:\\Projetos\\www...')
#17 {main}
CRITICAL - 2021-07-06 08:42:53 --> Undefined index: fl_status
#0 D:\Projetos\www\CentroIntegradoPesquisa\app\Models\PatentesFileProcessing.php(51): CodeIgniter\Debug\Exceptions->errorHandler(8, 'Undefined index...', 'D:\\Projetos\\www...', 51, Array)
#1 D:\Projetos\www\CentroIntegradoPesquisa\app\Models\Patents.php(102): App\Models\PatentesFileProcessing->processed('p1132.txt')
#2 D:\Projetos\www\CentroIntegradoPesquisa\app\Models\Patents.php(66): App\Models\Patents->cron_week('')
#3 D:\Projetos\www\CentroIntegradoPesquisa\app\Controllers\Main.php(55): App\Models\Patents->index(Array, 'cron', '', '', '', '')
#4 D:\Projetos\www\CentroIntegradoPesquisa\system\CodeIgniter.php(928): App\Controllers\Main->patent('cron')
#5 D:\Projetos\www\CentroIntegradoPesquisa\system\CodeIgniter.php(436): CodeIgniter\CodeIgniter->runController(Object(App\Controllers\Main))
#6 D:\Projetos\www\CentroIntegradoPesquisa\system\CodeIgniter.php(336): CodeIgniter\CodeIgniter->handleRequest(NULL, Object(Config\Cache), false)
#7 D:\Projetos\www\CentroIntegradoPesquisa\public\index.php(37): CodeIgniter\CodeIgniter->run()
#8 D:\Projetos\www\CentroIntegradoPesquisa\system\Commands\Server\rewrite.php(45): require_once('D:\\Projetos\\www...')
#9 {main}
CRITICAL - 2021-07-06 08:44:44 --> Undefined offset: 0
#0 D:\Projetos\www\CentroIntegradoPesquisa\app\Models\PatentesFileProcessing.php(50): CodeIgniter\Debug\Exceptions->errorHandler(8, 'Undefined offse...', 'D:\\Projetos\\www...', 50, Array)
#1 D:\Projetos\www\CentroIntegradoPesquisa\app\Models\Patents.php(102): App\Models\PatentesFileProcessing->processed('p1133.txt')
#2 D:\Projetos\www\CentroIntegradoPesquisa\app\Models\Patents.php(66): App\Models\Patents->cron_week('')
#3 D:\Projetos\www\CentroIntegradoPesquisa\app\Controllers\Main.php(55): App\Models\Patents->index(Array, 'cron', '', '', '', '')
#4 D:\Projetos\www\CentroIntegradoPesquisa\system\CodeIgniter.php(928): App\Controllers\Main->patent('cron')
#5 D:\Projetos\www\CentroIntegradoPesquisa\system\CodeIgniter.php(436): CodeIgniter\CodeIgniter->runController(Object(App\Controllers\Main))
#6 D:\Projetos\www\CentroIntegradoPesquisa\system\CodeIgniter.php(336): CodeIgniter\CodeIgniter->handleRequest(NULL, Object(Config\Cache), false)
#7 D:\Projetos\www\CentroIntegradoPesquisa\public\index.php(37): CodeIgniter\CodeIgniter->run()
#8 D:\Projetos\www\CentroIntegradoPesquisa\system\Commands\Server\rewrite.php(45): require_once('D:\\Projetos\\www...')
#9 {main}
CRITICAL - 2021-07-06 08:45:05 --> Undefined offset: 0
#0 D:\Projetos\www\CentroIntegradoPesquisa\app\Models\PatentesFileProcessing.php(51): CodeIgniter\Debug\Exceptions->errorHandler(8, 'Undefined offse...', 'D:\\Projetos\\www...', 51, Array)
#1 D:\Projetos\www\CentroIntegradoPesquisa\app\Models\Patents.php(102): App\Models\PatentesFileProcessing->processed('p1133.txt')
#2 D:\Projetos\www\CentroIntegradoPesquisa\app\Models\Patents.php(66): App\Models\Patents->cron_week('')
#3 D:\Projetos\www\CentroIntegradoPesquisa\app\Controllers\Main.php(55): App\Models\Patents->index(Array, 'cron', '', '', '', '')
#4 D:\Projetos\www\CentroIntegradoPesquisa\system\CodeIgniter.php(928): App\Controllers\Main->patent('cron')
#5 D:\Projetos\www\CentroIntegradoPesquisa\system\CodeIgniter.php(436): CodeIgniter\CodeIgniter->runController(Object(App\Controllers\Main))
#6 D:\Projetos\www\CentroIntegradoPesquisa\system\CodeIgniter.php(336): CodeIgniter\CodeIgniter->handleRequest(NULL, Object(Config\Cache), false)
#7 D:\Projetos\www\CentroIntegradoPesquisa\public\index.php(37): CodeIgniter\CodeIgniter->run()
#8 D:\Projetos\www\CentroIntegradoPesquisa\system\Commands\Server\rewrite.php(45): require_once('D:\\Projetos\\www...')
#9 {main}
CRITICAL - 2021-07-06 08:46:08 --> Undefined offset: 0
#0 D:\Projetos\www\CentroIntegradoPesquisa\app\Models\PatentesFileProcessing.php(51): CodeIgniter\Debug\Exceptions->errorHandler(8, 'Undefined offse...', 'D:\\Projetos\\www...', 51, Array)
#1 D:\Projetos\www\CentroIntegradoPesquisa\app\Models\Patents.php(102): App\Models\PatentesFileProcessing->processed('p1133.txt')
#2 D:\Projetos\www\CentroIntegradoPesquisa\app\Models\Patents.php(66): App\Models\Patents->cron_week('')
#3 D:\Projetos\www\CentroIntegradoPesquisa\app\Controllers\Main.php(55): App\Models\Patents->index(Array, 'cron', '', '', '', '')
#4 D:\Projetos\www\CentroIntegradoPesquisa\system\CodeIgniter.php(928): App\Controllers\Main->patent('cron')
#5 D:\Projetos\www\CentroIntegradoPesquisa\system\CodeIgniter.php(436): CodeIgniter\CodeIgniter->runController(Object(App\Controllers\Main))
#6 D:\Projetos\www\CentroIntegradoPesquisa\system\CodeIgniter.php(336): CodeIgniter\CodeIgniter->handleRequest(NULL, Object(Config\Cache), false)
#7 D:\Projetos\www\CentroIntegradoPesquisa\public\index.php(37): CodeIgniter\CodeIgniter->run()
#8 D:\Projetos\www\CentroIntegradoPesquisa\system\Commands\Server\rewrite.php(45): require_once('D:\\Projetos\\www...')
#9 {main}
CRITICAL - 2021-07-06 08:48:59 --> Undefined offset: 0
#0 D:\Projetos\www\CentroIntegradoPesquisa\app\Models\PatentesFileProcessing.php(51): CodeIgniter\Debug\Exceptions->errorHandler(8, 'Undefined offse...', 'D:\\Projetos\\www...', 51, Array)
#1 D:\Projetos\www\CentroIntegradoPesquisa\app\Models\Patents.php(102): App\Models\PatentesFileProcessing->processed('p1133.txt')
#2 D:\Projetos\www\CentroIntegradoPesquisa\app\Models\Patents.php(66): App\Models\Patents->cron_week('')
#3 D:\Projetos\www\CentroIntegradoPesquisa\app\Controllers\Main.php(55): App\Models\Patents->index(Array, 'cron', '', '', '', '')
#4 D:\Projetos\www\CentroIntegradoPesquisa\system\CodeIgniter.php(928): App\Controllers\Main->patent('cron')
#5 D:\Projetos\www\CentroIntegradoPesquisa\system\CodeIgniter.php(436): CodeIgniter\CodeIgniter->runController(Object(App\Controllers\Main))
#6 D:\Projetos\www\CentroIntegradoPesquisa\system\CodeIgniter.php(336): CodeIgniter\CodeIgniter->handleRequest(NULL, Object(Config\Cache), false)
#7 D:\Projetos\www\CentroIntegradoPesquisa\public\index.php(37): CodeIgniter\CodeIgniter->run()
#8 D:\Projetos\www\CentroIntegradoPesquisa\system\Commands\Server\rewrite.php(45): require_once('D:\\Projetos\\www...')
#9 {main}
CRITICAL - 2021-07-06 08:49:10 --> Undefined offset: 0
#0 D:\Projetos\www\CentroIntegradoPesquisa\app\Models\PatentesFileProcessing.php(51): CodeIgniter\Debug\Exceptions->errorHandler(8, 'Undefined offse...', 'D:\\Projetos\\www...', 51, Array)
#1 D:\Projetos\www\CentroIntegradoPesquisa\app\Models\Patents.php(102): App\Models\PatentesFileProcessing->processed('p1133.txt')
#2 D:\Projetos\www\CentroIntegradoPesquisa\app\Models\Patents.php(66): App\Models\Patents->cron_week('')
#3 D:\Projetos\www\CentroIntegradoPesquisa\app\Controllers\Main.php(55): App\Models\Patents->index(Array, 'cron', '', '', '', '')
#4 D:\Projetos\www\CentroIntegradoPesquisa\system\CodeIgniter.php(928): App\Controllers\Main->patent('cron')
#5 D:\Projetos\www\CentroIntegradoPesquisa\system\CodeIgniter.php(436): CodeIgniter\CodeIgniter->runController(Object(App\Controllers\Main))
#6 D:\Projetos\www\CentroIntegradoPesquisa\system\CodeIgniter.php(336): CodeIgniter\CodeIgniter->handleRequest(NULL, Object(Config\Cache), false)
#7 D:\Projetos\www\CentroIntegradoPesquisa\public\index.php(37): CodeIgniter\CodeIgniter->run()
#8 D:\Projetos\www\CentroIntegradoPesquisa\system\Commands\Server\rewrite.php(45): require_once('D:\\Projetos\\www...')
#9 {main}
CRITICAL - 2021-07-06 08:49:45 --> Undefined offset: 0
#0 D:\Projetos\www\CentroIntegradoPesquisa\app\Models\PatentesFileProcessing.php(51): CodeIgniter\Debug\Exceptions->errorHandler(8, 'Undefined offse...', 'D:\\Projetos\\www...', 51, Array)
#1 D:\Projetos\www\CentroIntegradoPesquisa\app\Models\Patents.php(102): App\Models\PatentesFileProcessing->processed('p1133.txt')
#2 D:\Projetos\www\CentroIntegradoPesquisa\app\Models\Patents.php(66): App\Models\Patents->cron_week('')
#3 D:\Projetos\www\CentroIntegradoPesquisa\app\Controllers\Main.php(55): App\Models\Patents->index(Array, 'cron', '', '', '', '')
#4 D:\Projetos\www\CentroIntegradoPesquisa\system\CodeIgniter.php(928): App\Controllers\Main->patent('cron')
#5 D:\Projetos\www\CentroIntegradoPesquisa\system\CodeIgniter.php(436): CodeIgniter\CodeIgniter->runController(Object(App\Controllers\Main))
#6 D:\Projetos\www\CentroIntegradoPesquisa\system\CodeIgniter.php(336): CodeIgniter\CodeIgniter->handleRequest(NULL, Object(Config\Cache), false)
#7 D:\Projetos\www\CentroIntegradoPesquisa\public\index.php(37): CodeIgniter\CodeIgniter->run()
#8 D:\Projetos\www\CentroIntegradoPesquisa\system\Commands\Server\rewrite.php(45): require_once('D:\\Projetos\\www...')
#9 {main}
CRITICAL - 2021-07-06 08:50:07 --> Undefined offset: 0
#0 D:\Projetos\www\CentroIntegradoPesquisa\app\Models\PatentesFileProcessing.php(51): CodeIgniter\Debug\Exceptions->errorHandler(8, 'Undefined offse...', 'D:\\Projetos\\www...', 51, Array)
#1 D:\Projetos\www\CentroIntegradoPesquisa\app\Models\Patents.php(102): App\Models\PatentesFileProcessing->processed('p1133.txt')
#2 D:\Projetos\www\CentroIntegradoPesquisa\app\Models\Patents.php(66): App\Models\Patents->cron_week('')
#3 D:\Projetos\www\CentroIntegradoPesquisa\app\Controllers\Main.php(55): App\Models\Patents->index(Array, 'cron', '', '', '', '')
#4 D:\Projetos\www\CentroIntegradoPesquisa\system\CodeIgniter.php(928): App\Controllers\Main->patent('cron')
#5 D:\Projetos\www\CentroIntegradoPesquisa\system\CodeIgniter.php(436): CodeIgniter\CodeIgniter->runController(Object(App\Controllers\Main))
#6 D:\Projetos\www\CentroIntegradoPesquisa\system\CodeIgniter.php(336): CodeIgniter\CodeIgniter->handleRequest(NULL, Object(Config\Cache), false)
#7 D:\Projetos\www\CentroIntegradoPesquisa\public\index.php(37): CodeIgniter\CodeIgniter->run()
#8 D:\Projetos\www\CentroIntegradoPesquisa\system\Commands\Server\rewrite.php(45): require_once('D:\\Projetos\\www...')
#9 {main}
CRITICAL - 2021-07-06 08:50:09 --> Undefined offset: 0
#0 D:\Projetos\www\CentroIntegradoPesquisa\app\Models\PatentesFileProcessing.php(51): CodeIgniter\Debug\Exceptions->errorHandler(8, 'Undefined offse...', 'D:\\Projetos\\www...', 51, Array)
#1 D:\Projetos\www\CentroIntegradoPesquisa\app\Models\Patents.php(102): App\Models\PatentesFileProcessing->processed('p1133.txt')
#2 D:\Projetos\www\CentroIntegradoPesquisa\app\Models\Patents.php(66): App\Models\Patents->cron_week('')
#3 D:\Projetos\www\CentroIntegradoPesquisa\app\Controllers\Main.php(55): App\Models\Patents->index(Array, 'cron', '', '', '', '')
#4 D:\Projetos\www\CentroIntegradoPesquisa\system\CodeIgniter.php(928): App\Controllers\Main->patent('cron')
#5 D:\Projetos\www\CentroIntegradoPesquisa\system\CodeIgniter.php(436): CodeIgniter\CodeIgniter->runController(Object(App\Controllers\Main))
#6 D:\Projetos\www\CentroIntegradoPesquisa\system\CodeIgniter.php(336): CodeIgniter\CodeIgniter->handleRequest(NULL, Object(Config\Cache), false)
#7 D:\Projetos\www\CentroIntegradoPesquisa\public\index.php(37): CodeIgniter\CodeIgniter->run()
#8 D:\Projetos\www\CentroIntegradoPesquisa\system\Commands\Server\rewrite.php(45): require_once('D:\\Projetos\\www...')
#9 {main}
