CRITICAL - 2021-06-27 14:06:48 --> Trying to get property 'id' of non-object
#0 D:\Projeto\www\CentroIntegradoPesquisa\app\Helpers\sisdoc_forms_helper.php(150): CodeIgniter\Debug\Exceptions->errorHandler(8, 'Trying to get p...', 'D:\\Projeto\\www\\...', 150, Array)
#1 D:\Projeto\www\CentroIntegradoPesquisa\app\Models\LattesGroupsMembers.php(70): form_del(Array)
#2 D:\Projeto\www\CentroIntegradoPesquisa\app\Models\LattesGroups.php(91): App\Models\LattesGroupsMembers->members('1')
#3 D:\Projeto\www\CentroIntegradoPesquisa\app\Models\LattesExtrator.php(75): App\Models\LattesGroups->index(Array, '1', 'viewid', '', '')
#4 D:\Projeto\www\CentroIntegradoPesquisa\app\Controllers\Main.php(52): App\Models\LattesExtrator->index(Array, 'groups', 'viewid', '1', '', '')
#5 D:\Projeto\www\CentroIntegradoPesquisa\system\CodeIgniter.php(928): App\Controllers\Main->lattes('groups', 'viewid', '1')
#6 D:\Projeto\www\CentroIntegradoPesquisa\system\CodeIgniter.php(436): CodeIgniter\CodeIgniter->runController(Object(App\Controllers\Main))
#7 D:\Projeto\www\CentroIntegradoPesquisa\system\CodeIgniter.php(336): CodeIgniter\CodeIgniter->handleRequest(NULL, Object(Config\Cache), false)
#8 D:\Projeto\www\CentroIntegradoPesquisa\public\index.php(37): CodeIgniter\CodeIgniter->run()
#9 D:\Projeto\www\CentroIntegradoPesquisa\system\Commands\Server\rewrite.php(45): require_once('D:\\Projeto\\www\\...')
#10 {main}
CRITICAL - 2021-06-27 14:06:54 --> Undefined variable: url
#0 D:\Projeto\www\CentroIntegradoPesquisa\app\Models\LattesGroupsMembers.php(70): CodeIgniter\Debug\Exceptions->errorHandler(8, 'Undefined varia...', 'D:\\Projeto\\www\\...', 70, Array)
#1 D:\Projeto\www\CentroIntegradoPesquisa\app\Models\LattesGroups.php(91): App\Models\LattesGroupsMembers->members('1')
#2 D:\Projeto\www\CentroIntegradoPesquisa\app\Models\LattesExtrator.php(75): App\Models\LattesGroups->index(Array, '1', 'viewid', '', '')
#3 D:\Projeto\www\CentroIntegradoPesquisa\app\Controllers\Main.php(52): App\Models\LattesExtrator->index(Array, 'groups', 'viewid', '1', '', '')
#4 D:\Projeto\www\CentroIntegradoPesquisa\system\CodeIgniter.php(928): App\Controllers\Main->lattes('groups', 'viewid', '1')
#5 D:\Projeto\www\CentroIntegradoPesquisa\system\CodeIgniter.php(436): CodeIgniter\CodeIgniter->runController(Object(App\Controllers\Main))
#6 D:\Projeto\www\CentroIntegradoPesquisa\system\CodeIgniter.php(336): CodeIgniter\CodeIgniter->handleRequest(NULL, Object(Config\Cache), false)
#7 D:\Projeto\www\CentroIntegradoPesquisa\public\index.php(37): CodeIgniter\CodeIgniter->run()
#8 D:\Projeto\www\CentroIntegradoPesquisa\system\Commands\Server\rewrite.php(45): require_once('D:\\Projeto\\www\\...')
#9 {main}
CRITICAL - 2021-06-27 14:09:13 --> Trying to get property 'id' of non-object
#0 D:\Projeto\www\CentroIntegradoPesquisa\app\Helpers\sisdoc_forms_helper.php(150): CodeIgniter\Debug\Exceptions->errorHandler(8, 'Trying to get p...', 'D:\\Projeto\\www\\...', 150, Array)
#1 D:\Projeto\www\CentroIntegradoPesquisa\app\Models\LattesGroupsMembers.php(72): form_del(Array)
#2 D:\Projeto\www\CentroIntegradoPesquisa\app\Models\LattesGroups.php(91): App\Models\LattesGroupsMembers->members('1')
#3 D:\Projeto\www\CentroIntegradoPesquisa\app\Models\LattesExtrator.php(75): App\Models\LattesGroups->index(Array, '1', 'viewid', '', '')
#4 D:\Projeto\www\CentroIntegradoPesquisa\app\Controllers\Main.php(52): App\Models\LattesExtrator->index(Array, 'groups', 'viewid', '1', '', '')
#5 D:\Projeto\www\CentroIntegradoPesquisa\system\CodeIgniter.php(928): App\Controllers\Main->lattes('groups', 'viewid', '1')
#6 D:\Projeto\www\CentroIntegradoPesquisa\system\CodeIgniter.php(436): CodeIgniter\CodeIgniter->runController(Object(App\Controllers\Main))
#7 D:\Projeto\www\CentroIntegradoPesquisa\system\CodeIgniter.php(336): CodeIgniter\CodeIgniter->handleRequest(NULL, Object(Config\Cache), false)
#8 D:\Projeto\www\CentroIntegradoPesquisa\public\index.php(37): CodeIgniter\CodeIgniter->run()
#9 D:\Projeto\www\CentroIntegradoPesquisa\system\Commands\Server\rewrite.php(45): require_once('D:\\Projeto\\www\\...')
#10 {main}
CRITICAL - 2021-06-27 14:09:29 --> Attempt to assign property 'id' of non-object
#0 D:\Projeto\www\CentroIntegradoPesquisa\app\Models\LattesGroupsMembers.php(55): CodeIgniter\Debug\Exceptions->errorHandler(2, 'Attempt to assi...', 'D:\\Projeto\\www\\...', 55, Array)
#1 D:\Projeto\www\CentroIntegradoPesquisa\app\Models\LattesGroups.php(91): App\Models\LattesGroupsMembers->members('1')
#2 D:\Projeto\www\CentroIntegradoPesquisa\app\Models\LattesExtrator.php(75): App\Models\LattesGroups->index(Array, '1', 'viewid', '', '')
#3 D:\Projeto\www\CentroIntegradoPesquisa\app\Controllers\Main.php(52): App\Models\LattesExtrator->index(Array, 'groups', 'viewid', '1', '', '')
#4 D:\Projeto\www\CentroIntegradoPesquisa\system\CodeIgniter.php(928): App\Controllers\Main->lattes('groups', 'viewid', '1')
#5 D:\Projeto\www\CentroIntegradoPesquisa\system\CodeIgniter.php(436): CodeIgniter\CodeIgniter->runController(Object(App\Controllers\Main))
#6 D:\Projeto\www\CentroIntegradoPesquisa\system\CodeIgniter.php(336): CodeIgniter\CodeIgniter->handleRequest(NULL, Object(Config\Cache), false)
#7 D:\Projeto\www\CentroIntegradoPesquisa\public\index.php(37): CodeIgniter\CodeIgniter->run()
#8 D:\Projeto\www\CentroIntegradoPesquisa\system\Commands\Server\rewrite.php(45): require_once('D:\\Projeto\\www\\...')
#9 {main}
ERROR - 2021-06-27 14:09:47 --> Unknown column 'id' in 'where clause'
CRITICAL - 2021-06-27 14:09:47 --> Unknown column 'id' in 'where clause'
#0 D:\Projeto\www\CentroIntegradoPesquisa\system\Database\MySQLi\Connection.php(329): mysqli->query('DELETE FROM `la...')
#1 D:\Projeto\www\CentroIntegradoPesquisa\system\Database\BaseConnection.php(732): CodeIgniter\Database\MySQLi\Connection->execute('DELETE FROM `la...')
#2 D:\Projeto\www\CentroIntegradoPesquisa\system\Database\BaseConnection.php(647): CodeIgniter\Database\BaseConnection->simpleQuery('DELETE FROM `la...')
#3 D:\Projeto\www\CentroIntegradoPesquisa\system\Database\BaseBuilder.php(2881): CodeIgniter\Database\BaseConnection->query('DELETE FROM `la...', Array, false)
#4 D:\Projeto\www\CentroIntegradoPesquisa\system\Model.php(392): CodeIgniter\Database\BaseBuilder->delete()
#5 D:\Projeto\www\CentroIntegradoPesquisa\system\BaseModel.php(1025): CodeIgniter\Model->doDelete(Array, false)
#6 D:\Projeto\www\CentroIntegradoPesquisa\app\Helpers\sisdoc_forms_helper.php(152): CodeIgniter\BaseModel->delete(Array)
#7 D:\Projeto\www\CentroIntegradoPesquisa\app\Models\LattesGroupsMembers.php(72): form_del(Object(App\Models\LattesGroupsMembers))
#8 D:\Projeto\www\CentroIntegradoPesquisa\app\Models\LattesGroups.php(91): App\Models\LattesGroupsMembers->members('1')
#9 D:\Projeto\www\CentroIntegradoPesquisa\app\Models\LattesExtrator.php(75): App\Models\LattesGroups->index(Array, '1', 'viewid', '', '')
#10 D:\Projeto\www\CentroIntegradoPesquisa\app\Controllers\Main.php(52): App\Models\LattesExtrator->index(Array, 'groups', 'viewid', '1', '', '')
#11 D:\Projeto\www\CentroIntegradoPesquisa\system\CodeIgniter.php(928): App\Controllers\Main->lattes('groups', 'viewid', '1')
#12 D:\Projeto\www\CentroIntegradoPesquisa\system\CodeIgniter.php(436): CodeIgniter\CodeIgniter->runController(Object(App\Controllers\Main))
#13 D:\Projeto\www\CentroIntegradoPesquisa\system\CodeIgniter.php(336): CodeIgniter\CodeIgniter->handleRequest(NULL, Object(Config\Cache), false)
#14 D:\Projeto\www\CentroIntegradoPesquisa\public\index.php(37): CodeIgniter\CodeIgniter->run()
#15 D:\Projeto\www\CentroIntegradoPesquisa\system\Commands\Server\rewrite.php(45): require_once('D:\\Projeto\\www\\...')
#16 {main}
ERROR - 2021-06-27 14:10:22 --> Unknown column 'id' in 'where clause'
CRITICAL - 2021-06-27 14:10:22 --> Unknown column 'id' in 'where clause'
#0 D:\Projeto\www\CentroIntegradoPesquisa\system\Database\MySQLi\Connection.php(329): mysqli->query('DELETE FROM `la...')
#1 D:\Projeto\www\CentroIntegradoPesquisa\system\Database\BaseConnection.php(732): CodeIgniter\Database\MySQLi\Connection->execute('DELETE FROM `la...')
#2 D:\Projeto\www\CentroIntegradoPesquisa\system\Database\BaseConnection.php(647): CodeIgniter\Database\BaseConnection->simpleQuery('DELETE FROM `la...')
#3 D:\Projeto\www\CentroIntegradoPesquisa\system\Database\BaseBuilder.php(2881): CodeIgniter\Database\BaseConnection->query('DELETE FROM `la...', Array, false)
#4 D:\Projeto\www\CentroIntegradoPesquisa\system\Model.php(392): CodeIgniter\Database\BaseBuilder->delete()
#5 D:\Projeto\www\CentroIntegradoPesquisa\system\BaseModel.php(1025): CodeIgniter\Model->doDelete(Array, false)
#6 D:\Projeto\www\CentroIntegradoPesquisa\app\Helpers\sisdoc_forms_helper.php(152): CodeIgniter\BaseModel->delete(Array)
#7 D:\Projeto\www\CentroIntegradoPesquisa\app\Models\LattesGroupsMembers.php(71): form_del(Object(App\Models\LattesGroupsMembers))
#8 D:\Projeto\www\CentroIntegradoPesquisa\app\Models\LattesGroups.php(91): App\Models\LattesGroupsMembers->members('1')
#9 D:\Projeto\www\CentroIntegradoPesquisa\app\Models\LattesExtrator.php(75): App\Models\LattesGroups->index(Array, '1', 'viewid', '', '')
#10 D:\Projeto\www\CentroIntegradoPesquisa\app\Controllers\Main.php(52): App\Models\LattesExtrator->index(Array, 'groups', 'viewid', '1', '', '')
#11 D:\Projeto\www\CentroIntegradoPesquisa\system\CodeIgniter.php(928): App\Controllers\Main->lattes('groups', 'viewid', '1')
#12 D:\Projeto\www\CentroIntegradoPesquisa\system\CodeIgniter.php(436): CodeIgniter\CodeIgniter->runController(Object(App\Controllers\Main))
#13 D:\Projeto\www\CentroIntegradoPesquisa\system\CodeIgniter.php(336): CodeIgniter\CodeIgniter->handleRequest(NULL, Object(Config\Cache), false)
#14 D:\Projeto\www\CentroIntegradoPesquisa\public\index.php(37): CodeIgniter\CodeIgniter->run()
#15 D:\Projeto\www\CentroIntegradoPesquisa\system\Commands\Server\rewrite.php(45): require_once('D:\\Projeto\\www\\...')
#16 {main}
ERROR - 2021-06-27 14:11:29 --> Unknown column 'id' in 'where clause'
CRITICAL - 2021-06-27 14:11:29 --> Unknown column 'id' in 'where clause'
#0 D:\Projeto\www\CentroIntegradoPesquisa\system\Database\MySQLi\Connection.php(329): mysqli->query('DELETE FROM `la...')
#1 D:\Projeto\www\CentroIntegradoPesquisa\system\Database\BaseConnection.php(732): CodeIgniter\Database\MySQLi\Connection->execute('DELETE FROM `la...')
#2 D:\Projeto\www\CentroIntegradoPesquisa\system\Database\BaseConnection.php(647): CodeIgniter\Database\BaseConnection->simpleQuery('DELETE FROM `la...')
#3 D:\Projeto\www\CentroIntegradoPesquisa\system\Database\BaseBuilder.php(2881): CodeIgniter\Database\BaseConnection->query('DELETE FROM `la...', Array, false)
#4 D:\Projeto\www\CentroIntegradoPesquisa\system\Model.php(392): CodeIgniter\Database\BaseBuilder->delete()
#5 D:\Projeto\www\CentroIntegradoPesquisa\system\BaseModel.php(1025): CodeIgniter\Model->doDelete(Array, false)
#6 D:\Projeto\www\CentroIntegradoPesquisa\app\Helpers\sisdoc_forms_helper.php(152): CodeIgniter\BaseModel->delete(Array)
#7 D:\Projeto\www\CentroIntegradoPesquisa\app\Models\LattesGroupsMembers.php(71): form_del(Object(App\Models\LattesGroupsMembers))
#8 D:\Projeto\www\CentroIntegradoPesquisa\app\Models\LattesGroups.php(91): App\Models\LattesGroupsMembers->members('1')
#9 D:\Projeto\www\CentroIntegradoPesquisa\app\Models\LattesExtrator.php(75): App\Models\LattesGroups->index(Array, '1', 'viewid', '', '')
#10 D:\Projeto\www\CentroIntegradoPesquisa\app\Controllers\Main.php(52): App\Models\LattesExtrator->index(Array, 'groups', 'viewid', '1', '', '')
#11 D:\Projeto\www\CentroIntegradoPesquisa\system\CodeIgniter.php(928): App\Controllers\Main->lattes('groups', 'viewid', '1')
#12 D:\Projeto\www\CentroIntegradoPesquisa\system\CodeIgniter.php(436): CodeIgniter\CodeIgniter->runController(Object(App\Controllers\Main))
#13 D:\Projeto\www\CentroIntegradoPesquisa\system\CodeIgniter.php(336): CodeIgniter\CodeIgniter->handleRequest(NULL, Object(Config\Cache), false)
#14 D:\Projeto\www\CentroIntegradoPesquisa\public\index.php(37): CodeIgniter\CodeIgniter->run()
#15 D:\Projeto\www\CentroIntegradoPesquisa\system\Commands\Server\rewrite.php(45): require_once('D:\\Projeto\\www\\...')
#16 {main}
CRITICAL - 2021-06-27 14:13:48 --> preg_match() expects parameter 2 to be string, object given
#0 [internal function]: CodeIgniter\Debug\Exceptions->errorHandler(2, 'preg_match() ex...', 'D:\\Projeto\\www\\...', 256, Array)
#1 D:\Projeto\www\CentroIntegradoPesquisa\system\Helpers\url_helper.php(256): preg_match('#^(\\w+:)?//#i', Object(App\Models\LattesGroupsMembers))
#2 D:\Projeto\www\CentroIntegradoPesquisa\app\Helpers\sisdoc_forms_helper.php(123): anchor(Object(App\Models\LattesGroupsMembers), '&nbsp;X&nbsp;', Array)
#3 D:\Projeto\www\CentroIntegradoPesquisa\app\Models\LattesGroupsMembers.php(72): linkdel(Object(App\Models\LattesGroupsMembers))
#4 D:\Projeto\www\CentroIntegradoPesquisa\app\Models\LattesGroups.php(91): App\Models\LattesGroupsMembers->members('1')
#5 D:\Projeto\www\CentroIntegradoPesquisa\app\Models\LattesExtrator.php(75): App\Models\LattesGroups->index(Array, '1', 'viewid', '', '')
#6 D:\Projeto\www\CentroIntegradoPesquisa\app\Controllers\Main.php(52): App\Models\LattesExtrator->index(Array, 'groups', 'viewid', '1', '', '')
#7 D:\Projeto\www\CentroIntegradoPesquisa\system\CodeIgniter.php(928): App\Controllers\Main->lattes('groups', 'viewid', '1')
#8 D:\Projeto\www\CentroIntegradoPesquisa\system\CodeIgniter.php(436): CodeIgniter\CodeIgniter->runController(Object(App\Controllers\Main))
#9 D:\Projeto\www\CentroIntegradoPesquisa\system\CodeIgniter.php(336): CodeIgniter\CodeIgniter->handleRequest(NULL, Object(Config\Cache), false)
#10 D:\Projeto\www\CentroIntegradoPesquisa\public\index.php(37): CodeIgniter\CodeIgniter->run()
#11 D:\Projeto\www\CentroIntegradoPesquisa\system\Commands\Server\rewrite.php(45): require_once('D:\\Projeto\\www\\...')
#12 {main}
CRITICAL - 2021-06-27 14:14:05 --> preg_match() expects parameter 2 to be string, object given
#0 [internal function]: CodeIgniter\Debug\Exceptions->errorHandler(2, 'preg_match() ex...', 'D:\\Projeto\\www\\...', 256, Array)
#1 D:\Projeto\www\CentroIntegradoPesquisa\system\Helpers\url_helper.php(256): preg_match('#^(\\w+:)?//#i', Object(App\Models\LattesGroupsMembers))
#2 D:\Projeto\www\CentroIntegradoPesquisa\app\Helpers\sisdoc_forms_helper.php(123): anchor(Object(App\Models\LattesGroupsMembers), '&nbsp;X&nbsp;', Array)
#3 D:\Projeto\www\CentroIntegradoPesquisa\app\Models\LattesGroupsMembers.php(72): linkdel(Object(App\Models\LattesGroupsMembers))
#4 D:\Projeto\www\CentroIntegradoPesquisa\app\Models\LattesGroups.php(91): App\Models\LattesGroupsMembers->members('1')
#5 D:\Projeto\www\CentroIntegradoPesquisa\app\Models\LattesExtrator.php(75): App\Models\LattesGroups->index(Array, '1', 'viewid', '', '')
#6 D:\Projeto\www\CentroIntegradoPesquisa\app\Controllers\Main.php(52): App\Models\LattesExtrator->index(Array, 'groups', 'viewid', '1', '', '')
#7 D:\Projeto\www\CentroIntegradoPesquisa\system\CodeIgniter.php(928): App\Controllers\Main->lattes('groups', 'viewid', '1')
#8 D:\Projeto\www\CentroIntegradoPesquisa\system\CodeIgniter.php(436): CodeIgniter\CodeIgniter->runController(Object(App\Controllers\Main))
#9 D:\Projeto\www\CentroIntegradoPesquisa\system\CodeIgniter.php(336): CodeIgniter\CodeIgniter->handleRequest(NULL, Object(Config\Cache), false)
#10 D:\Projeto\www\CentroIntegradoPesquisa\public\index.php(37): CodeIgniter\CodeIgniter->run()
#11 D:\Projeto\www\CentroIntegradoPesquisa\system\Commands\Server\rewrite.php(45): require_once('D:\\Projeto\\www\\...')
#12 {main}
CRITICAL - 2021-06-27 14:21:57 --> syntax error, unexpected ')'
#0 D:\Projeto\www\CentroIntegradoPesquisa\system\Autoloader\Autoloader.php(273): CodeIgniter\Autoloader\Autoloader->includeFile('D:\\Projeto\\www\\...')
#1 D:\Projeto\www\CentroIntegradoPesquisa\system\Autoloader\Autoloader.php(247): CodeIgniter\Autoloader\Autoloader->loadInNamespace('App\\Models\\Latt...')
#2 [internal function]: CodeIgniter\Autoloader\Autoloader->loadClass('App\\Models\\Latt...')
#3 D:\Projeto\www\CentroIntegradoPesquisa\app\Models\LattesExtrator.php(74): spl_autoload_call('App\\Models\\Latt...')
#4 D:\Projeto\www\CentroIntegradoPesquisa\app\Controllers\Main.php(52): App\Models\LattesExtrator->index(Array, 'groups', 'viewid', '1', '', '')
#5 D:\Projeto\www\CentroIntegradoPesquisa\system\CodeIgniter.php(928): App\Controllers\Main->lattes('groups', 'viewid', '1')
#6 D:\Projeto\www\CentroIntegradoPesquisa\system\CodeIgniter.php(436): CodeIgniter\CodeIgniter->runController(Object(App\Controllers\Main))
#7 D:\Projeto\www\CentroIntegradoPesquisa\system\CodeIgniter.php(336): CodeIgniter\CodeIgniter->handleRequest(NULL, Object(Config\Cache), false)
#8 D:\Projeto\www\CentroIntegradoPesquisa\public\index.php(37): CodeIgniter\CodeIgniter->run()
#9 D:\Projeto\www\CentroIntegradoPesquisa\system\Commands\Server\rewrite.php(45): require_once('D:\\Projeto\\www\\...')
#10 {main}
ERROR - 2021-06-27 14:23:51 --> Unknown column 'id' in 'where clause'
CRITICAL - 2021-06-27 14:23:51 --> Unknown column 'id' in 'where clause'
#0 D:\Projeto\www\CentroIntegradoPesquisa\system\Database\MySQLi\Connection.php(329): mysqli->query('DELETE FROM `la...')
#1 D:\Projeto\www\CentroIntegradoPesquisa\system\Database\BaseConnection.php(732): CodeIgniter\Database\MySQLi\Connection->execute('DELETE FROM `la...')
#2 D:\Projeto\www\CentroIntegradoPesquisa\system\Database\BaseConnection.php(647): CodeIgniter\Database\BaseConnection->simpleQuery('DELETE FROM `la...')
#3 D:\Projeto\www\CentroIntegradoPesquisa\system\Database\BaseBuilder.php(2881): CodeIgniter\Database\BaseConnection->query('DELETE FROM `la...', Array, false)
#4 D:\Projeto\www\CentroIntegradoPesquisa\system\Model.php(392): CodeIgniter\Database\BaseBuilder->delete()
#5 D:\Projeto\www\CentroIntegradoPesquisa\system\BaseModel.php(1025): CodeIgniter\Model->doDelete(Array, false)
#6 D:\Projeto\www\CentroIntegradoPesquisa\app\Models\LattesGroups.php(74): CodeIgniter\BaseModel->delete(Array)
#7 D:\Projeto\www\CentroIntegradoPesquisa\app\Models\LattesExtrator.php(75): App\Models\LattesGroups->index(Array, '9', 'deletegp', '1', '')
#8 D:\Projeto\www\CentroIntegradoPesquisa\app\Controllers\Main.php(52): App\Models\LattesExtrator->index(Array, 'groups', 'deletegp', '9', '1', '')
#9 D:\Projeto\www\CentroIntegradoPesquisa\system\CodeIgniter.php(928): App\Controllers\Main->lattes('groups', 'deletegp', '9', '1')
#10 D:\Projeto\www\CentroIntegradoPesquisa\system\CodeIgniter.php(436): CodeIgniter\CodeIgniter->runController(Object(App\Controllers\Main))
#11 D:\Projeto\www\CentroIntegradoPesquisa\system\CodeIgniter.php(336): CodeIgniter\CodeIgniter->handleRequest(NULL, Object(Config\Cache), false)
#12 D:\Projeto\www\CentroIntegradoPesquisa\public\index.php(37): CodeIgniter\CodeIgniter->run()
#13 D:\Projeto\www\CentroIntegradoPesquisa\system\Commands\Server\rewrite.php(45): require_once('D:\\Projeto\\www\\...')
#14 {main}
CRITICAL - 2021-06-27 14:26:43 --> Undefined variable: lgn
#0 D:\Projeto\www\CentroIntegradoPesquisa\app\Models\LattesGroups.php(75): CodeIgniter\Debug\Exceptions->errorHandler(8, 'Undefined varia...', 'D:\\Projeto\\www\\...', 75, Array)
#1 D:\Projeto\www\CentroIntegradoPesquisa\app\Models\LattesExtrator.php(75): App\Models\LattesGroups->index(Array, '9', 'deletegp', '1', '')
#2 D:\Projeto\www\CentroIntegradoPesquisa\app\Controllers\Main.php(52): App\Models\LattesExtrator->index(Array, 'groups', 'deletegp', '9', '1', '')
#3 D:\Projeto\www\CentroIntegradoPesquisa\system\CodeIgniter.php(928): App\Controllers\Main->lattes('groups', 'deletegp', '9', '1')
#4 D:\Projeto\www\CentroIntegradoPesquisa\system\CodeIgniter.php(436): CodeIgniter\CodeIgniter->runController(Object(App\Controllers\Main))
#5 D:\Projeto\www\CentroIntegradoPesquisa\system\CodeIgniter.php(336): CodeIgniter\CodeIgniter->handleRequest(NULL, Object(Config\Cache), false)
#6 D:\Projeto\www\CentroIntegradoPesquisa\public\index.php(37): CodeIgniter\CodeIgniter->run()
#7 D:\Projeto\www\CentroIntegradoPesquisa\system\Commands\Server\rewrite.php(45): require_once('D:\\Projeto\\www\\...')
#8 {main}
ERROR - 2021-06-27 14:26:50 --> Unknown column 'id' in 'where clause'
CRITICAL - 2021-06-27 14:26:50 --> Unknown column 'id' in 'where clause'
#0 D:\Projeto\www\CentroIntegradoPesquisa\system\Database\MySQLi\Connection.php(329): mysqli->query('DELETE FROM `la...')
#1 D:\Projeto\www\CentroIntegradoPesquisa\system\Database\BaseConnection.php(732): CodeIgniter\Database\MySQLi\Connection->execute('DELETE FROM `la...')
#2 D:\Projeto\www\CentroIntegradoPesquisa\system\Database\BaseConnection.php(647): CodeIgniter\Database\BaseConnection->simpleQuery('DELETE FROM `la...')
#3 D:\Projeto\www\CentroIntegradoPesquisa\system\Database\BaseBuilder.php(2881): CodeIgniter\Database\BaseConnection->query('DELETE FROM `la...', Array, false)
#4 D:\Projeto\www\CentroIntegradoPesquisa\system\Model.php(392): CodeIgniter\Database\BaseBuilder->delete()
#5 D:\Projeto\www\CentroIntegradoPesquisa\system\BaseModel.php(1025): CodeIgniter\Model->doDelete(Array, false)
#6 D:\Projeto\www\CentroIntegradoPesquisa\app\Helpers\sisdoc_forms_helper.php(152): CodeIgniter\BaseModel->delete(Array)
#7 D:\Projeto\www\CentroIntegradoPesquisa\app\Models\LattesGroups.php(75): form_del(Object(App\Models\LattesGroupsMembers))
#8 D:\Projeto\www\CentroIntegradoPesquisa\app\Models\LattesExtrator.php(75): App\Models\LattesGroups->index(Array, '9', 'deletegp', '1', '')
#9 D:\Projeto\www\CentroIntegradoPesquisa\app\Controllers\Main.php(52): App\Models\LattesExtrator->index(Array, 'groups', 'deletegp', '9', '1', '')
#10 D:\Projeto\www\CentroIntegradoPesquisa\system\CodeIgniter.php(928): App\Controllers\Main->lattes('groups', 'deletegp', '9', '1')
#11 D:\Projeto\www\CentroIntegradoPesquisa\system\CodeIgniter.php(436): CodeIgniter\CodeIgniter->runController(Object(App\Controllers\Main))
#12 D:\Projeto\www\CentroIntegradoPesquisa\system\CodeIgniter.php(336): CodeIgniter\CodeIgniter->handleRequest(NULL, Object(Config\Cache), false)
#13 D:\Projeto\www\CentroIntegradoPesquisa\public\index.php(37): CodeIgniter\CodeIgniter->run()
#14 D:\Projeto\www\CentroIntegradoPesquisa\system\Commands\Server\rewrite.php(45): require_once('D:\\Projeto\\www\\...')
#15 {main}
ERROR - 2021-06-27 14:27:34 --> Unknown column 'id' in 'where clause'
CRITICAL - 2021-06-27 14:27:34 --> Unknown column 'id' in 'where clause'
#0 D:\Projeto\www\CentroIntegradoPesquisa\system\Database\MySQLi\Connection.php(329): mysqli->query('DELETE FROM `la...')
#1 D:\Projeto\www\CentroIntegradoPesquisa\system\Database\BaseConnection.php(732): CodeIgniter\Database\MySQLi\Connection->execute('DELETE FROM `la...')
#2 D:\Projeto\www\CentroIntegradoPesquisa\system\Database\BaseConnection.php(647): CodeIgniter\Database\BaseConnection->simpleQuery('DELETE FROM `la...')
#3 D:\Projeto\www\CentroIntegradoPesquisa\system\Database\BaseBuilder.php(2881): CodeIgniter\Database\BaseConnection->query('DELETE FROM `la...', Array, false)
#4 D:\Projeto\www\CentroIntegradoPesquisa\system\Model.php(392): CodeIgniter\Database\BaseBuilder->delete()
#5 D:\Projeto\www\CentroIntegradoPesquisa\system\BaseModel.php(1025): CodeIgniter\Model->doDelete(Array, false)
#6 D:\Projeto\www\CentroIntegradoPesquisa\app\Helpers\sisdoc_forms_helper.php(152): CodeIgniter\BaseModel->delete(Array)
#7 D:\Projeto\www\CentroIntegradoPesquisa\app\Models\LattesGroups.php(75): form_del(Object(App\Models\LattesGroupsMembers))
#8 D:\Projeto\www\CentroIntegradoPesquisa\app\Models\LattesExtrator.php(75): App\Models\LattesGroups->index(Array, '9', 'deletegp', '1', '')
#9 D:\Projeto\www\CentroIntegradoPesquisa\app\Controllers\Main.php(52): App\Models\LattesExtrator->index(Array, 'groups', 'deletegp', '9', '1', '')
#10 D:\Projeto\www\CentroIntegradoPesquisa\system\CodeIgniter.php(928): App\Controllers\Main->lattes('groups', 'deletegp', '9', '1')
#11 D:\Projeto\www\CentroIntegradoPesquisa\system\CodeIgniter.php(436): CodeIgniter\CodeIgniter->runController(Object(App\Controllers\Main))
#12 D:\Projeto\www\CentroIntegradoPesquisa\system\CodeIgniter.php(336): CodeIgniter\CodeIgniter->handleRequest(NULL, Object(Config\Cache), false)
#13 D:\Projeto\www\CentroIntegradoPesquisa\public\index.php(37): CodeIgniter\CodeIgniter->run()
#14 D:\Projeto\www\CentroIntegradoPesquisa\system\Commands\Server\rewrite.php(45): require_once('D:\\Projeto\\www\\...')
#15 {main}
ERROR - 2021-06-27 14:28:20 --> Unknown column 'id' in 'where clause'
CRITICAL - 2021-06-27 14:28:20 --> Unknown column 'id' in 'where clause'
#0 D:\Projeto\www\CentroIntegradoPesquisa\system\Database\MySQLi\Connection.php(329): mysqli->query('DELETE FROM `la...')
#1 D:\Projeto\www\CentroIntegradoPesquisa\system\Database\BaseConnection.php(732): CodeIgniter\Database\MySQLi\Connection->execute('DELETE FROM `la...')
#2 D:\Projeto\www\CentroIntegradoPesquisa\system\Database\BaseConnection.php(647): CodeIgniter\Database\BaseConnection->simpleQuery('DELETE FROM `la...')
#3 D:\Projeto\www\CentroIntegradoPesquisa\system\Database\BaseBuilder.php(2881): CodeIgniter\Database\BaseConnection->query('DELETE FROM `la...', Array, false)
#4 D:\Projeto\www\CentroIntegradoPesquisa\system\Model.php(392): CodeIgniter\Database\BaseBuilder->delete()
#5 D:\Projeto\www\CentroIntegradoPesquisa\system\BaseModel.php(1025): CodeIgniter\Model->doDelete(Array, false)
#6 D:\Projeto\www\CentroIntegradoPesquisa\app\Models\LattesGroups.php(75): CodeIgniter\BaseModel->delete(Array)
#7 D:\Projeto\www\CentroIntegradoPesquisa\app\Models\LattesExtrator.php(75): App\Models\LattesGroups->index(Array, '9', 'deletegp', '1', '')
#8 D:\Projeto\www\CentroIntegradoPesquisa\app\Controllers\Main.php(52): App\Models\LattesExtrator->index(Array, 'groups', 'deletegp', '9', '1', '')
#9 D:\Projeto\www\CentroIntegradoPesquisa\system\CodeIgniter.php(928): App\Controllers\Main->lattes('groups', 'deletegp', '9', '1')
#10 D:\Projeto\www\CentroIntegradoPesquisa\system\CodeIgniter.php(436): CodeIgniter\CodeIgniter->runController(Object(App\Controllers\Main))
#11 D:\Projeto\www\CentroIntegradoPesquisa\system\CodeIgniter.php(336): CodeIgniter\CodeIgniter->handleRequest(NULL, Object(Config\Cache), false)
#12 D:\Projeto\www\CentroIntegradoPesquisa\public\index.php(37): CodeIgniter\CodeIgniter->run()
#13 D:\Projeto\www\CentroIntegradoPesquisa\system\Commands\Server\rewrite.php(45): require_once('D:\\Projeto\\www\\...')
#14 {main}
ERROR - 2021-06-27 14:29:20 --> Unknown column 'id' in 'where clause'
CRITICAL - 2021-06-27 14:29:20 --> Unknown column 'id' in 'where clause'
#0 D:\Projeto\www\CentroIntegradoPesquisa\system\Database\MySQLi\Connection.php(329): mysqli->query('DELETE FROM `la...')
#1 D:\Projeto\www\CentroIntegradoPesquisa\system\Database\BaseConnection.php(732): CodeIgniter\Database\MySQLi\Connection->execute('DELETE FROM `la...')
#2 D:\Projeto\www\CentroIntegradoPesquisa\system\Database\BaseConnection.php(647): CodeIgniter\Database\BaseConnection->simpleQuery('DELETE FROM `la...')
#3 D:\Projeto\www\CentroIntegradoPesquisa\system\Database\BaseBuilder.php(2881): CodeIgniter\Database\BaseConnection->query('DELETE FROM `la...', Array, false)
#4 D:\Projeto\www\CentroIntegradoPesquisa\system\Model.php(392): CodeIgniter\Database\BaseBuilder->delete()
#5 D:\Projeto\www\CentroIntegradoPesquisa\system\BaseModel.php(1025): CodeIgniter\Model->doDelete(Array, false)
#6 D:\Projeto\www\CentroIntegradoPesquisa\app\Models\LattesGroups.php(75): CodeIgniter\BaseModel->delete(Array)
#7 D:\Projeto\www\CentroIntegradoPesquisa\app\Models\LattesExtrator.php(75): App\Models\LattesGroups->index(Array, '9', 'deletegp', '1', '')
#8 D:\Projeto\www\CentroIntegradoPesquisa\app\Controllers\Main.php(52): App\Models\LattesExtrator->index(Array, 'groups', 'deletegp', '9', '1', '')
#9 D:\Projeto\www\CentroIntegradoPesquisa\system\CodeIgniter.php(928): App\Controllers\Main->lattes('groups', 'deletegp', '9', '1')
#10 D:\Projeto\www\CentroIntegradoPesquisa\system\CodeIgniter.php(436): CodeIgniter\CodeIgniter->runController(Object(App\Controllers\Main))
#11 D:\Projeto\www\CentroIntegradoPesquisa\system\CodeIgniter.php(336): CodeIgniter\CodeIgniter->handleRequest(NULL, Object(Config\Cache), false)
#12 D:\Projeto\www\CentroIntegradoPesquisa\public\index.php(37): CodeIgniter\CodeIgniter->run()
#13 D:\Projeto\www\CentroIntegradoPesquisa\system\Commands\Server\rewrite.php(45): require_once('D:\\Projeto\\www\\...')
#14 {main}
ERROR - 2021-06-27 14:29:21 --> Unknown column 'id' in 'where clause'
CRITICAL - 2021-06-27 14:29:21 --> Unknown column 'id' in 'where clause'
#0 D:\Projeto\www\CentroIntegradoPesquisa\system\Database\MySQLi\Connection.php(329): mysqli->query('DELETE FROM `la...')
#1 D:\Projeto\www\CentroIntegradoPesquisa\system\Database\BaseConnection.php(732): CodeIgniter\Database\MySQLi\Connection->execute('DELETE FROM `la...')
#2 D:\Projeto\www\CentroIntegradoPesquisa\system\Database\BaseConnection.php(647): CodeIgniter\Database\BaseConnection->simpleQuery('DELETE FROM `la...')
#3 D:\Projeto\www\CentroIntegradoPesquisa\system\Database\BaseBuilder.php(2881): CodeIgniter\Database\BaseConnection->query('DELETE FROM `la...', Array, false)
#4 D:\Projeto\www\CentroIntegradoPesquisa\system\Model.php(392): CodeIgniter\Database\BaseBuilder->delete()
#5 D:\Projeto\www\CentroIntegradoPesquisa\system\BaseModel.php(1025): CodeIgniter\Model->doDelete(Array, false)
#6 D:\Projeto\www\CentroIntegradoPesquisa\app\Models\LattesGroups.php(75): CodeIgniter\BaseModel->delete(Array)
#7 D:\Projeto\www\CentroIntegradoPesquisa\app\Models\LattesExtrator.php(75): App\Models\LattesGroups->index(Array, '9', 'deletegp', '1', '')
#8 D:\Projeto\www\CentroIntegradoPesquisa\app\Controllers\Main.php(52): App\Models\LattesExtrator->index(Array, 'groups', 'deletegp', '9', '1', '')
#9 D:\Projeto\www\CentroIntegradoPesquisa\system\CodeIgniter.php(928): App\Controllers\Main->lattes('groups', 'deletegp', '9', '1')
#10 D:\Projeto\www\CentroIntegradoPesquisa\system\CodeIgniter.php(436): CodeIgniter\CodeIgniter->runController(Object(App\Controllers\Main))
#11 D:\Projeto\www\CentroIntegradoPesquisa\system\CodeIgniter.php(336): CodeIgniter\CodeIgniter->handleRequest(NULL, Object(Config\Cache), false)
#12 D:\Projeto\www\CentroIntegradoPesquisa\public\index.php(37): CodeIgniter\CodeIgniter->run()
#13 D:\Projeto\www\CentroIntegradoPesquisa\system\Commands\Server\rewrite.php(45): require_once('D:\\Projeto\\www\\...')
#14 {main}
ERROR - 2021-06-27 14:30:56 --> Unknown column 'id' in 'where clause'
CRITICAL - 2021-06-27 14:30:56 --> Unknown column 'id' in 'where clause'
#0 D:\Projeto\www\CentroIntegradoPesquisa\system\Database\MySQLi\Connection.php(329): mysqli->query('DELETE FROM `la...')
#1 D:\Projeto\www\CentroIntegradoPesquisa\system\Database\BaseConnection.php(732): CodeIgniter\Database\MySQLi\Connection->execute('DELETE FROM `la...')
#2 D:\Projeto\www\CentroIntegradoPesquisa\system\Database\BaseConnection.php(647): CodeIgniter\Database\BaseConnection->simpleQuery('DELETE FROM `la...')
#3 D:\Projeto\www\CentroIntegradoPesquisa\system\Database\BaseBuilder.php(2881): CodeIgniter\Database\BaseConnection->query('DELETE FROM `la...', Array, false)
#4 D:\Projeto\www\CentroIntegradoPesquisa\system\Model.php(392): CodeIgniter\Database\BaseBuilder->delete()
#5 D:\Projeto\www\CentroIntegradoPesquisa\system\BaseModel.php(1025): CodeIgniter\Model->doDelete(Array, false)
#6 D:\Projeto\www\CentroIntegradoPesquisa\app\Models\LattesGroups.php(74): CodeIgniter\BaseModel->delete(Array)
#7 D:\Projeto\www\CentroIntegradoPesquisa\app\Models\LattesExtrator.php(75): App\Models\LattesGroups->index(Array, '9', 'deletegp', '1', '')
#8 D:\Projeto\www\CentroIntegradoPesquisa\app\Controllers\Main.php(52): App\Models\LattesExtrator->index(Array, 'groups', 'deletegp', '9', '1', '')
#9 D:\Projeto\www\CentroIntegradoPesquisa\system\CodeIgniter.php(928): App\Controllers\Main->lattes('groups', 'deletegp', '9', '1')
#10 D:\Projeto\www\CentroIntegradoPesquisa\system\CodeIgniter.php(436): CodeIgniter\CodeIgniter->runController(Object(App\Controllers\Main))
#11 D:\Projeto\www\CentroIntegradoPesquisa\system\CodeIgniter.php(336): CodeIgniter\CodeIgniter->handleRequest(NULL, Object(Config\Cache), false)
#12 D:\Projeto\www\CentroIntegradoPesquisa\public\index.php(37): CodeIgniter\CodeIgniter->run()
#13 D:\Projeto\www\CentroIntegradoPesquisa\system\Commands\Server\rewrite.php(45): require_once('D:\\Projeto\\www\\...')
#14 {main}
ERROR - 2021-06-27 14:31:55 --> Unknown column 'id' in 'where clause'
CRITICAL - 2021-06-27 14:31:55 --> Unknown column 'id' in 'where clause'
#0 D:\Projeto\www\CentroIntegradoPesquisa\system\Database\MySQLi\Connection.php(329): mysqli->query('DELETE FROM `la...')
#1 D:\Projeto\www\CentroIntegradoPesquisa\system\Database\BaseConnection.php(732): CodeIgniter\Database\MySQLi\Connection->execute('DELETE FROM `la...')
#2 D:\Projeto\www\CentroIntegradoPesquisa\system\Database\BaseConnection.php(647): CodeIgniter\Database\BaseConnection->simpleQuery('DELETE FROM `la...')
#3 D:\Projeto\www\CentroIntegradoPesquisa\system\Database\BaseBuilder.php(2881): CodeIgniter\Database\BaseConnection->query('DELETE FROM `la...', Array, false)
#4 D:\Projeto\www\CentroIntegradoPesquisa\system\Model.php(392): CodeIgniter\Database\BaseBuilder->delete()
#5 D:\Projeto\www\CentroIntegradoPesquisa\system\BaseModel.php(1025): CodeIgniter\Model->doDelete(Array, false)
#6 D:\Projeto\www\CentroIntegradoPesquisa\app\Models\LattesGroupsMembers.php(90): CodeIgniter\BaseModel->delete(Array)
#7 D:\Projeto\www\CentroIntegradoPesquisa\app\Models\LattesGroups.php(74): App\Models\LattesGroupsMembers->del('9')
#8 D:\Projeto\www\CentroIntegradoPesquisa\app\Models\LattesExtrator.php(75): App\Models\LattesGroups->index(Array, '9', 'deletegp', '1', '')
#9 D:\Projeto\www\CentroIntegradoPesquisa\app\Controllers\Main.php(52): App\Models\LattesExtrator->index(Array, 'groups', 'deletegp', '9', '1', '')
#10 D:\Projeto\www\CentroIntegradoPesquisa\system\CodeIgniter.php(928): App\Controllers\Main->lattes('groups', 'deletegp', '9', '1')
#11 D:\Projeto\www\CentroIntegradoPesquisa\system\CodeIgniter.php(436): CodeIgniter\CodeIgniter->runController(Object(App\Controllers\Main))
#12 D:\Projeto\www\CentroIntegradoPesquisa\system\CodeIgniter.php(336): CodeIgniter\CodeIgniter->handleRequest(NULL, Object(Config\Cache), false)
#13 D:\Projeto\www\CentroIntegradoPesquisa\public\index.php(37): CodeIgniter\CodeIgniter->run()
#14 D:\Projeto\www\CentroIntegradoPesquisa\system\Commands\Server\rewrite.php(45): require_once('D:\\Projeto\\www\\...')
#15 {main}
CRITICAL - 2021-06-27 14:33:07 --> Object of class CodeIgniter\HTTP\RedirectResponse could not be converted to string
#0 D:\Projeto\www\CentroIntegradoPesquisa\app\Models\LattesExtrator.php(75): App\Models\LattesGroups->index(Array, '9', 'deletegp', '1', '')
#1 D:\Projeto\www\CentroIntegradoPesquisa\app\Controllers\Main.php(52): App\Models\LattesExtrator->index(Array, 'groups', 'deletegp', '9', '1', '')
#2 D:\Projeto\www\CentroIntegradoPesquisa\system\CodeIgniter.php(928): App\Controllers\Main->lattes('groups', 'deletegp', '9', '1')
#3 D:\Projeto\www\CentroIntegradoPesquisa\system\CodeIgniter.php(436): CodeIgniter\CodeIgniter->runController(Object(App\Controllers\Main))
#4 D:\Projeto\www\CentroIntegradoPesquisa\system\CodeIgniter.php(336): CodeIgniter\CodeIgniter->handleRequest(NULL, Object(Config\Cache), false)
#5 D:\Projeto\www\CentroIntegradoPesquisa\public\index.php(37): CodeIgniter\CodeIgniter->run()
#6 D:\Projeto\www\CentroIntegradoPesquisa\system\Commands\Server\rewrite.php(45): require_once('D:\\Projeto\\www\\...')
#7 {main}
CRITICAL - 2021-06-27 14:33:24 --> Object of class CodeIgniter\HTTP\RedirectResponse could not be converted to string
#0 D:\Projeto\www\CentroIntegradoPesquisa\app\Controllers\Main.php(52): App\Models\LattesExtrator->index(Array, 'groups', 'deletegp', '9', '1', '')
#1 D:\Projeto\www\CentroIntegradoPesquisa\system\CodeIgniter.php(928): App\Controllers\Main->lattes('groups', 'deletegp', '9', '1')
#2 D:\Projeto\www\CentroIntegradoPesquisa\system\CodeIgniter.php(436): CodeIgniter\CodeIgniter->runController(Object(App\Controllers\Main))
#3 D:\Projeto\www\CentroIntegradoPesquisa\system\CodeIgniter.php(336): CodeIgniter\CodeIgniter->handleRequest(NULL, Object(Config\Cache), false)
#4 D:\Projeto\www\CentroIntegradoPesquisa\public\index.php(37): CodeIgniter\CodeIgniter->run()
#5 D:\Projeto\www\CentroIntegradoPesquisa\system\Commands\Server\rewrite.php(45): require_once('D:\\Projeto\\www\\...')
#6 {main}
CRITICAL - 2021-06-27 14:34:22 --> Object of class CodeIgniter\HTTP\RedirectResponse could not be converted to string
#0 D:\Projeto\www\CentroIntegradoPesquisa\app\Models\LattesExtrator.php(75): App\Models\LattesGroups->index(Array, '9', 'deletegp', '1', '')
#1 D:\Projeto\www\CentroIntegradoPesquisa\app\Controllers\Main.php(52): App\Models\LattesExtrator->index(Array, 'groups', 'deletegp', '9', '1', '')
#2 D:\Projeto\www\CentroIntegradoPesquisa\system\CodeIgniter.php(928): App\Controllers\Main->lattes('groups', 'deletegp', '9', '1')
#3 D:\Projeto\www\CentroIntegradoPesquisa\system\CodeIgniter.php(436): CodeIgniter\CodeIgniter->runController(Object(App\Controllers\Main))
#4 D:\Projeto\www\CentroIntegradoPesquisa\system\CodeIgniter.php(336): CodeIgniter\CodeIgniter->handleRequest(NULL, Object(Config\Cache), false)
#5 D:\Projeto\www\CentroIntegradoPesquisa\public\index.php(37): CodeIgniter\CodeIgniter->run()
#6 D:\Projeto\www\CentroIntegradoPesquisa\system\Commands\Server\rewrite.php(45): require_once('D:\\Projeto\\www\\...')
#7 {main}
CRITICAL - 2021-06-27 14:35:19 --> Object of class CodeIgniter\HTTP\RedirectResponse could not be converted to string
#0 D:\Projeto\www\CentroIntegradoPesquisa\app\Models\LattesExtrator.php(75): App\Models\LattesGroups->index(Array, '9', 'deletegp', '1', '')
#1 D:\Projeto\www\CentroIntegradoPesquisa\app\Controllers\Main.php(52): App\Models\LattesExtrator->index(Array, 'groups', 'deletegp', '9', '1', '')
#2 D:\Projeto\www\CentroIntegradoPesquisa\system\CodeIgniter.php(928): App\Controllers\Main->lattes('groups', 'deletegp', '9', '1')
#3 D:\Projeto\www\CentroIntegradoPesquisa\system\CodeIgniter.php(436): CodeIgniter\CodeIgniter->runController(Object(App\Controllers\Main))
#4 D:\Projeto\www\CentroIntegradoPesquisa\system\CodeIgniter.php(336): CodeIgniter\CodeIgniter->handleRequest(NULL, Object(Config\Cache), false)
#5 D:\Projeto\www\CentroIntegradoPesquisa\public\index.php(37): CodeIgniter\CodeIgniter->run()
#6 D:\Projeto\www\CentroIntegradoPesquisa\system\Commands\Server\rewrite.php(45): require_once('D:\\Projeto\\www\\...')
#7 {main}
CRITICAL - 2021-06-27 14:36:04 --> Object of class CodeIgniter\HTTP\RedirectResponse could not be converted to string
#0 D:\Projeto\www\CentroIntegradoPesquisa\app\Models\LattesExtrator.php(75): App\Models\LattesGroups->index(Array, '9', 'deletegp', '1', '')
#1 D:\Projeto\www\CentroIntegradoPesquisa\app\Controllers\Main.php(52): App\Models\LattesExtrator->index(Array, 'groups', 'deletegp', '9', '1', '')
#2 D:\Projeto\www\CentroIntegradoPesquisa\system\CodeIgniter.php(928): App\Controllers\Main->lattes('groups', 'deletegp', '9', '1')
#3 D:\Projeto\www\CentroIntegradoPesquisa\system\CodeIgniter.php(436): CodeIgniter\CodeIgniter->runController(Object(App\Controllers\Main))
#4 D:\Projeto\www\CentroIntegradoPesquisa\system\CodeIgniter.php(336): CodeIgniter\CodeIgniter->handleRequest(NULL, Object(Config\Cache), false)
#5 D:\Projeto\www\CentroIntegradoPesquisa\public\index.php(37): CodeIgniter\CodeIgniter->run()
#6 D:\Projeto\www\CentroIntegradoPesquisa\system\Commands\Server\rewrite.php(45): require_once('D:\\Projeto\\www\\...')
#7 {main}
CRITICAL - 2021-06-27 14:37:19 --> Object of class CodeIgniter\HTTP\RedirectResponse could not be converted to string
#0 D:\Projeto\www\CentroIntegradoPesquisa\app\Controllers\Main.php(52): App\Models\LattesExtrator->index(Array, 'groups', 'deletegp', '8', '1', '')
#1 D:\Projeto\www\CentroIntegradoPesquisa\system\CodeIgniter.php(928): App\Controllers\Main->lattes('groups', 'deletegp', '8', '1')
#2 D:\Projeto\www\CentroIntegradoPesquisa\system\CodeIgniter.php(436): CodeIgniter\CodeIgniter->runController(Object(App\Controllers\Main))
#3 D:\Projeto\www\CentroIntegradoPesquisa\system\CodeIgniter.php(336): CodeIgniter\CodeIgniter->handleRequest(NULL, Object(Config\Cache), false)
#4 D:\Projeto\www\CentroIntegradoPesquisa\public\index.php(37): CodeIgniter\CodeIgniter->run()
#5 D:\Projeto\www\CentroIntegradoPesquisa\system\Commands\Server\rewrite.php(45): require_once('D:\\Projeto\\www\\...')
#6 {main}
CRITICAL - 2021-06-27 14:40:19 --> Object of class CodeIgniter\HTTP\RedirectResponse could not be converted to string
#0 D:\Projeto\www\CentroIntegradoPesquisa\app\Controllers\Main.php(52): App\Models\LattesExtrator->index(Array, 'groups', 'deletegp', '8', '1', '')
#1 D:\Projeto\www\CentroIntegradoPesquisa\system\CodeIgniter.php(928): App\Controllers\Main->lattes('groups', 'deletegp', '8', '1')
#2 D:\Projeto\www\CentroIntegradoPesquisa\system\CodeIgniter.php(436): CodeIgniter\CodeIgniter->runController(Object(App\Controllers\Main))
#3 D:\Projeto\www\CentroIntegradoPesquisa\system\CodeIgniter.php(336): CodeIgniter\CodeIgniter->handleRequest(NULL, Object(Config\Cache), false)
#4 D:\Projeto\www\CentroIntegradoPesquisa\public\index.php(37): CodeIgniter\CodeIgniter->run()
#5 D:\Projeto\www\CentroIntegradoPesquisa\system\Commands\Server\rewrite.php(45): require_once('D:\\Projeto\\www\\...')
#6 {main}
CRITICAL - 2021-06-27 14:41:45 --> Object of class CodeIgniter\HTTP\RedirectResponse could not be converted to string
#0 D:\Projeto\www\CentroIntegradoPesquisa\app\Controllers\Main.php(52): App\Models\LattesExtrator->index(Array, 'groups', 'deletegp', '8', '1', '')
#1 D:\Projeto\www\CentroIntegradoPesquisa\system\CodeIgniter.php(928): App\Controllers\Main->lattes('groups', 'deletegp', '8', '1')
#2 D:\Projeto\www\CentroIntegradoPesquisa\system\CodeIgniter.php(436): CodeIgniter\CodeIgniter->runController(Object(App\Controllers\Main))
#3 D:\Projeto\www\CentroIntegradoPesquisa\system\CodeIgniter.php(336): CodeIgniter\CodeIgniter->handleRequest(NULL, Object(Config\Cache), false)
#4 D:\Projeto\www\CentroIntegradoPesquisa\public\index.php(37): CodeIgniter\CodeIgniter->run()
#5 D:\Projeto\www\CentroIntegradoPesquisa\system\Commands\Server\rewrite.php(45): require_once('D:\\Projeto\\www\\...')
#6 {main}
CRITICAL - 2021-06-27 14:42:55 --> Object of class CodeIgniter\HTTP\RedirectResponse could not be converted to string
#0 D:\Projeto\www\CentroIntegradoPesquisa\app\Controllers\Main.php(52): App\Models\LattesExtrator->index(Array, 'groups', 'deletegp', '8', '1', '')
#1 D:\Projeto\www\CentroIntegradoPesquisa\system\CodeIgniter.php(928): App\Controllers\Main->lattes('groups', 'deletegp', '8', '1')
#2 D:\Projeto\www\CentroIntegradoPesquisa\system\CodeIgniter.php(436): CodeIgniter\CodeIgniter->runController(Object(App\Controllers\Main))
#3 D:\Projeto\www\CentroIntegradoPesquisa\system\CodeIgniter.php(336): CodeIgniter\CodeIgniter->handleRequest(NULL, Object(Config\Cache), false)
#4 D:\Projeto\www\CentroIntegradoPesquisa\public\index.php(37): CodeIgniter\CodeIgniter->run()
#5 D:\Projeto\www\CentroIntegradoPesquisa\system\Commands\Server\rewrite.php(45): require_once('D:\\Projeto\\www\\...')
#6 {main}
CRITICAL - 2021-06-27 14:43:47 --> Object of class CodeIgniter\HTTP\RedirectResponse could not be converted to string
#0 D:\Projeto\www\CentroIntegradoPesquisa\app\Controllers\Main.php(52): App\Models\LattesExtrator->index(Array, 'groups', 'deletegp', '8', '1', '')
#1 D:\Projeto\www\CentroIntegradoPesquisa\system\CodeIgniter.php(928): App\Controllers\Main->lattes('groups', 'deletegp', '8', '1')
#2 D:\Projeto\www\CentroIntegradoPesquisa\system\CodeIgniter.php(436): CodeIgniter\CodeIgniter->runController(Object(App\Controllers\Main))
#3 D:\Projeto\www\CentroIntegradoPesquisa\system\CodeIgniter.php(336): CodeIgniter\CodeIgniter->handleRequest(NULL, Object(Config\Cache), false)
#4 D:\Projeto\www\CentroIntegradoPesquisa\public\index.php(37): CodeIgniter\CodeIgniter->run()
#5 D:\Projeto\www\CentroIntegradoPesquisa\system\Commands\Server\rewrite.php(45): require_once('D:\\Projeto\\www\\...')
#6 {main}
CRITICAL - 2021-06-27 14:43:58 --> Object of class CodeIgniter\HTTP\RedirectResponse could not be converted to string
#0 D:\Projeto\www\CentroIntegradoPesquisa\app\Controllers\Main.php(53): App\Models\LattesExtrator->index(Array, 'groups', 'deletegp', '8', '1', '')
#1 D:\Projeto\www\CentroIntegradoPesquisa\system\CodeIgniter.php(928): App\Controllers\Main->lattes('groups', 'deletegp', '8', '1')
#2 D:\Projeto\www\CentroIntegradoPesquisa\system\CodeIgniter.php(436): CodeIgniter\CodeIgniter->runController(Object(App\Controllers\Main))
#3 D:\Projeto\www\CentroIntegradoPesquisa\system\CodeIgniter.php(336): CodeIgniter\CodeIgniter->handleRequest(NULL, Object(Config\Cache), false)
#4 D:\Projeto\www\CentroIntegradoPesquisa\public\index.php(37): CodeIgniter\CodeIgniter->run()
#5 D:\Projeto\www\CentroIntegradoPesquisa\system\Commands\Server\rewrite.php(45): require_once('D:\\Projeto\\www\\...')
#6 {main}
CRITICAL - 2021-06-27 14:52:13 --> Object of class CodeIgniter\HTTP\RedirectResponse could not be converted to string
#0 D:\Projeto\www\CentroIntegradoPesquisa\app\Controllers\Main.php(52): App\Models\LattesExtrator->index(Array, 'groups', 'viewid', '1', 'delete', '6')
#1 D:\Projeto\www\CentroIntegradoPesquisa\system\CodeIgniter.php(928): App\Controllers\Main->lattes('groups', 'viewid', '1', 'delete', '6')
#2 D:\Projeto\www\CentroIntegradoPesquisa\system\CodeIgniter.php(436): CodeIgniter\CodeIgniter->runController(Object(App\Controllers\Main))
#3 D:\Projeto\www\CentroIntegradoPesquisa\system\CodeIgniter.php(336): CodeIgniter\CodeIgniter->handleRequest(NULL, Object(Config\Cache), false)
#4 D:\Projeto\www\CentroIntegradoPesquisa\public\index.php(37): CodeIgniter\CodeIgniter->run()
#5 D:\Projeto\www\CentroIntegradoPesquisa\system\Commands\Server\rewrite.php(45): require_once('D:\\Projeto\\www\\...')
#6 {main}
CRITICAL - 2021-06-27 15:04:34 --> Undefined index: lgm_groups
#0 D:\Projeto\www\CentroIntegradoPesquisa\app\Models\LattesGroupsMembers.php(74): CodeIgniter\Debug\Exceptions->errorHandler(8, 'Undefined index...', 'D:\\Projeto\\www\\...', 74, Array)
#1 D:\Projeto\www\CentroIntegradoPesquisa\app\Models\LattesGroups.php(77): App\Models\LattesGroupsMembers->members('2')
#2 D:\Projeto\www\CentroIntegradoPesquisa\app\Models\LattesExtrator.php(76): App\Models\LattesGroups->index(Array, '2', 'members_gr', '', '')
#3 D:\Projeto\www\CentroIntegradoPesquisa\app\Controllers\Main.php(52): App\Models\LattesExtrator->index(Array, 'groups', 'members_gr', '2', '', '')
#4 D:\Projeto\www\CentroIntegradoPesquisa\system\CodeIgniter.php(928): App\Controllers\Main->lattes('groups', 'members_gr', '2')
#5 D:\Projeto\www\CentroIntegradoPesquisa\system\CodeIgniter.php(436): CodeIgniter\CodeIgniter->runController(Object(App\Controllers\Main))
#6 D:\Projeto\www\CentroIntegradoPesquisa\system\CodeIgniter.php(336): CodeIgniter\CodeIgniter->handleRequest(NULL, Object(Config\Cache), false)
#7 D:\Projeto\www\CentroIntegradoPesquisa\public\index.php(37): CodeIgniter\CodeIgniter->run()
#8 D:\Projeto\www\CentroIntegradoPesquisa\system\Commands\Server\rewrite.php(45): require_once('D:\\Projeto\\www\\...')
#9 {main}
